<!DOCTYPE html>

<html>
  <head>
  <title>TestNG reports</title>

    <link type="text/css" href="testng-reports.css" rel="stylesheet" />  
    <script type="text/javascript" src="jquery-1.7.1.min.js"></script>
    <script type="text/javascript" src="testng-reports.js"></script>
    <script type="text/javascript" src="https://www.google.com/jsapi"></script>
    <script type='text/javascript'>
      google.load('visualization', '1', {packages:['table']});
      google.setOnLoadCallback(drawTable);
      var suiteTableInitFunctions = new Array();
      var suiteTableData = new Array();
    </script>
    <!--
      <script type="text/javascript" src="jquery-ui/js/jquery-ui-1.8.16.custom.min.js"></script>
     -->
  </head>

  <body>
    <div class="top-banner-root">
      <span class="top-banner-title-font">Test results</span>
      <br/>
      <span class="top-banner-font-1">1 suite, 8 failed tests</span>
    </div> <!-- top-banner-root -->
    <div class="navigator-root">
      <div class="navigator-suite-header">
        <span>All suites</span>
        <a href="#" class="collapse-all-link" title="Collapse/expand all the suites">
          <img class="collapse-all-icon" src="collapseall.gif">
          </img> <!-- collapse-all-icon -->
        </a> <!-- collapse-all-link -->
      </div> <!-- navigator-suite-header -->
      <div class="suite">
        <div class="rounded-window">
          <div class="suite-header light-rounded-window-top">
            <a href="#" class="navigator-link" panel-name="suite-SupplierSuite">
              <span class="suite-name border-failed">SupplierSuite</span>
            </a> <!-- navigator-link -->
          </div> <!-- suite-header light-rounded-window-top -->
          <div class="navigator-suite-content">
            <div class="suite-section-title">
              <span>Info</span>
            </div> <!-- suite-section-title -->
            <div class="suite-section-content">
              <ul>
                <li>
                  <a href="#" class="navigator-link " panel-name="test-xml-SupplierSuite">
                    <span>C:\Eclipse Mars 4.5.2\eclipse\@user.home\Eclipse Mars\Workspace\Smoke.Suite.CustomerInterface\src\test\java\testng.xml</span>
                  </a> <!-- navigator-link  -->
                </li>
                <li>
                  <a href="#" class="navigator-link " panel-name="testlist-SupplierSuite">
                    <span class="test-stats">25 tests</span>
                  </a> <!-- navigator-link  -->
                </li>
                <li>
                  <a href="#" class="navigator-link " panel-name="group-SupplierSuite">
                    <span>0 groups</span>
                  </a> <!-- navigator-link  -->
                </li>
                <li>
                  <a href="#" class="navigator-link " panel-name="times-SupplierSuite">
                    <span>Times</span>
                  </a> <!-- navigator-link  -->
                </li>
                <li>
                  <a href="#" class="navigator-link " panel-name="reporter-SupplierSuite">
                    <span>Reporter output</span>
                  </a> <!-- navigator-link  -->
                </li>
                <li>
                  <a href="#" class="navigator-link " panel-name="ignored-methods-SupplierSuite">
                    <span>Ignored methods</span>
                  </a> <!-- navigator-link  -->
                </li>
                <li>
                  <a href="#" class="navigator-link " panel-name="chronological-SupplierSuite">
                    <span>Chronological view</span>
                  </a> <!-- navigator-link  -->
                </li>
              </ul>
            </div> <!-- suite-section-content -->
            <div class="result-section">
              <div class="suite-section-title">
                <span>Results</span>
              </div> <!-- suite-section-title -->
              <div class="suite-section-content">
                <ul>
                  <li>
                    <span class="method-stats">25 methods, 8 failed,   17 passed</span>
                  </li>
                  <li>
                    <span class="method-list-title failed">Failed methods</span>
                    <span class="show-or-hide-methods failed">
                      <a href="#" panel-name="suite-SupplierSuite" class="hide-methods failed suite-SupplierSuite"> (hide)</a> <!-- hide-methods failed suite-SupplierSuite -->
                      <a href="#" panel-name="suite-SupplierSuite" class="show-methods failed suite-SupplierSuite"> (show)</a> <!-- show-methods failed suite-SupplierSuite -->
                    </span>
                    <div class="method-list-content failed suite-SupplierSuite">
                      <span>
                        <img width="3%" src="failed.png"/>
                        <a href="#" class="method navigator-link" panel-name="suite-SupplierSuite" title="Accomodation.Accommodation_Book_Direct_Multi_Room_Outside_Cancellation" hash-for-method="AccommodationBookDirectMultiRoomOutsideCancellation(CH)">AccommodationBookDirectMultiRoomOutsideCancellation(CH)</a> <!-- method navigator-link -->
                      </span>
                      <br/>
                      <span>
                        <img width="3%" src="failed.png"/>
                        <a href="#" class="method navigator-link" panel-name="suite-SupplierSuite" title="Accomodation.Accommodation_Book_Third_Party_Multi_Room_Outside_Cancellation" hash-for-method="AccommodationBookThirdPartyMultiRoomOutsideCancellation(CH)">AccommodationBookThirdPartyMultiRoomOutsideCancellation(CH)</a> <!-- method navigator-link -->
                      </span>
                      <br/>
                      <span>
                        <img width="3%" src="failed.png"/>
                        <a href="#" class="method navigator-link" panel-name="suite-SupplierSuite" title="Accomodation.Accommodation_Book_Third_Party_Room_Outside_Cancellation" hash-for-method="AccommodationBookThirdPartyRoomOutsideCancellation(CH)">AccommodationBookThirdPartyRoomOutsideCancellation(CH)</a> <!-- method navigator-link -->
                      </span>
                      <br/>
                      <span>
                        <img width="3%" src="failed.png"/>
                        <a href="#" class="method navigator-link" panel-name="suite-SupplierSuite" title="Others.Add_Edit_Sub_Customer" hash-for-method="AddEditSubCustomer(CH)">AddEditSubCustomer(CH)</a> <!-- method navigator-link -->
                      </span>
                      <br/>
                      <span>
                        <img width="3%" src="failed.png"/>
                        <a href="#" class="method navigator-link" panel-name="suite-SupplierSuite" title="Tour.Book_Tour" hash-for-method="BookTour(CH)">BookTour(CH)</a> <!-- method navigator-link -->
                      </span>
                      <br/>
                      <span>
                        <img width="3%" src="failed.png"/>
                        <a href="#" class="method navigator-link" panel-name="suite-SupplierSuite" title="Accomodation.Cancel_Booking" hash-for-method="CancelBooking(CH)">CancelBooking(CH)</a> <!-- method navigator-link -->
                      </span>
                      <br/>
                      <span>
                        <img width="3%" src="failed.png"/>
                        <a href="#" class="method navigator-link" panel-name="suite-SupplierSuite" title="Tour.Find_Tour_Booking" hash-for-method="FindTourBooking(CH)">FindTourBooking(CH)</a> <!-- method navigator-link -->
                      </span>
                      <br/>
                      <span>
                        <img width="3%" src="failed.png"/>
                        <a href="#" class="method navigator-link" panel-name="suite-SupplierSuite" title="Others.Register_Credit_Card_Customer" hash-for-method="RegisterCreditCardCustomer(CH)">RegisterCreditCardCustomer(CH)</a> <!-- method navigator-link -->
                      </span>
                      <br/>
                    </div> <!-- method-list-content failed suite-SupplierSuite -->
                  </li>
                  <li>
                    <span class="method-list-title passed">Passed methods</span>
                    <span class="show-or-hide-methods passed">
                      <a href="#" panel-name="suite-SupplierSuite" class="hide-methods passed suite-SupplierSuite"> (hide)</a> <!-- hide-methods passed suite-SupplierSuite -->
                      <a href="#" panel-name="suite-SupplierSuite" class="show-methods passed suite-SupplierSuite"> (show)</a> <!-- show-methods passed suite-SupplierSuite -->
                    </span>
                    <div class="method-list-content passed suite-SupplierSuite">
                      <span>
                        <img width="3%" src="passed.png"/>
                        <a href="#" class="method navigator-link" panel-name="suite-SupplierSuite" title="Accomodation.Accommodation_Book_DOTW_Multi_Room_Outside_Cancellation" hash-for-method="AccommodationBookDOTWMultiRoomOutsideCancellation(CH)">AccommodationBookDOTWMultiRoomOutsideCancellation(CH)</a> <!-- method navigator-link -->
                      </span>
                      <br/>
                      <span>
                        <img width="3%" src="passed.png"/>
                        <a href="#" class="method navigator-link" panel-name="suite-SupplierSuite" title="Accomodation.Accommodation_Book_DOTW_Room_Outside_Cancellation" hash-for-method="AccommodationBookDOTWRoomOutsideCancellation(CH)">AccommodationBookDOTWRoomOutsideCancellation(CH)</a> <!-- method navigator-link -->
                      </span>
                      <br/>
                      <span>
                        <img width="3%" src="passed.png"/>
                        <a href="#" class="method navigator-link" panel-name="suite-SupplierSuite" title="Accomodation.Accommodation_Book_Direct_Room_Outside_Cancellation" hash-for-method="AccommodationBookDirectRoomOutsideCancellation(CH)">AccommodationBookDirectRoomOutsideCancellation(CH)</a> <!-- method navigator-link -->
                      </span>
                      <br/>
                      <span>
                        <img width="3%" src="passed.png"/>
                        <a href="#" class="method navigator-link" panel-name="suite-SupplierSuite" title="Accomodation.Accommodation_Book_Extra_Meal" hash-for-method="AccommodationBookExtraMeal(CH)">AccommodationBookExtraMeal(CH)</a> <!-- method navigator-link -->
                      </span>
                      <br/>
                      <span>
                        <img width="3%" src="passed.png"/>
                        <a href="#" class="method navigator-link" panel-name="suite-SupplierSuite" title="Accomodation.Accomodation_Book_Adult_With_Children" hash-for-method="AccomodationBookAdultWithChildren(CH)">AccomodationBookAdultWithChildren(CH)</a> <!-- method navigator-link -->
                      </span>
                      <br/>
                      <span>
                        <img width="3%" src="passed.png"/>
                        <a href="#" class="method navigator-link" panel-name="suite-SupplierSuite" title="Accomodation.Accomodation_Booking_Documents" hash-for-method="AccomodationBookingDocuments(CH)">AccomodationBookingDocuments(CH)</a> <!-- method navigator-link -->
                      </span>
                      <br/>
                      <span>
                        <img width="3%" src="passed.png"/>
                        <a href="#" class="method navigator-link" panel-name="suite-SupplierSuite" title="Accomodation.Accomodation_Search_With_Filters" hash-for-method="AccomodationSearchWithFilters(CH)">AccomodationSearchWithFilters(CH)</a> <!-- method navigator-link -->
                      </span>
                      <br/>
                      <span>
                        <img width="3%" src="passed.png"/>
                        <a href="#" class="method navigator-link" panel-name="suite-SupplierSuite" title="Accomodation.Amend_Booking" hash-for-method="AmendBooking(CH)">AmendBooking(CH)</a> <!-- method navigator-link -->
                      </span>
                      <br/>
                      <span>
                        <img width="3%" src="passed.png"/>
                        <a href="#" class="method navigator-link" panel-name="suite-SupplierSuite" title="Others.Credit_Card_Customer_Login" hash-for-method="CreditCardCustomerLogin(CH)">CreditCardCustomerLogin(CH)</a> <!-- method navigator-link -->
                      </span>
                      <br/>
                      <span>
                        <img width="3%" src="passed.png"/>
                        <a href="#" class="method navigator-link" panel-name="suite-SupplierSuite" title="Others.Credit_Customer_Login" hash-for-method="CreditCustomerLogin(CH)">CreditCustomerLogin(CH)</a> <!-- method navigator-link -->
                      </span>
                      <br/>
                      <span>
                        <img width="3%" src="passed.png"/>
                        <a href="#" class="method navigator-link" panel-name="suite-SupplierSuite" title="Others.Edit_Profile" hash-for-method="EditProfile(CH)">EditProfile(CH)</a> <!-- method navigator-link -->
                      </span>
                      <br/>
                      <span>
                        <img width="3%" src="passed.png"/>
                        <a href="#" class="method navigator-link" panel-name="suite-SupplierSuite" title="Accomodation.Find_Booking" hash-for-method="FindBooking(CH)">FindBooking(CH)</a> <!-- method navigator-link -->
                      </span>
                      <br/>
                      <span>
                        <img width="3%" src="passed.png"/>
                        <a href="#" class="method navigator-link" panel-name="suite-SupplierSuite" title="Accomodation.Find_Booking_With_Passenger_Name" hash-for-method="FindBookingWithPassengerName(CH)">FindBookingWithPassengerName(CH)</a> <!-- method navigator-link -->
                      </span>
                      <br/>
                      <span>
                        <img width="3%" src="passed.png"/>
                        <a href="#" class="method navigator-link" panel-name="suite-SupplierSuite" title="Others.Inactive_Customer_LogIn" hash-for-method="InactiveCustomerCustomerLogin(CH)">InactiveCustomerCustomerLogin(CH)</a> <!-- method navigator-link -->
                      </span>
                      <br/>
                      <span>
                        <img width="3%" src="passed.png"/>
                        <a href="#" class="method navigator-link" panel-name="suite-SupplierSuite" title="Others.Prepay_Customer_Login" hash-for-method="PrepayCustomerLogin(CH)">PrepayCustomerLogin(CH)</a> <!-- method navigator-link -->
                      </span>
                      <br/>
                      <span>
                        <img width="3%" src="passed.png"/>
                        <a href="#" class="method navigator-link" panel-name="suite-SupplierSuite" title="Tour.Search_Tour" hash-for-method="SearchTour(CH)">SearchTour(CH)</a> <!-- method navigator-link -->
                      </span>
                      <br/>
                      <span>
                        <img width="3%" src="passed.png"/>
                        <a href="#" class="method navigator-link" panel-name="suite-SupplierSuite" title="Others.Supplier_Login" hash-for-method="SupplierLogin(CH)">SupplierLogin(CH)</a> <!-- method navigator-link -->
                      </span>
                      <br/>
                    </div> <!-- method-list-content passed suite-SupplierSuite -->
                  </li>
                </ul>
              </div> <!-- suite-section-content -->
            </div> <!-- result-section -->
          </div> <!-- navigator-suite-content -->
        </div> <!-- rounded-window -->
      </div> <!-- suite -->
    </div> <!-- navigator-root -->
    <div class="wrapper">
      <div class="main-panel-root">
        <div panel-name="suite-SupplierSuite" class="panel SupplierSuite">
          <div class="suite-SupplierSuite-class-failed">
            <div class="main-panel-header rounded-window-top">
              <img src="failed.png"/>
              <span class="class-name">Accomodation.Accommodation_Book_Direct_Multi_Room_Outside_Cancellation</span>
            </div> <!-- main-panel-header rounded-window-top -->
            <div class="main-panel-content rounded-window-bottom">
              <div class="method">
                <div class="method-content">
                  <a name="AccommodationBookDirectMultiRoomOutsideCancellation(CH)">
                  </a> <!-- AccommodationBookDirectMultiRoomOutsideCancellation(CH) -->
                  <span class="method-name">AccommodationBookDirectMultiRoomOutsideCancellation</span>
                  <span class="parameters">(CH)</span>
                  <div class="stack-trace"><b>"java.lang.AssertionError: chrome not reachable
  (Session info: chrome=67.0.3396.79)
  (Driver info: chromedriver=2.35.528161 (5b82f2d2aae0ca24b877009200ced9065a772e73),platform=Windows NT 10.0.15063 x86_64) (WARNING: The server did not provide any stacktrace information)
Command duration or timeout: 4.01 seconds
Build info: version: &apos;2.53.0&apos;, revision: &apos;35ae25b1534ae328c771e0856c93e187490ca824&apos;, time: &apos;2016-03-15 10:43:46&apos;
System info: host: &apos;PC350015&apos;, ip: &apos;172.18.21.21&apos;, os.name: &apos;Windows 10&apos;, os.arch: &apos;amd64&apos;, os.version: &apos;10.0&apos;, java.version: &apos;1.8.0_131&apos;
Driver info: org.openqa.selenium.chrome.ChromeDriver
Capabilities [{applicationCacheEnabled=false, rotatable=false, mobileEmulationEnabled=false, networkConnectionEnabled=false, chrome={chromedriverVersion=2.35.528161 (5b82f2d2aae0ca24b877009200ced9065a772e73), userDataDir=C:\Users\479739\AppData\Local\Temp\scoped_dir22436_26214}, takesHeapSnapshot=true, pageLoadStrategy=normal, databaseEnabled=false, handlesAlerts=true, hasTouchScreen=false, version=67.0.3396.79, platform=XP, browserConnectionEnabled=false, nativeEvents=true, acceptSslCerts=false, acceptInsecureCerts=false, locationContextEnabled=true, webStorageEnabled=true, browserName=chrome, takesScreenshot=true, javascriptEnabled=true, cssSelectorsEnabled=true, setWindowRect=true, unexpectedAlertBehaviour=}]
Session ID: 64b39f68d125262109a4468092a979ab
*** Element info: {Using=xpath, value=//*[@id=&apos;pbcpFirstName1_0&apos;]} expected [true] but found [false]
	at Accomodation.Accommodation_Book_Direct_Multi_Room_Outside_Cancellation.AccommodationBookDirectMultiRoomOutsideCancellation(Accommodation_Book_Direct_Multi_Room_Outside_Cancellation.java:370)
... Removed 27 stack frames<br/> java.lang.AssertionError: chrome not reachable
  (Session info: chrome=67.0.3396.79)
  (Driver info: chromedriver=2.35.528161 (5b82f2d2aae0ca24b877009200ced9065a772e73),platform=Windows NT 10.0.15063 x86_64) (WARNING: The server did not provide any stacktrace information)
Command duration or timeout: 4.01 seconds
Build info: version: &apos;2.53.0&apos;, revision: &apos;35ae25b1534ae328c771e0856c93e187490ca824&apos;, time: &apos;2016-03-15 10:43:46&apos;
System info: host: &apos;PC350015&apos;, ip: &apos;172.18.21.21&apos;, os.name: &apos;Windows 10&apos;, os.arch: &apos;amd64&apos;, os.version: &apos;10.0&apos;, java.version: &apos;1.8.0_131&apos;
Driver info: org.openqa.selenium.chrome.ChromeDriver
Capabilities [{applicationCacheEnabled=false, rotatable=false, mobileEmulationEnabled=false, networkConnectionEnabled=false, chrome={chromedriverVersion=2.35.528161 (5b82f2d2aae0ca24b877009200ced9065a772e73), userDataDir=C:\Users\479739\AppData\Local\Temp\scoped_dir22436_26214}, takesHeapSnapshot=true, pageLoadStrategy=normal, databaseEnabled=false, handlesAlerts=true, hasTouchScreen=false, version=67.0.3396.79, platform=XP, browserConnectionEnabled=false, nativeEvents=true, acceptSslCerts=false, acceptInsecureCerts=false, locationContextEnabled=true, webStorageEnabled=true, browserName=chrome, takesScreenshot=true, javascriptEnabled=true, cssSelectorsEnabled=true, setWindowRect=true, unexpectedAlertBehaviour=}]
Session ID: 64b39f68d125262109a4468092a979ab
*** Element info: {Using=xpath, value=//*[@id=&apos;pbcpFirstName1_0&apos;]} expected [true] but found [false]
	at org.testng.Assert.fail(Assert.java:94)
	at org.testng.Assert.failNotEquals(Assert.java:494)
	at org.testng.Assert.assertTrue(Assert.java:42)
	at Accomodation.Accommodation_Book_Direct_Multi_Room_Outside_Cancellation.AccommodationBookDirectMultiRoomOutsideCancellation(Accommodation_Book_Direct_Multi_Room_Outside_Cancellation.java:370)
	at sun.reflect.NativeMethodAccessorImpl.invoke0(Native Method)
	at sun.reflect.NativeMethodAccessorImpl.invoke(NativeMethodAccessorImpl.java:62)
	at sun.reflect.DelegatingMethodAccessorImpl.invoke(DelegatingMethodAccessorImpl.java:43)
	at java.lang.reflect.Method.invoke(Method.java:498)
	at org.testng.internal.MethodInvocationHelper.invokeMethod(MethodInvocationHelper.java:80)
	at org.testng.internal.Invoker.invokeMethod(Invoker.java:714)
	at org.testng.internal.Invoker.invokeTestMethod(Invoker.java:901)
	at org.testng.internal.Invoker.invokeTestMethods(Invoker.java:1231)
	at org.testng.internal.TestMethodWorker.invokeTestMethods(TestMethodWorker.java:127)
	at org.testng.internal.TestMethodWorker.run(TestMethodWorker.java:111)
	at org.testng.TestRunner.privateRun(TestRunner.java:767)
	at org.testng.TestRunner.run(TestRunner.java:617)
	at org.testng.SuiteRunner.runTest(SuiteRunner.java:334)
	at org.testng.SuiteRunner.runSequentially(SuiteRunner.java:329)
	at org.testng.SuiteRunner.privateRun(SuiteRunner.java:291)
	at org.testng.SuiteRunner.run(SuiteRunner.java:240)
	at org.testng.SuiteRunnerWorker.runSuite(SuiteRunnerWorker.java:52)
	at org.testng.SuiteRunnerWorker.run(SuiteRunnerWorker.java:86)
	at org.testng.TestNG.runSuitesSequentially(TestNG.java:1198)
	at org.testng.TestNG.runSuitesLocally(TestNG.java:1123)
	at org.testng.TestNG.run(TestNG.java:1031)
	at org.testng.remote.AbstractRemoteTestNG.run(AbstractRemoteTestNG.java:132)
	at org.testng.remote.RemoteTestNG.initAndRun(RemoteTestNG.java:230)
	at org.testng.remote.RemoteTestNG.main(RemoteTestNG.java:76)
"</b><br>org.testng.Assert.fail(Assert.java:94)<br>org.testng.Assert.failNotEquals(Assert.java:494)<br>org.testng.Assert.assertTrue(Assert.java:42)<br>Accomodation.Accommodation_Book_Direct_Multi_Room_Outside_Cancellation.AccommodationBookDirectMultiRoomOutsideCancellation(Accommodation_Book_Direct_Multi_Room_Outside_Cancellation.java:370)<br>sun.reflect.NativeMethodAccessorImpl.invoke0(Native Method)<br>sun.reflect.NativeMethodAccessorImpl.invoke(NativeMethodAccessorImpl.java:62)<br>sun.reflect.DelegatingMethodAccessorImpl.invoke(DelegatingMethodAccessorImpl.java:43)<br>java.lang.reflect.Method.invoke(Method.java:498)<br>org.testng.internal.MethodInvocationHelper.invokeMethod(MethodInvocationHelper.java:80)<br>org.testng.internal.Invoker.invokeMethod(Invoker.java:714)<br>org.testng.internal.Invoker.invokeTestMethod(Invoker.java:901)<br>org.testng.internal.Invoker.invokeTestMethods(Invoker.java:1231)<br>org.testng.internal.TestMethodWorker.invokeTestMethods(TestMethodWorker.java:127)<br>org.testng.internal.TestMethodWorker.run(TestMethodWorker.java:111)<br>org.testng.TestRunner.privateRun(TestRunner.java:767)<br>org.testng.TestRunner.run(TestRunner.java:617)<br>org.testng.SuiteRunner.runTest(SuiteRunner.java:334)<br>org.testng.SuiteRunner.runSequentially(SuiteRunner.java:329)<br>org.testng.SuiteRunner.privateRun(SuiteRunner.java:291)<br>org.testng.SuiteRunner.run(SuiteRunner.java:240)<br>org.testng.SuiteRunnerWorker.runSuite(SuiteRunnerWorker.java:52)<br>org.testng.SuiteRunnerWorker.run(SuiteRunnerWorker.java:86)<br>org.testng.TestNG.runSuitesSequentially(TestNG.java:1198)<br>org.testng.TestNG.runSuitesLocally(TestNG.java:1123)<br>org.testng.TestNG.run(TestNG.java:1031)<br>org.testng.remote.AbstractRemoteTestNG.run(AbstractRemoteTestNG.java:132)<br>org.testng.remote.RemoteTestNG.initAndRun(RemoteTestNG.java:230)<br>org.testng.remote.RemoteTestNG.main(RemoteTestNG.java:76)<br>
</div> <!-- stack-trace -->
                </div> <!-- method-content -->
              </div> <!-- method -->
            </div> <!-- main-panel-content rounded-window-bottom -->
          </div> <!-- suite-SupplierSuite-class-failed -->
          <div class="suite-SupplierSuite-class-failed">
            <div class="main-panel-header rounded-window-top">
              <img src="failed.png"/>
              <span class="class-name">Accomodation.Accommodation_Book_Third_Party_Multi_Room_Outside_Cancellation</span>
            </div> <!-- main-panel-header rounded-window-top -->
            <div class="main-panel-content rounded-window-bottom">
              <div class="method">
                <div class="method-content">
                  <a name="AccommodationBookThirdPartyMultiRoomOutsideCancellation(CH)">
                  </a> <!-- AccommodationBookThirdPartyMultiRoomOutsideCancellation(CH) -->
                  <span class="method-name">AccommodationBookThirdPartyMultiRoomOutsideCancellation</span>
                  <span class="parameters">(CH)</span>
                  <div class="stack-trace"><b>"java.lang.AssertionError: unknown error: Element &lt;input type=&quot;button&quot; value=&quot;Book Now&quot; class=&quot;search_btn mrBookButton&quot;&gt; is not clickable at point (1183, 603). Other element would receive the click: &lt;a href=&quot;javascript:void(0);&quot; class=&quot;shoppingcart_btn shoppingCartBtn&quot; style=&quot;display: block;&quot;&gt;...&lt;/a&gt;
  (Session info: chrome=67.0.3396.79)
  (Driver info: chromedriver=2.35.528161 (5b82f2d2aae0ca24b877009200ced9065a772e73),platform=Windows NT 10.0.15063 x86_64) (WARNING: The server did not provide any stacktrace information)
Command duration or timeout: 40 milliseconds
Build info: version: &apos;2.53.0&apos;, revision: &apos;35ae25b1534ae328c771e0856c93e187490ca824&apos;, time: &apos;2016-03-15 10:43:46&apos;
System info: host: &apos;PC350015&apos;, ip: &apos;172.18.21.21&apos;, os.name: &apos;Windows 10&apos;, os.arch: &apos;amd64&apos;, os.version: &apos;10.0&apos;, java.version: &apos;1.8.0_131&apos;
Driver info: org.openqa.selenium.chrome.ChromeDriver
Capabilities [{applicationCacheEnabled=false, rotatable=false, mobileEmulationEnabled=false, networkConnectionEnabled=false, chrome={chromedriverVersion=2.35.528161 (5b82f2d2aae0ca24b877009200ced9065a772e73), userDataDir=C:\Users\479739\AppData\Local\Temp\scoped_dir58136_16818}, takesHeapSnapshot=true, pageLoadStrategy=normal, databaseEnabled=false, handlesAlerts=true, hasTouchScreen=false, version=67.0.3396.79, platform=XP, browserConnectionEnabled=false, nativeEvents=true, acceptSslCerts=false, acceptInsecureCerts=false, locationContextEnabled=true, webStorageEnabled=true, browserName=chrome, takesScreenshot=true, javascriptEnabled=true, cssSelectorsEnabled=true, setWindowRect=true, unexpectedAlertBehaviour=}]
Session ID: c07affd636ee52b1db08cad1d75f89dc expected [true] but found [false]
	at Accomodation.Accommodation_Book_Third_Party_Multi_Room_Outside_Cancellation.AccommodationBookThirdPartyMultiRoomOutsideCancellation(Accommodation_Book_Third_Party_Multi_Room_Outside_Cancellation.java:331)
... Removed 27 stack frames<br/> java.lang.AssertionError: unknown error: Element &lt;input type=&quot;button&quot; value=&quot;Book Now&quot; class=&quot;search_btn mrBookButton&quot;&gt; is not clickable at point (1183, 603). Other element would receive the click: &lt;a href=&quot;javascript:void(0);&quot; class=&quot;shoppingcart_btn shoppingCartBtn&quot; style=&quot;display: block;&quot;&gt;...&lt;/a&gt;
  (Session info: chrome=67.0.3396.79)
  (Driver info: chromedriver=2.35.528161 (5b82f2d2aae0ca24b877009200ced9065a772e73),platform=Windows NT 10.0.15063 x86_64) (WARNING: The server did not provide any stacktrace information)
Command duration or timeout: 40 milliseconds
Build info: version: &apos;2.53.0&apos;, revision: &apos;35ae25b1534ae328c771e0856c93e187490ca824&apos;, time: &apos;2016-03-15 10:43:46&apos;
System info: host: &apos;PC350015&apos;, ip: &apos;172.18.21.21&apos;, os.name: &apos;Windows 10&apos;, os.arch: &apos;amd64&apos;, os.version: &apos;10.0&apos;, java.version: &apos;1.8.0_131&apos;
Driver info: org.openqa.selenium.chrome.ChromeDriver
Capabilities [{applicationCacheEnabled=false, rotatable=false, mobileEmulationEnabled=false, networkConnectionEnabled=false, chrome={chromedriverVersion=2.35.528161 (5b82f2d2aae0ca24b877009200ced9065a772e73), userDataDir=C:\Users\479739\AppData\Local\Temp\scoped_dir58136_16818}, takesHeapSnapshot=true, pageLoadStrategy=normal, databaseEnabled=false, handlesAlerts=true, hasTouchScreen=false, version=67.0.3396.79, platform=XP, browserConnectionEnabled=false, nativeEvents=true, acceptSslCerts=false, acceptInsecureCerts=false, locationContextEnabled=true, webStorageEnabled=true, browserName=chrome, takesScreenshot=true, javascriptEnabled=true, cssSelectorsEnabled=true, setWindowRect=true, unexpectedAlertBehaviour=}]
Session ID: c07affd636ee52b1db08cad1d75f89dc expected [true] but found [false]
	at org.testng.Assert.fail(Assert.java:94)
	at org.testng.Assert.failNotEquals(Assert.java:494)
	at org.testng.Assert.assertTrue(Assert.java:42)
	at Accomodation.Accommodation_Book_Third_Party_Multi_Room_Outside_Cancellation.AccommodationBookThirdPartyMultiRoomOutsideCancellation(Accommodation_Book_Third_Party_Multi_Room_Outside_Cancellation.java:331)
	at sun.reflect.NativeMethodAccessorImpl.invoke0(Native Method)
	at sun.reflect.NativeMethodAccessorImpl.invoke(NativeMethodAccessorImpl.java:62)
	at sun.reflect.DelegatingMethodAccessorImpl.invoke(DelegatingMethodAccessorImpl.java:43)
	at java.lang.reflect.Method.invoke(Method.java:498)
	at org.testng.internal.MethodInvocationHelper.invokeMethod(MethodInvocationHelper.java:80)
	at org.testng.internal.Invoker.invokeMethod(Invoker.java:714)
	at org.testng.internal.Invoker.invokeTestMethod(Invoker.java:901)
	at org.testng.internal.Invoker.invokeTestMethods(Invoker.java:1231)
	at org.testng.internal.TestMethodWorker.invokeTestMethods(TestMethodWorker.java:127)
	at org.testng.internal.TestMethodWorker.run(TestMethodWorker.java:111)
	at org.testng.TestRunner.privateRun(TestRunner.java:767)
	at org.testng.TestRunner.run(TestRunner.java:617)
	at org.testng.SuiteRunner.runTest(SuiteRunner.java:334)
	at org.testng.SuiteRunner.runSequentially(SuiteRunner.java:329)
	at org.testng.SuiteRunner.privateRun(SuiteRunner.java:291)
	at org.testng.SuiteRunner.run(SuiteRunner.java:240)
	at org.testng.SuiteRunnerWorker.runSuite(SuiteRunnerWorker.java:52)
	at org.testng.SuiteRunnerWorker.run(SuiteRunnerWorker.java:86)
	at org.testng.TestNG.runSuitesSequentially(TestNG.java:1198)
	at org.testng.TestNG.runSuitesLocally(TestNG.java:1123)
	at org.testng.TestNG.run(TestNG.java:1031)
	at org.testng.remote.AbstractRemoteTestNG.run(AbstractRemoteTestNG.java:132)
	at org.testng.remote.RemoteTestNG.initAndRun(RemoteTestNG.java:230)
	at org.testng.remote.RemoteTestNG.main(RemoteTestNG.java:76)
"</b><br>org.testng.Assert.fail(Assert.java:94)<br>org.testng.Assert.failNotEquals(Assert.java:494)<br>org.testng.Assert.assertTrue(Assert.java:42)<br>Accomodation.Accommodation_Book_Third_Party_Multi_Room_Outside_Cancellation.AccommodationBookThirdPartyMultiRoomOutsideCancellation(Accommodation_Book_Third_Party_Multi_Room_Outside_Cancellation.java:331)<br>sun.reflect.NativeMethodAccessorImpl.invoke0(Native Method)<br>sun.reflect.NativeMethodAccessorImpl.invoke(NativeMethodAccessorImpl.java:62)<br>sun.reflect.DelegatingMethodAccessorImpl.invoke(DelegatingMethodAccessorImpl.java:43)<br>java.lang.reflect.Method.invoke(Method.java:498)<br>org.testng.internal.MethodInvocationHelper.invokeMethod(MethodInvocationHelper.java:80)<br>org.testng.internal.Invoker.invokeMethod(Invoker.java:714)<br>org.testng.internal.Invoker.invokeTestMethod(Invoker.java:901)<br>org.testng.internal.Invoker.invokeTestMethods(Invoker.java:1231)<br>org.testng.internal.TestMethodWorker.invokeTestMethods(TestMethodWorker.java:127)<br>org.testng.internal.TestMethodWorker.run(TestMethodWorker.java:111)<br>org.testng.TestRunner.privateRun(TestRunner.java:767)<br>org.testng.TestRunner.run(TestRunner.java:617)<br>org.testng.SuiteRunner.runTest(SuiteRunner.java:334)<br>org.testng.SuiteRunner.runSequentially(SuiteRunner.java:329)<br>org.testng.SuiteRunner.privateRun(SuiteRunner.java:291)<br>org.testng.SuiteRunner.run(SuiteRunner.java:240)<br>org.testng.SuiteRunnerWorker.runSuite(SuiteRunnerWorker.java:52)<br>org.testng.SuiteRunnerWorker.run(SuiteRunnerWorker.java:86)<br>org.testng.TestNG.runSuitesSequentially(TestNG.java:1198)<br>org.testng.TestNG.runSuitesLocally(TestNG.java:1123)<br>org.testng.TestNG.run(TestNG.java:1031)<br>org.testng.remote.AbstractRemoteTestNG.run(AbstractRemoteTestNG.java:132)<br>org.testng.remote.RemoteTestNG.initAndRun(RemoteTestNG.java:230)<br>org.testng.remote.RemoteTestNG.main(RemoteTestNG.java:76)<br>
</div> <!-- stack-trace -->
                </div> <!-- method-content -->
              </div> <!-- method -->
            </div> <!-- main-panel-content rounded-window-bottom -->
          </div> <!-- suite-SupplierSuite-class-failed -->
          <div class="suite-SupplierSuite-class-failed">
            <div class="main-panel-header rounded-window-top">
              <img src="failed.png"/>
              <span class="class-name">Accomodation.Cancel_Booking</span>
            </div> <!-- main-panel-header rounded-window-top -->
            <div class="main-panel-content rounded-window-bottom">
              <div class="method">
                <div class="method-content">
                  <a name="CancelBooking(CH)">
                  </a> <!-- CancelBooking(CH) -->
                  <span class="method-name">CancelBooking</span>
                  <span class="parameters">(CH)</span>
                  <div class="stack-trace"><b>"java.lang.AssertionError: Timed out after 80 seconds waiting for visibility of element located by By.xpath: //*[contains(text(),&apos;Cancelled&apos;)]
Build info: version: &apos;2.53.0&apos;, revision: &apos;35ae25b1534ae328c771e0856c93e187490ca824&apos;, time: &apos;2016-03-15 10:43:46&apos;
System info: host: &apos;PC350015&apos;, ip: &apos;172.18.21.21&apos;, os.name: &apos;Windows 10&apos;, os.arch: &apos;amd64&apos;, os.version: &apos;10.0&apos;, java.version: &apos;1.8.0_131&apos;
Driver info: org.openqa.selenium.chrome.ChromeDriver
Capabilities [{applicationCacheEnabled=false, rotatable=false, mobileEmulationEnabled=false, networkConnectionEnabled=false, chrome={chromedriverVersion=2.35.528161 (5b82f2d2aae0ca24b877009200ced9065a772e73), userDataDir=C:\Users\479739\AppData\Local\Temp\scoped_dir61348_2190}, takesHeapSnapshot=true, pageLoadStrategy=normal, databaseEnabled=false, handlesAlerts=true, hasTouchScreen=false, version=67.0.3396.79, platform=XP, browserConnectionEnabled=false, nativeEvents=true, acceptSslCerts=false, acceptInsecureCerts=false, locationContextEnabled=true, webStorageEnabled=true, browserName=chrome, takesScreenshot=true, javascriptEnabled=true, cssSelectorsEnabled=true, setWindowRect=true, unexpectedAlertBehaviour=}]
Session ID: 1d015f30b3bb15c21176103d48427903 expected [true] but found [false]
	at Accomodation.Cancel_Booking.CancelBooking(Cancel_Booking.java:361)
... Removed 27 stack frames<br/> java.lang.AssertionError: Timed out after 80 seconds waiting for visibility of element located by By.xpath: //*[contains(text(),&apos;Cancelled&apos;)]
Build info: version: &apos;2.53.0&apos;, revision: &apos;35ae25b1534ae328c771e0856c93e187490ca824&apos;, time: &apos;2016-03-15 10:43:46&apos;
System info: host: &apos;PC350015&apos;, ip: &apos;172.18.21.21&apos;, os.name: &apos;Windows 10&apos;, os.arch: &apos;amd64&apos;, os.version: &apos;10.0&apos;, java.version: &apos;1.8.0_131&apos;
Driver info: org.openqa.selenium.chrome.ChromeDriver
Capabilities [{applicationCacheEnabled=false, rotatable=false, mobileEmulationEnabled=false, networkConnectionEnabled=false, chrome={chromedriverVersion=2.35.528161 (5b82f2d2aae0ca24b877009200ced9065a772e73), userDataDir=C:\Users\479739\AppData\Local\Temp\scoped_dir61348_2190}, takesHeapSnapshot=true, pageLoadStrategy=normal, databaseEnabled=false, handlesAlerts=true, hasTouchScreen=false, version=67.0.3396.79, platform=XP, browserConnectionEnabled=false, nativeEvents=true, acceptSslCerts=false, acceptInsecureCerts=false, locationContextEnabled=true, webStorageEnabled=true, browserName=chrome, takesScreenshot=true, javascriptEnabled=true, cssSelectorsEnabled=true, setWindowRect=true, unexpectedAlertBehaviour=}]
Session ID: 1d015f30b3bb15c21176103d48427903 expected [true] but found [false]
	at org.testng.Assert.fail(Assert.java:94)
	at org.testng.Assert.failNotEquals(Assert.java:494)
	at org.testng.Assert.assertTrue(Assert.java:42)
	at Accomodation.Cancel_Booking.CancelBooking(Cancel_Booking.java:361)
	at sun.reflect.NativeMethodAccessorImpl.invoke0(Native Method)
	at sun.reflect.NativeMethodAccessorImpl.invoke(NativeMethodAccessorImpl.java:62)
	at sun.reflect.DelegatingMethodAccessorImpl.invoke(DelegatingMethodAccessorImpl.java:43)
	at java.lang.reflect.Method.invoke(Method.java:498)
	at org.testng.internal.MethodInvocationHelper.invokeMethod(MethodInvocationHelper.java:80)
	at org.testng.internal.Invoker.invokeMethod(Invoker.java:714)
	at org.testng.internal.Invoker.invokeTestMethod(Invoker.java:901)
	at org.testng.internal.Invoker.invokeTestMethods(Invoker.java:1231)
	at org.testng.internal.TestMethodWorker.invokeTestMethods(TestMethodWorker.java:127)
	at org.testng.internal.TestMethodWorker.run(TestMethodWorker.java:111)
	at org.testng.TestRunner.privateRun(TestRunner.java:767)
	at org.testng.TestRunner.run(TestRunner.java:617)
	at org.testng.SuiteRunner.runTest(SuiteRunner.java:334)
	at org.testng.SuiteRunner.runSequentially(SuiteRunner.java:329)
	at org.testng.SuiteRunner.privateRun(SuiteRunner.java:291)
	at org.testng.SuiteRunner.run(SuiteRunner.java:240)
	at org.testng.SuiteRunnerWorker.runSuite(SuiteRunnerWorker.java:52)
	at org.testng.SuiteRunnerWorker.run(SuiteRunnerWorker.java:86)
	at org.testng.TestNG.runSuitesSequentially(TestNG.java:1198)
	at org.testng.TestNG.runSuitesLocally(TestNG.java:1123)
	at org.testng.TestNG.run(TestNG.java:1031)
	at org.testng.remote.AbstractRemoteTestNG.run(AbstractRemoteTestNG.java:132)
	at org.testng.remote.RemoteTestNG.initAndRun(RemoteTestNG.java:230)
	at org.testng.remote.RemoteTestNG.main(RemoteTestNG.java:76)
"</b><br>org.testng.Assert.fail(Assert.java:94)<br>org.testng.Assert.failNotEquals(Assert.java:494)<br>org.testng.Assert.assertTrue(Assert.java:42)<br>Accomodation.Cancel_Booking.CancelBooking(Cancel_Booking.java:361)<br>sun.reflect.NativeMethodAccessorImpl.invoke0(Native Method)<br>sun.reflect.NativeMethodAccessorImpl.invoke(NativeMethodAccessorImpl.java:62)<br>sun.reflect.DelegatingMethodAccessorImpl.invoke(DelegatingMethodAccessorImpl.java:43)<br>java.lang.reflect.Method.invoke(Method.java:498)<br>org.testng.internal.MethodInvocationHelper.invokeMethod(MethodInvocationHelper.java:80)<br>org.testng.internal.Invoker.invokeMethod(Invoker.java:714)<br>org.testng.internal.Invoker.invokeTestMethod(Invoker.java:901)<br>org.testng.internal.Invoker.invokeTestMethods(Invoker.java:1231)<br>org.testng.internal.TestMethodWorker.invokeTestMethods(TestMethodWorker.java:127)<br>org.testng.internal.TestMethodWorker.run(TestMethodWorker.java:111)<br>org.testng.TestRunner.privateRun(TestRunner.java:767)<br>org.testng.TestRunner.run(TestRunner.java:617)<br>org.testng.SuiteRunner.runTest(SuiteRunner.java:334)<br>org.testng.SuiteRunner.runSequentially(SuiteRunner.java:329)<br>org.testng.SuiteRunner.privateRun(SuiteRunner.java:291)<br>org.testng.SuiteRunner.run(SuiteRunner.java:240)<br>org.testng.SuiteRunnerWorker.runSuite(SuiteRunnerWorker.java:52)<br>org.testng.SuiteRunnerWorker.run(SuiteRunnerWorker.java:86)<br>org.testng.TestNG.runSuitesSequentially(TestNG.java:1198)<br>org.testng.TestNG.runSuitesLocally(TestNG.java:1123)<br>org.testng.TestNG.run(TestNG.java:1031)<br>org.testng.remote.AbstractRemoteTestNG.run(AbstractRemoteTestNG.java:132)<br>org.testng.remote.RemoteTestNG.initAndRun(RemoteTestNG.java:230)<br>org.testng.remote.RemoteTestNG.main(RemoteTestNG.java:76)<br>
</div> <!-- stack-trace -->
                </div> <!-- method-content -->
              </div> <!-- method -->
            </div> <!-- main-panel-content rounded-window-bottom -->
          </div> <!-- suite-SupplierSuite-class-failed -->
          <div class="suite-SupplierSuite-class-failed">
            <div class="main-panel-header rounded-window-top">
              <img src="failed.png"/>
              <span class="class-name">Tour.Find_Tour_Booking</span>
            </div> <!-- main-panel-header rounded-window-top -->
            <div class="main-panel-content rounded-window-bottom">
              <div class="method">
                <div class="method-content">
                  <a name="FindTourBooking(CH)">
                  </a> <!-- FindTourBooking(CH) -->
                  <span class="method-name">FindTourBooking</span>
                  <span class="parameters">(CH)</span>
                  <div class="stack-trace"><b>"java.lang.AssertionError: expected [true] but found [false] expected [true] but found [false]
	at Tour.Find_Tour_Booking.FindTourBooking(Find_Tour_Booking.java:310)
... Removed 27 stack frames<br/> java.lang.AssertionError: expected [true] but found [false] expected [true] but found [false]
	at org.testng.Assert.fail(Assert.java:94)
	at org.testng.Assert.failNotEquals(Assert.java:494)
	at org.testng.Assert.assertTrue(Assert.java:42)
	at Tour.Find_Tour_Booking.FindTourBooking(Find_Tour_Booking.java:310)
	at sun.reflect.NativeMethodAccessorImpl.invoke0(Native Method)
	at sun.reflect.NativeMethodAccessorImpl.invoke(NativeMethodAccessorImpl.java:62)
	at sun.reflect.DelegatingMethodAccessorImpl.invoke(DelegatingMethodAccessorImpl.java:43)
	at java.lang.reflect.Method.invoke(Method.java:498)
	at org.testng.internal.MethodInvocationHelper.invokeMethod(MethodInvocationHelper.java:80)
	at org.testng.internal.Invoker.invokeMethod(Invoker.java:714)
	at org.testng.internal.Invoker.invokeTestMethod(Invoker.java:901)
	at org.testng.internal.Invoker.invokeTestMethods(Invoker.java:1231)
	at org.testng.internal.TestMethodWorker.invokeTestMethods(TestMethodWorker.java:127)
	at org.testng.internal.TestMethodWorker.run(TestMethodWorker.java:111)
	at org.testng.TestRunner.privateRun(TestRunner.java:767)
	at org.testng.TestRunner.run(TestRunner.java:617)
	at org.testng.SuiteRunner.runTest(SuiteRunner.java:334)
	at org.testng.SuiteRunner.runSequentially(SuiteRunner.java:329)
	at org.testng.SuiteRunner.privateRun(SuiteRunner.java:291)
	at org.testng.SuiteRunner.run(SuiteRunner.java:240)
	at org.testng.SuiteRunnerWorker.runSuite(SuiteRunnerWorker.java:52)
	at org.testng.SuiteRunnerWorker.run(SuiteRunnerWorker.java:86)
	at org.testng.TestNG.runSuitesSequentially(TestNG.java:1198)
	at org.testng.TestNG.runSuitesLocally(TestNG.java:1123)
	at org.testng.TestNG.run(TestNG.java:1031)
	at org.testng.remote.AbstractRemoteTestNG.run(AbstractRemoteTestNG.java:132)
	at org.testng.remote.RemoteTestNG.initAndRun(RemoteTestNG.java:230)
	at org.testng.remote.RemoteTestNG.main(RemoteTestNG.java:76)
"</b><br>org.testng.Assert.fail(Assert.java:94)<br>org.testng.Assert.failNotEquals(Assert.java:494)<br>org.testng.Assert.assertTrue(Assert.java:42)<br>Tour.Find_Tour_Booking.FindTourBooking(Find_Tour_Booking.java:310)<br>sun.reflect.NativeMethodAccessorImpl.invoke0(Native Method)<br>sun.reflect.NativeMethodAccessorImpl.invoke(NativeMethodAccessorImpl.java:62)<br>sun.reflect.DelegatingMethodAccessorImpl.invoke(DelegatingMethodAccessorImpl.java:43)<br>java.lang.reflect.Method.invoke(Method.java:498)<br>org.testng.internal.MethodInvocationHelper.invokeMethod(MethodInvocationHelper.java:80)<br>org.testng.internal.Invoker.invokeMethod(Invoker.java:714)<br>org.testng.internal.Invoker.invokeTestMethod(Invoker.java:901)<br>org.testng.internal.Invoker.invokeTestMethods(Invoker.java:1231)<br>org.testng.internal.TestMethodWorker.invokeTestMethods(TestMethodWorker.java:127)<br>org.testng.internal.TestMethodWorker.run(TestMethodWorker.java:111)<br>org.testng.TestRunner.privateRun(TestRunner.java:767)<br>org.testng.TestRunner.run(TestRunner.java:617)<br>org.testng.SuiteRunner.runTest(SuiteRunner.java:334)<br>org.testng.SuiteRunner.runSequentially(SuiteRunner.java:329)<br>org.testng.SuiteRunner.privateRun(SuiteRunner.java:291)<br>org.testng.SuiteRunner.run(SuiteRunner.java:240)<br>org.testng.SuiteRunnerWorker.runSuite(SuiteRunnerWorker.java:52)<br>org.testng.SuiteRunnerWorker.run(SuiteRunnerWorker.java:86)<br>org.testng.TestNG.runSuitesSequentially(TestNG.java:1198)<br>org.testng.TestNG.runSuitesLocally(TestNG.java:1123)<br>org.testng.TestNG.run(TestNG.java:1031)<br>org.testng.remote.AbstractRemoteTestNG.run(AbstractRemoteTestNG.java:132)<br>org.testng.remote.RemoteTestNG.initAndRun(RemoteTestNG.java:230)<br>org.testng.remote.RemoteTestNG.main(RemoteTestNG.java:76)<br>
</div> <!-- stack-trace -->
                </div> <!-- method-content -->
              </div> <!-- method -->
            </div> <!-- main-panel-content rounded-window-bottom -->
          </div> <!-- suite-SupplierSuite-class-failed -->
          <div class="suite-SupplierSuite-class-failed">
            <div class="main-panel-header rounded-window-top">
              <img src="failed.png"/>
              <span class="class-name">Tour.Book_Tour</span>
            </div> <!-- main-panel-header rounded-window-top -->
            <div class="main-panel-content rounded-window-bottom">
              <div class="method">
                <div class="method-content">
                  <a name="BookTour(CH)">
                  </a> <!-- BookTour(CH) -->
                  <span class="method-name">BookTour</span>
                  <span class="parameters">(CH)</span>
                  <div class="stack-trace"><b>"java.lang.AssertionError: expected [true] but found [false] expected [true] but found [false]
	at Tour.Book_Tour.BookTour(Book_Tour.java:322)
... Removed 27 stack frames<br/> java.lang.AssertionError: expected [true] but found [false] expected [true] but found [false]
	at org.testng.Assert.fail(Assert.java:94)
	at org.testng.Assert.failNotEquals(Assert.java:494)
	at org.testng.Assert.assertTrue(Assert.java:42)
	at Tour.Book_Tour.BookTour(Book_Tour.java:322)
	at sun.reflect.NativeMethodAccessorImpl.invoke0(Native Method)
	at sun.reflect.NativeMethodAccessorImpl.invoke(NativeMethodAccessorImpl.java:62)
	at sun.reflect.DelegatingMethodAccessorImpl.invoke(DelegatingMethodAccessorImpl.java:43)
	at java.lang.reflect.Method.invoke(Method.java:498)
	at org.testng.internal.MethodInvocationHelper.invokeMethod(MethodInvocationHelper.java:80)
	at org.testng.internal.Invoker.invokeMethod(Invoker.java:714)
	at org.testng.internal.Invoker.invokeTestMethod(Invoker.java:901)
	at org.testng.internal.Invoker.invokeTestMethods(Invoker.java:1231)
	at org.testng.internal.TestMethodWorker.invokeTestMethods(TestMethodWorker.java:127)
	at org.testng.internal.TestMethodWorker.run(TestMethodWorker.java:111)
	at org.testng.TestRunner.privateRun(TestRunner.java:767)
	at org.testng.TestRunner.run(TestRunner.java:617)
	at org.testng.SuiteRunner.runTest(SuiteRunner.java:334)
	at org.testng.SuiteRunner.runSequentially(SuiteRunner.java:329)
	at org.testng.SuiteRunner.privateRun(SuiteRunner.java:291)
	at org.testng.SuiteRunner.run(SuiteRunner.java:240)
	at org.testng.SuiteRunnerWorker.runSuite(SuiteRunnerWorker.java:52)
	at org.testng.SuiteRunnerWorker.run(SuiteRunnerWorker.java:86)
	at org.testng.TestNG.runSuitesSequentially(TestNG.java:1198)
	at org.testng.TestNG.runSuitesLocally(TestNG.java:1123)
	at org.testng.TestNG.run(TestNG.java:1031)
	at org.testng.remote.AbstractRemoteTestNG.run(AbstractRemoteTestNG.java:132)
	at org.testng.remote.RemoteTestNG.initAndRun(RemoteTestNG.java:230)
	at org.testng.remote.RemoteTestNG.main(RemoteTestNG.java:76)
"</b><br>org.testng.Assert.fail(Assert.java:94)<br>org.testng.Assert.failNotEquals(Assert.java:494)<br>org.testng.Assert.assertTrue(Assert.java:42)<br>Tour.Book_Tour.BookTour(Book_Tour.java:322)<br>sun.reflect.NativeMethodAccessorImpl.invoke0(Native Method)<br>sun.reflect.NativeMethodAccessorImpl.invoke(NativeMethodAccessorImpl.java:62)<br>sun.reflect.DelegatingMethodAccessorImpl.invoke(DelegatingMethodAccessorImpl.java:43)<br>java.lang.reflect.Method.invoke(Method.java:498)<br>org.testng.internal.MethodInvocationHelper.invokeMethod(MethodInvocationHelper.java:80)<br>org.testng.internal.Invoker.invokeMethod(Invoker.java:714)<br>org.testng.internal.Invoker.invokeTestMethod(Invoker.java:901)<br>org.testng.internal.Invoker.invokeTestMethods(Invoker.java:1231)<br>org.testng.internal.TestMethodWorker.invokeTestMethods(TestMethodWorker.java:127)<br>org.testng.internal.TestMethodWorker.run(TestMethodWorker.java:111)<br>org.testng.TestRunner.privateRun(TestRunner.java:767)<br>org.testng.TestRunner.run(TestRunner.java:617)<br>org.testng.SuiteRunner.runTest(SuiteRunner.java:334)<br>org.testng.SuiteRunner.runSequentially(SuiteRunner.java:329)<br>org.testng.SuiteRunner.privateRun(SuiteRunner.java:291)<br>org.testng.SuiteRunner.run(SuiteRunner.java:240)<br>org.testng.SuiteRunnerWorker.runSuite(SuiteRunnerWorker.java:52)<br>org.testng.SuiteRunnerWorker.run(SuiteRunnerWorker.java:86)<br>org.testng.TestNG.runSuitesSequentially(TestNG.java:1198)<br>org.testng.TestNG.runSuitesLocally(TestNG.java:1123)<br>org.testng.TestNG.run(TestNG.java:1031)<br>org.testng.remote.AbstractRemoteTestNG.run(AbstractRemoteTestNG.java:132)<br>org.testng.remote.RemoteTestNG.initAndRun(RemoteTestNG.java:230)<br>org.testng.remote.RemoteTestNG.main(RemoteTestNG.java:76)<br>
</div> <!-- stack-trace -->
                </div> <!-- method-content -->
              </div> <!-- method -->
            </div> <!-- main-panel-content rounded-window-bottom -->
          </div> <!-- suite-SupplierSuite-class-failed -->
          <div class="suite-SupplierSuite-class-failed">
            <div class="main-panel-header rounded-window-top">
              <img src="failed.png"/>
              <span class="class-name">Accomodation.Accommodation_Book_Third_Party_Room_Outside_Cancellation</span>
            </div> <!-- main-panel-header rounded-window-top -->
            <div class="main-panel-content rounded-window-bottom">
              <div class="method">
                <div class="method-content">
                  <a name="AccommodationBookThirdPartyRoomOutsideCancellation(CH)">
                  </a> <!-- AccommodationBookThirdPartyRoomOutsideCancellation(CH) -->
                  <span class="method-name">AccommodationBookThirdPartyRoomOutsideCancellation</span>
                  <span class="parameters">(CH)</span>
                  <div class="stack-trace"><b>"java.lang.AssertionError: Timed out after 30 seconds waiting for visibility of element located by By.xpath: //*[@id=&apos;pbcpFirstName1_0&apos;]
Build info: version: &apos;2.53.0&apos;, revision: &apos;35ae25b1534ae328c771e0856c93e187490ca824&apos;, time: &apos;2016-03-15 10:43:46&apos;
System info: host: &apos;PC350015&apos;, ip: &apos;172.18.21.21&apos;, os.name: &apos;Windows 10&apos;, os.arch: &apos;amd64&apos;, os.version: &apos;10.0&apos;, java.version: &apos;1.8.0_131&apos;
Driver info: org.openqa.selenium.chrome.ChromeDriver
Capabilities [{applicationCacheEnabled=false, rotatable=false, mobileEmulationEnabled=false, networkConnectionEnabled=false, chrome={chromedriverVersion=2.35.528161 (5b82f2d2aae0ca24b877009200ced9065a772e73), userDataDir=C:\Users\479739\AppData\Local\Temp\scoped_dir54192_27973}, takesHeapSnapshot=true, pageLoadStrategy=normal, databaseEnabled=false, handlesAlerts=true, hasTouchScreen=false, version=67.0.3396.79, platform=XP, browserConnectionEnabled=false, nativeEvents=true, acceptSslCerts=false, acceptInsecureCerts=false, locationContextEnabled=true, webStorageEnabled=true, browserName=chrome, takesScreenshot=true, javascriptEnabled=true, cssSelectorsEnabled=true, setWindowRect=true, unexpectedAlertBehaviour=}]
Session ID: a213fe3b815d0f0392a5f0e217b2f9e4 expected [true] but found [false]
	at Accomodation.Accommodation_Book_Third_Party_Room_Outside_Cancellation.AccommodationBookThirdPartyRoomOutsideCancellation(Accommodation_Book_Third_Party_Room_Outside_Cancellation.java:265)
... Removed 27 stack frames<br/> java.lang.AssertionError: Timed out after 30 seconds waiting for visibility of element located by By.xpath: //*[@id=&apos;pbcpFirstName1_0&apos;]
Build info: version: &apos;2.53.0&apos;, revision: &apos;35ae25b1534ae328c771e0856c93e187490ca824&apos;, time: &apos;2016-03-15 10:43:46&apos;
System info: host: &apos;PC350015&apos;, ip: &apos;172.18.21.21&apos;, os.name: &apos;Windows 10&apos;, os.arch: &apos;amd64&apos;, os.version: &apos;10.0&apos;, java.version: &apos;1.8.0_131&apos;
Driver info: org.openqa.selenium.chrome.ChromeDriver
Capabilities [{applicationCacheEnabled=false, rotatable=false, mobileEmulationEnabled=false, networkConnectionEnabled=false, chrome={chromedriverVersion=2.35.528161 (5b82f2d2aae0ca24b877009200ced9065a772e73), userDataDir=C:\Users\479739\AppData\Local\Temp\scoped_dir54192_27973}, takesHeapSnapshot=true, pageLoadStrategy=normal, databaseEnabled=false, handlesAlerts=true, hasTouchScreen=false, version=67.0.3396.79, platform=XP, browserConnectionEnabled=false, nativeEvents=true, acceptSslCerts=false, acceptInsecureCerts=false, locationContextEnabled=true, webStorageEnabled=true, browserName=chrome, takesScreenshot=true, javascriptEnabled=true, cssSelectorsEnabled=true, setWindowRect=true, unexpectedAlertBehaviour=}]
Session ID: a213fe3b815d0f0392a5f0e217b2f9e4 expected [true] but found [false]
	at org.testng.Assert.fail(Assert.java:94)
	at org.testng.Assert.failNotEquals(Assert.java:494)
	at org.testng.Assert.assertTrue(Assert.java:42)
	at Accomodation.Accommodation_Book_Third_Party_Room_Outside_Cancellation.AccommodationBookThirdPartyRoomOutsideCancellation(Accommodation_Book_Third_Party_Room_Outside_Cancellation.java:265)
	at sun.reflect.NativeMethodAccessorImpl.invoke0(Native Method)
	at sun.reflect.NativeMethodAccessorImpl.invoke(NativeMethodAccessorImpl.java:62)
	at sun.reflect.DelegatingMethodAccessorImpl.invoke(DelegatingMethodAccessorImpl.java:43)
	at java.lang.reflect.Method.invoke(Method.java:498)
	at org.testng.internal.MethodInvocationHelper.invokeMethod(MethodInvocationHelper.java:80)
	at org.testng.internal.Invoker.invokeMethod(Invoker.java:714)
	at org.testng.internal.Invoker.invokeTestMethod(Invoker.java:901)
	at org.testng.internal.Invoker.invokeTestMethods(Invoker.java:1231)
	at org.testng.internal.TestMethodWorker.invokeTestMethods(TestMethodWorker.java:127)
	at org.testng.internal.TestMethodWorker.run(TestMethodWorker.java:111)
	at org.testng.TestRunner.privateRun(TestRunner.java:767)
	at org.testng.TestRunner.run(TestRunner.java:617)
	at org.testng.SuiteRunner.runTest(SuiteRunner.java:334)
	at org.testng.SuiteRunner.runSequentially(SuiteRunner.java:329)
	at org.testng.SuiteRunner.privateRun(SuiteRunner.java:291)
	at org.testng.SuiteRunner.run(SuiteRunner.java:240)
	at org.testng.SuiteRunnerWorker.runSuite(SuiteRunnerWorker.java:52)
	at org.testng.SuiteRunnerWorker.run(SuiteRunnerWorker.java:86)
	at org.testng.TestNG.runSuitesSequentially(TestNG.java:1198)
	at org.testng.TestNG.runSuitesLocally(TestNG.java:1123)
	at org.testng.TestNG.run(TestNG.java:1031)
	at org.testng.remote.AbstractRemoteTestNG.run(AbstractRemoteTestNG.java:132)
	at org.testng.remote.RemoteTestNG.initAndRun(RemoteTestNG.java:230)
	at org.testng.remote.RemoteTestNG.main(RemoteTestNG.java:76)
"</b><br>org.testng.Assert.fail(Assert.java:94)<br>org.testng.Assert.failNotEquals(Assert.java:494)<br>org.testng.Assert.assertTrue(Assert.java:42)<br>Accomodation.Accommodation_Book_Third_Party_Room_Outside_Cancellation.AccommodationBookThirdPartyRoomOutsideCancellation(Accommodation_Book_Third_Party_Room_Outside_Cancellation.java:265)<br>sun.reflect.NativeMethodAccessorImpl.invoke0(Native Method)<br>sun.reflect.NativeMethodAccessorImpl.invoke(NativeMethodAccessorImpl.java:62)<br>sun.reflect.DelegatingMethodAccessorImpl.invoke(DelegatingMethodAccessorImpl.java:43)<br>java.lang.reflect.Method.invoke(Method.java:498)<br>org.testng.internal.MethodInvocationHelper.invokeMethod(MethodInvocationHelper.java:80)<br>org.testng.internal.Invoker.invokeMethod(Invoker.java:714)<br>org.testng.internal.Invoker.invokeTestMethod(Invoker.java:901)<br>org.testng.internal.Invoker.invokeTestMethods(Invoker.java:1231)<br>org.testng.internal.TestMethodWorker.invokeTestMethods(TestMethodWorker.java:127)<br>org.testng.internal.TestMethodWorker.run(TestMethodWorker.java:111)<br>org.testng.TestRunner.privateRun(TestRunner.java:767)<br>org.testng.TestRunner.run(TestRunner.java:617)<br>org.testng.SuiteRunner.runTest(SuiteRunner.java:334)<br>org.testng.SuiteRunner.runSequentially(SuiteRunner.java:329)<br>org.testng.SuiteRunner.privateRun(SuiteRunner.java:291)<br>org.testng.SuiteRunner.run(SuiteRunner.java:240)<br>org.testng.SuiteRunnerWorker.runSuite(SuiteRunnerWorker.java:52)<br>org.testng.SuiteRunnerWorker.run(SuiteRunnerWorker.java:86)<br>org.testng.TestNG.runSuitesSequentially(TestNG.java:1198)<br>org.testng.TestNG.runSuitesLocally(TestNG.java:1123)<br>org.testng.TestNG.run(TestNG.java:1031)<br>org.testng.remote.AbstractRemoteTestNG.run(AbstractRemoteTestNG.java:132)<br>org.testng.remote.RemoteTestNG.initAndRun(RemoteTestNG.java:230)<br>org.testng.remote.RemoteTestNG.main(RemoteTestNG.java:76)<br>
</div> <!-- stack-trace -->
                </div> <!-- method-content -->
              </div> <!-- method -->
            </div> <!-- main-panel-content rounded-window-bottom -->
          </div> <!-- suite-SupplierSuite-class-failed -->
          <div class="suite-SupplierSuite-class-failed">
            <div class="main-panel-header rounded-window-top">
              <img src="failed.png"/>
              <span class="class-name">Others.Add_Edit_Sub_Customer</span>
            </div> <!-- main-panel-header rounded-window-top -->
            <div class="main-panel-content rounded-window-bottom">
              <div class="method">
                <div class="method-content">
                  <a name="AddEditSubCustomer(CH)">
                  </a> <!-- AddEditSubCustomer(CH) -->
                  <span class="method-name">AddEditSubCustomer</span>
                  <span class="parameters">(CH)</span>
                  <div class="stack-trace"><b>"java.lang.AssertionError: Timed out after 80 seconds waiting for visibility of element located by By.xpath: //*[contains(text(),&apos;User created successfully.&apos;)]
Build info: version: &apos;2.53.0&apos;, revision: &apos;35ae25b1534ae328c771e0856c93e187490ca824&apos;, time: &apos;2016-03-15 10:43:46&apos;
System info: host: &apos;PC350015&apos;, ip: &apos;172.18.21.21&apos;, os.name: &apos;Windows 10&apos;, os.arch: &apos;amd64&apos;, os.version: &apos;10.0&apos;, java.version: &apos;1.8.0_131&apos;
Driver info: org.openqa.selenium.chrome.ChromeDriver
Capabilities [{applicationCacheEnabled=false, rotatable=false, mobileEmulationEnabled=false, networkConnectionEnabled=false, chrome={chromedriverVersion=2.35.528161 (5b82f2d2aae0ca24b877009200ced9065a772e73), userDataDir=C:\Users\479739\AppData\Local\Temp\scoped_dir13828_22974}, takesHeapSnapshot=true, pageLoadStrategy=normal, databaseEnabled=false, handlesAlerts=true, hasTouchScreen=false, version=67.0.3396.79, platform=XP, browserConnectionEnabled=false, nativeEvents=true, acceptSslCerts=false, acceptInsecureCerts=false, locationContextEnabled=true, webStorageEnabled=true, browserName=chrome, takesScreenshot=true, javascriptEnabled=true, cssSelectorsEnabled=true, setWindowRect=true, unexpectedAlertBehaviour=}]
Session ID: 76eed3f72654c3c3f3143676f45c8149 expected [true] but found [false]
	at Others.Add_Edit_Sub_Customer.AddEditSubCustomer(Add_Edit_Sub_Customer.java:195)
... Removed 27 stack frames<br/> java.lang.AssertionError: Timed out after 80 seconds waiting for visibility of element located by By.xpath: //*[contains(text(),&apos;User created successfully.&apos;)]
Build info: version: &apos;2.53.0&apos;, revision: &apos;35ae25b1534ae328c771e0856c93e187490ca824&apos;, time: &apos;2016-03-15 10:43:46&apos;
System info: host: &apos;PC350015&apos;, ip: &apos;172.18.21.21&apos;, os.name: &apos;Windows 10&apos;, os.arch: &apos;amd64&apos;, os.version: &apos;10.0&apos;, java.version: &apos;1.8.0_131&apos;
Driver info: org.openqa.selenium.chrome.ChromeDriver
Capabilities [{applicationCacheEnabled=false, rotatable=false, mobileEmulationEnabled=false, networkConnectionEnabled=false, chrome={chromedriverVersion=2.35.528161 (5b82f2d2aae0ca24b877009200ced9065a772e73), userDataDir=C:\Users\479739\AppData\Local\Temp\scoped_dir13828_22974}, takesHeapSnapshot=true, pageLoadStrategy=normal, databaseEnabled=false, handlesAlerts=true, hasTouchScreen=false, version=67.0.3396.79, platform=XP, browserConnectionEnabled=false, nativeEvents=true, acceptSslCerts=false, acceptInsecureCerts=false, locationContextEnabled=true, webStorageEnabled=true, browserName=chrome, takesScreenshot=true, javascriptEnabled=true, cssSelectorsEnabled=true, setWindowRect=true, unexpectedAlertBehaviour=}]
Session ID: 76eed3f72654c3c3f3143676f45c8149 expected [true] but found [false]
	at org.testng.Assert.fail(Assert.java:94)
	at org.testng.Assert.failNotEquals(Assert.java:494)
	at org.testng.Assert.assertTrue(Assert.java:42)
	at Others.Add_Edit_Sub_Customer.AddEditSubCustomer(Add_Edit_Sub_Customer.java:195)
	at sun.reflect.NativeMethodAccessorImpl.invoke0(Native Method)
	at sun.reflect.NativeMethodAccessorImpl.invoke(NativeMethodAccessorImpl.java:62)
	at sun.reflect.DelegatingMethodAccessorImpl.invoke(DelegatingMethodAccessorImpl.java:43)
	at java.lang.reflect.Method.invoke(Method.java:498)
	at org.testng.internal.MethodInvocationHelper.invokeMethod(MethodInvocationHelper.java:80)
	at org.testng.internal.Invoker.invokeMethod(Invoker.java:714)
	at org.testng.internal.Invoker.invokeTestMethod(Invoker.java:901)
	at org.testng.internal.Invoker.invokeTestMethods(Invoker.java:1231)
	at org.testng.internal.TestMethodWorker.invokeTestMethods(TestMethodWorker.java:127)
	at org.testng.internal.TestMethodWorker.run(TestMethodWorker.java:111)
	at org.testng.TestRunner.privateRun(TestRunner.java:767)
	at org.testng.TestRunner.run(TestRunner.java:617)
	at org.testng.SuiteRunner.runTest(SuiteRunner.java:334)
	at org.testng.SuiteRunner.runSequentially(SuiteRunner.java:329)
	at org.testng.SuiteRunner.privateRun(SuiteRunner.java:291)
	at org.testng.SuiteRunner.run(SuiteRunner.java:240)
	at org.testng.SuiteRunnerWorker.runSuite(SuiteRunnerWorker.java:52)
	at org.testng.SuiteRunnerWorker.run(SuiteRunnerWorker.java:86)
	at org.testng.TestNG.runSuitesSequentially(TestNG.java:1198)
	at org.testng.TestNG.runSuitesLocally(TestNG.java:1123)
	at org.testng.TestNG.run(TestNG.java:1031)
	at org.testng.remote.AbstractRemoteTestNG.run(AbstractRemoteTestNG.java:132)
	at org.testng.remote.RemoteTestNG.initAndRun(RemoteTestNG.java:230)
	at org.testng.remote.RemoteTestNG.main(RemoteTestNG.java:76)
"</b><br>org.testng.Assert.fail(Assert.java:94)<br>org.testng.Assert.failNotEquals(Assert.java:494)<br>org.testng.Assert.assertTrue(Assert.java:42)<br>Others.Add_Edit_Sub_Customer.AddEditSubCustomer(Add_Edit_Sub_Customer.java:195)<br>sun.reflect.NativeMethodAccessorImpl.invoke0(Native Method)<br>sun.reflect.NativeMethodAccessorImpl.invoke(NativeMethodAccessorImpl.java:62)<br>sun.reflect.DelegatingMethodAccessorImpl.invoke(DelegatingMethodAccessorImpl.java:43)<br>java.lang.reflect.Method.invoke(Method.java:498)<br>org.testng.internal.MethodInvocationHelper.invokeMethod(MethodInvocationHelper.java:80)<br>org.testng.internal.Invoker.invokeMethod(Invoker.java:714)<br>org.testng.internal.Invoker.invokeTestMethod(Invoker.java:901)<br>org.testng.internal.Invoker.invokeTestMethods(Invoker.java:1231)<br>org.testng.internal.TestMethodWorker.invokeTestMethods(TestMethodWorker.java:127)<br>org.testng.internal.TestMethodWorker.run(TestMethodWorker.java:111)<br>org.testng.TestRunner.privateRun(TestRunner.java:767)<br>org.testng.TestRunner.run(TestRunner.java:617)<br>org.testng.SuiteRunner.runTest(SuiteRunner.java:334)<br>org.testng.SuiteRunner.runSequentially(SuiteRunner.java:329)<br>org.testng.SuiteRunner.privateRun(SuiteRunner.java:291)<br>org.testng.SuiteRunner.run(SuiteRunner.java:240)<br>org.testng.SuiteRunnerWorker.runSuite(SuiteRunnerWorker.java:52)<br>org.testng.SuiteRunnerWorker.run(SuiteRunnerWorker.java:86)<br>org.testng.TestNG.runSuitesSequentially(TestNG.java:1198)<br>org.testng.TestNG.runSuitesLocally(TestNG.java:1123)<br>org.testng.TestNG.run(TestNG.java:1031)<br>org.testng.remote.AbstractRemoteTestNG.run(AbstractRemoteTestNG.java:132)<br>org.testng.remote.RemoteTestNG.initAndRun(RemoteTestNG.java:230)<br>org.testng.remote.RemoteTestNG.main(RemoteTestNG.java:76)<br>
</div> <!-- stack-trace -->
                </div> <!-- method-content -->
              </div> <!-- method -->
            </div> <!-- main-panel-content rounded-window-bottom -->
          </div> <!-- suite-SupplierSuite-class-failed -->
          <div class="suite-SupplierSuite-class-failed">
            <div class="main-panel-header rounded-window-top">
              <img src="failed.png"/>
              <span class="class-name">Others.Register_Credit_Card_Customer</span>
            </div> <!-- main-panel-header rounded-window-top -->
            <div class="main-panel-content rounded-window-bottom">
              <div class="method">
                <div class="method-content">
                  <a name="RegisterCreditCardCustomer(CH)">
                  </a> <!-- RegisterCreditCardCustomer(CH) -->
                  <span class="method-name">RegisterCreditCardCustomer</span>
                  <span class="parameters">(CH)</span>
                  <div class="stack-trace"><b>"java.lang.AssertionError: expected [DOTWconnect.com::DOTWconnect.com: My Admin] but found [DOTWconnect.com :: Admin :: Login] expected [true] but found [false]
	at Others.Register_Credit_Card_Customer.RegisterCreditCardCustomer(Register_Credit_Card_Customer.java:208)
... Removed 27 stack frames<br/> java.lang.AssertionError: expected [DOTWconnect.com::DOTWconnect.com: My Admin] but found [DOTWconnect.com :: Admin :: Login] expected [true] but found [false]
	at org.testng.Assert.fail(Assert.java:94)
	at org.testng.Assert.failNotEquals(Assert.java:494)
	at org.testng.Assert.assertTrue(Assert.java:42)
	at Others.Register_Credit_Card_Customer.RegisterCreditCardCustomer(Register_Credit_Card_Customer.java:208)
	at sun.reflect.NativeMethodAccessorImpl.invoke0(Native Method)
	at sun.reflect.NativeMethodAccessorImpl.invoke(NativeMethodAccessorImpl.java:62)
	at sun.reflect.DelegatingMethodAccessorImpl.invoke(DelegatingMethodAccessorImpl.java:43)
	at java.lang.reflect.Method.invoke(Method.java:498)
	at org.testng.internal.MethodInvocationHelper.invokeMethod(MethodInvocationHelper.java:80)
	at org.testng.internal.Invoker.invokeMethod(Invoker.java:714)
	at org.testng.internal.Invoker.invokeTestMethod(Invoker.java:901)
	at org.testng.internal.Invoker.invokeTestMethods(Invoker.java:1231)
	at org.testng.internal.TestMethodWorker.invokeTestMethods(TestMethodWorker.java:127)
	at org.testng.internal.TestMethodWorker.run(TestMethodWorker.java:111)
	at org.testng.TestRunner.privateRun(TestRunner.java:767)
	at org.testng.TestRunner.run(TestRunner.java:617)
	at org.testng.SuiteRunner.runTest(SuiteRunner.java:334)
	at org.testng.SuiteRunner.runSequentially(SuiteRunner.java:329)
	at org.testng.SuiteRunner.privateRun(SuiteRunner.java:291)
	at org.testng.SuiteRunner.run(SuiteRunner.java:240)
	at org.testng.SuiteRunnerWorker.runSuite(SuiteRunnerWorker.java:52)
	at org.testng.SuiteRunnerWorker.run(SuiteRunnerWorker.java:86)
	at org.testng.TestNG.runSuitesSequentially(TestNG.java:1198)
	at org.testng.TestNG.runSuitesLocally(TestNG.java:1123)
	at org.testng.TestNG.run(TestNG.java:1031)
	at org.testng.remote.AbstractRemoteTestNG.run(AbstractRemoteTestNG.java:132)
	at org.testng.remote.RemoteTestNG.initAndRun(RemoteTestNG.java:230)
	at org.testng.remote.RemoteTestNG.main(RemoteTestNG.java:76)
"</b><br>org.testng.Assert.fail(Assert.java:94)<br>org.testng.Assert.failNotEquals(Assert.java:494)<br>org.testng.Assert.assertTrue(Assert.java:42)<br>Others.Register_Credit_Card_Customer.RegisterCreditCardCustomer(Register_Credit_Card_Customer.java:208)<br>sun.reflect.NativeMethodAccessorImpl.invoke0(Native Method)<br>sun.reflect.NativeMethodAccessorImpl.invoke(NativeMethodAccessorImpl.java:62)<br>sun.reflect.DelegatingMethodAccessorImpl.invoke(DelegatingMethodAccessorImpl.java:43)<br>java.lang.reflect.Method.invoke(Method.java:498)<br>org.testng.internal.MethodInvocationHelper.invokeMethod(MethodInvocationHelper.java:80)<br>org.testng.internal.Invoker.invokeMethod(Invoker.java:714)<br>org.testng.internal.Invoker.invokeTestMethod(Invoker.java:901)<br>org.testng.internal.Invoker.invokeTestMethods(Invoker.java:1231)<br>org.testng.internal.TestMethodWorker.invokeTestMethods(TestMethodWorker.java:127)<br>org.testng.internal.TestMethodWorker.run(TestMethodWorker.java:111)<br>org.testng.TestRunner.privateRun(TestRunner.java:767)<br>org.testng.TestRunner.run(TestRunner.java:617)<br>org.testng.SuiteRunner.runTest(SuiteRunner.java:334)<br>org.testng.SuiteRunner.runSequentially(SuiteRunner.java:329)<br>org.testng.SuiteRunner.privateRun(SuiteRunner.java:291)<br>org.testng.SuiteRunner.run(SuiteRunner.java:240)<br>org.testng.SuiteRunnerWorker.runSuite(SuiteRunnerWorker.java:52)<br>org.testng.SuiteRunnerWorker.run(SuiteRunnerWorker.java:86)<br>org.testng.TestNG.runSuitesSequentially(TestNG.java:1198)<br>org.testng.TestNG.runSuitesLocally(TestNG.java:1123)<br>org.testng.TestNG.run(TestNG.java:1031)<br>org.testng.remote.AbstractRemoteTestNG.run(AbstractRemoteTestNG.java:132)<br>org.testng.remote.RemoteTestNG.initAndRun(RemoteTestNG.java:230)<br>org.testng.remote.RemoteTestNG.main(RemoteTestNG.java:76)<br>
</div> <!-- stack-trace -->
                </div> <!-- method-content -->
              </div> <!-- method -->
            </div> <!-- main-panel-content rounded-window-bottom -->
          </div> <!-- suite-SupplierSuite-class-failed -->
          <div class="suite-SupplierSuite-class-passed">
            <div class="main-panel-header rounded-window-top">
              <img src="passed.png"/>
              <span class="class-name">Accomodation.Accommodation_Book_DOTW_Multi_Room_Outside_Cancellation</span>
            </div> <!-- main-panel-header rounded-window-top -->
            <div class="main-panel-content rounded-window-bottom">
              <div class="method">
                <div class="method-content">
                  <a name="AccommodationBookDOTWMultiRoomOutsideCancellation(CH)">
                  </a> <!-- AccommodationBookDOTWMultiRoomOutsideCancellation(CH) -->
                  <span class="method-name">AccommodationBookDOTWMultiRoomOutsideCancellation</span>
                  <span class="parameters">(CH)</span>
                </div> <!-- method-content -->
              </div> <!-- method -->
            </div> <!-- main-panel-content rounded-window-bottom -->
          </div> <!-- suite-SupplierSuite-class-passed -->
          <div class="suite-SupplierSuite-class-passed">
            <div class="main-panel-header rounded-window-top">
              <img src="passed.png"/>
              <span class="class-name">Accomodation.Accomodation_Booking_Documents</span>
            </div> <!-- main-panel-header rounded-window-top -->
            <div class="main-panel-content rounded-window-bottom">
              <div class="method">
                <div class="method-content">
                  <a name="AccomodationBookingDocuments(CH)">
                  </a> <!-- AccomodationBookingDocuments(CH) -->
                  <span class="method-name">AccomodationBookingDocuments</span>
                  <span class="parameters">(CH)</span>
                </div> <!-- method-content -->
              </div> <!-- method -->
            </div> <!-- main-panel-content rounded-window-bottom -->
          </div> <!-- suite-SupplierSuite-class-passed -->
          <div class="suite-SupplierSuite-class-passed">
            <div class="main-panel-header rounded-window-top">
              <img src="passed.png"/>
              <span class="class-name">Others.Credit_Customer_Login</span>
            </div> <!-- main-panel-header rounded-window-top -->
            <div class="main-panel-content rounded-window-bottom">
              <div class="method">
                <div class="method-content">
                  <a name="CreditCustomerLogin(CH)">
                  </a> <!-- CreditCustomerLogin(CH) -->
                  <span class="method-name">CreditCustomerLogin</span>
                  <span class="parameters">(CH)</span>
                </div> <!-- method-content -->
              </div> <!-- method -->
            </div> <!-- main-panel-content rounded-window-bottom -->
          </div> <!-- suite-SupplierSuite-class-passed -->
          <div class="suite-SupplierSuite-class-passed">
            <div class="main-panel-header rounded-window-top">
              <img src="passed.png"/>
              <span class="class-name">Others.Credit_Card_Customer_Login</span>
            </div> <!-- main-panel-header rounded-window-top -->
            <div class="main-panel-content rounded-window-bottom">
              <div class="method">
                <div class="method-content">
                  <a name="CreditCardCustomerLogin(CH)">
                  </a> <!-- CreditCardCustomerLogin(CH) -->
                  <span class="method-name">CreditCardCustomerLogin</span>
                  <span class="parameters">(CH)</span>
                </div> <!-- method-content -->
              </div> <!-- method -->
            </div> <!-- main-panel-content rounded-window-bottom -->
          </div> <!-- suite-SupplierSuite-class-passed -->
          <div class="suite-SupplierSuite-class-passed">
            <div class="main-panel-header rounded-window-top">
              <img src="passed.png"/>
              <span class="class-name">Accomodation.Find_Booking</span>
            </div> <!-- main-panel-header rounded-window-top -->
            <div class="main-panel-content rounded-window-bottom">
              <div class="method">
                <div class="method-content">
                  <a name="FindBooking(CH)">
                  </a> <!-- FindBooking(CH) -->
                  <span class="method-name">FindBooking</span>
                  <span class="parameters">(CH)</span>
                </div> <!-- method-content -->
              </div> <!-- method -->
            </div> <!-- main-panel-content rounded-window-bottom -->
          </div> <!-- suite-SupplierSuite-class-passed -->
          <div class="suite-SupplierSuite-class-passed">
            <div class="main-panel-header rounded-window-top">
              <img src="passed.png"/>
              <span class="class-name">Accomodation.Accomodation_Book_Adult_With_Children</span>
            </div> <!-- main-panel-header rounded-window-top -->
            <div class="main-panel-content rounded-window-bottom">
              <div class="method">
                <div class="method-content">
                  <a name="AccomodationBookAdultWithChildren(CH)">
                  </a> <!-- AccomodationBookAdultWithChildren(CH) -->
                  <span class="method-name">AccomodationBookAdultWithChildren</span>
                  <span class="parameters">(CH)</span>
                </div> <!-- method-content -->
              </div> <!-- method -->
            </div> <!-- main-panel-content rounded-window-bottom -->
          </div> <!-- suite-SupplierSuite-class-passed -->
          <div class="suite-SupplierSuite-class-passed">
            <div class="main-panel-header rounded-window-top">
              <img src="passed.png"/>
              <span class="class-name">Accomodation.Accommodation_Book_Direct_Room_Outside_Cancellation</span>
            </div> <!-- main-panel-header rounded-window-top -->
            <div class="main-panel-content rounded-window-bottom">
              <div class="method">
                <div class="method-content">
                  <a name="AccommodationBookDirectRoomOutsideCancellation(CH)">
                  </a> <!-- AccommodationBookDirectRoomOutsideCancellation(CH) -->
                  <span class="method-name">AccommodationBookDirectRoomOutsideCancellation</span>
                  <span class="parameters">(CH)</span>
                </div> <!-- method-content -->
              </div> <!-- method -->
            </div> <!-- main-panel-content rounded-window-bottom -->
          </div> <!-- suite-SupplierSuite-class-passed -->
          <div class="suite-SupplierSuite-class-passed">
            <div class="main-panel-header rounded-window-top">
              <img src="passed.png"/>
              <span class="class-name">Accomodation.Find_Booking_With_Passenger_Name</span>
            </div> <!-- main-panel-header rounded-window-top -->
            <div class="main-panel-content rounded-window-bottom">
              <div class="method">
                <div class="method-content">
                  <a name="FindBookingWithPassengerName(CH)">
                  </a> <!-- FindBookingWithPassengerName(CH) -->
                  <span class="method-name">FindBookingWithPassengerName</span>
                  <span class="parameters">(CH)</span>
                </div> <!-- method-content -->
              </div> <!-- method -->
            </div> <!-- main-panel-content rounded-window-bottom -->
          </div> <!-- suite-SupplierSuite-class-passed -->
          <div class="suite-SupplierSuite-class-passed">
            <div class="main-panel-header rounded-window-top">
              <img src="passed.png"/>
              <span class="class-name">Others.Edit_Profile</span>
            </div> <!-- main-panel-header rounded-window-top -->
            <div class="main-panel-content rounded-window-bottom">
              <div class="method">
                <div class="method-content">
                  <a name="EditProfile(CH)">
                  </a> <!-- EditProfile(CH) -->
                  <span class="method-name">EditProfile</span>
                  <span class="parameters">(CH)</span>
                </div> <!-- method-content -->
              </div> <!-- method -->
            </div> <!-- main-panel-content rounded-window-bottom -->
          </div> <!-- suite-SupplierSuite-class-passed -->
          <div class="suite-SupplierSuite-class-passed">
            <div class="main-panel-header rounded-window-top">
              <img src="passed.png"/>
              <span class="class-name">Accomodation.Amend_Booking</span>
            </div> <!-- main-panel-header rounded-window-top -->
            <div class="main-panel-content rounded-window-bottom">
              <div class="method">
                <div class="method-content">
                  <a name="AmendBooking(CH)">
                  </a> <!-- AmendBooking(CH) -->
                  <span class="method-name">AmendBooking</span>
                  <span class="parameters">(CH)</span>
                </div> <!-- method-content -->
              </div> <!-- method -->
            </div> <!-- main-panel-content rounded-window-bottom -->
          </div> <!-- suite-SupplierSuite-class-passed -->
          <div class="suite-SupplierSuite-class-passed">
            <div class="main-panel-header rounded-window-top">
              <img src="passed.png"/>
              <span class="class-name">Accomodation.Accomodation_Search_With_Filters</span>
            </div> <!-- main-panel-header rounded-window-top -->
            <div class="main-panel-content rounded-window-bottom">
              <div class="method">
                <div class="method-content">
                  <a name="AccomodationSearchWithFilters(CH)">
                  </a> <!-- AccomodationSearchWithFilters(CH) -->
                  <span class="method-name">AccomodationSearchWithFilters</span>
                  <span class="parameters">(CH)</span>
                </div> <!-- method-content -->
              </div> <!-- method -->
            </div> <!-- main-panel-content rounded-window-bottom -->
          </div> <!-- suite-SupplierSuite-class-passed -->
          <div class="suite-SupplierSuite-class-passed">
            <div class="main-panel-header rounded-window-top">
              <img src="passed.png"/>
              <span class="class-name">Accomodation.Accommodation_Book_Extra_Meal</span>
            </div> <!-- main-panel-header rounded-window-top -->
            <div class="main-panel-content rounded-window-bottom">
              <div class="method">
                <div class="method-content">
                  <a name="AccommodationBookExtraMeal(CH)">
                  </a> <!-- AccommodationBookExtraMeal(CH) -->
                  <span class="method-name">AccommodationBookExtraMeal</span>
                  <span class="parameters">(CH)</span>
                </div> <!-- method-content -->
              </div> <!-- method -->
            </div> <!-- main-panel-content rounded-window-bottom -->
          </div> <!-- suite-SupplierSuite-class-passed -->
          <div class="suite-SupplierSuite-class-passed">
            <div class="main-panel-header rounded-window-top">
              <img src="passed.png"/>
              <span class="class-name">Others.Prepay_Customer_Login</span>
            </div> <!-- main-panel-header rounded-window-top -->
            <div class="main-panel-content rounded-window-bottom">
              <div class="method">
                <div class="method-content">
                  <a name="PrepayCustomerLogin(CH)">
                  </a> <!-- PrepayCustomerLogin(CH) -->
                  <span class="method-name">PrepayCustomerLogin</span>
                  <span class="parameters">(CH)</span>
                </div> <!-- method-content -->
              </div> <!-- method -->
            </div> <!-- main-panel-content rounded-window-bottom -->
          </div> <!-- suite-SupplierSuite-class-passed -->
          <div class="suite-SupplierSuite-class-passed">
            <div class="main-panel-header rounded-window-top">
              <img src="passed.png"/>
              <span class="class-name">Accomodation.Accommodation_Book_DOTW_Room_Outside_Cancellation</span>
            </div> <!-- main-panel-header rounded-window-top -->
            <div class="main-panel-content rounded-window-bottom">
              <div class="method">
                <div class="method-content">
                  <a name="AccommodationBookDOTWRoomOutsideCancellation(CH)">
                  </a> <!-- AccommodationBookDOTWRoomOutsideCancellation(CH) -->
                  <span class="method-name">AccommodationBookDOTWRoomOutsideCancellation</span>
                  <span class="parameters">(CH)</span>
                </div> <!-- method-content -->
              </div> <!-- method -->
            </div> <!-- main-panel-content rounded-window-bottom -->
          </div> <!-- suite-SupplierSuite-class-passed -->
          <div class="suite-SupplierSuite-class-passed">
            <div class="main-panel-header rounded-window-top">
              <img src="passed.png"/>
              <span class="class-name">Others.Inactive_Customer_LogIn</span>
            </div> <!-- main-panel-header rounded-window-top -->
            <div class="main-panel-content rounded-window-bottom">
              <div class="method">
                <div class="method-content">
                  <a name="InactiveCustomerCustomerLogin(CH)">
                  </a> <!-- InactiveCustomerCustomerLogin(CH) -->
                  <span class="method-name">InactiveCustomerCustomerLogin</span>
                  <span class="parameters">(CH)</span>
                </div> <!-- method-content -->
              </div> <!-- method -->
            </div> <!-- main-panel-content rounded-window-bottom -->
          </div> <!-- suite-SupplierSuite-class-passed -->
          <div class="suite-SupplierSuite-class-passed">
            <div class="main-panel-header rounded-window-top">
              <img src="passed.png"/>
              <span class="class-name">Tour.Search_Tour</span>
            </div> <!-- main-panel-header rounded-window-top -->
            <div class="main-panel-content rounded-window-bottom">
              <div class="method">
                <div class="method-content">
                  <a name="SearchTour(CH)">
                  </a> <!-- SearchTour(CH) -->
                  <span class="method-name">SearchTour</span>
                  <span class="parameters">(CH)</span>
                </div> <!-- method-content -->
              </div> <!-- method -->
            </div> <!-- main-panel-content rounded-window-bottom -->
          </div> <!-- suite-SupplierSuite-class-passed -->
          <div class="suite-SupplierSuite-class-passed">
            <div class="main-panel-header rounded-window-top">
              <img src="passed.png"/>
              <span class="class-name">Others.Supplier_Login</span>
            </div> <!-- main-panel-header rounded-window-top -->
            <div class="main-panel-content rounded-window-bottom">
              <div class="method">
                <div class="method-content">
                  <a name="SupplierLogin(CH)">
                  </a> <!-- SupplierLogin(CH) -->
                  <span class="method-name">SupplierLogin</span>
                  <span class="parameters">(CH)</span>
                </div> <!-- method-content -->
              </div> <!-- method -->
            </div> <!-- main-panel-content rounded-window-bottom -->
          </div> <!-- suite-SupplierSuite-class-passed -->
        </div> <!-- panel SupplierSuite -->
        <div panel-name="test-xml-SupplierSuite" class="panel">
          <div class="main-panel-header rounded-window-top">
            <span class="header-content">C:\Eclipse Mars 4.5.2\eclipse\@user.home\Eclipse Mars\Workspace\Smoke.Suite.CustomerInterface\src\test\java\testng.xml</span>
          </div> <!-- main-panel-header rounded-window-top -->
          <div class="main-panel-content rounded-window-bottom">
            <pre>
&lt;?xml version=&quot;1.0&quot; encoding=&quot;UTF-8&quot;?&gt;
&lt;!DOCTYPE suite SYSTEM &quot;http://testng.org/testng-1.0.dtd&quot;&gt;
&lt;suite name=&quot;SupplierSuite&quot;&gt;
  &lt;test name=&quot;SupplierTest1&quot;&gt;
    &lt;parameter name=&quot;browsername&quot; value=&quot;CH&quot;/&gt;
    &lt;classes&gt;
      &lt;class name=&quot;Accomodation.Accommodation_Book_Direct_Room_Outside_Cancellation&quot;/&gt;
    &lt;/classes&gt;
  &lt;/test&gt; &lt;!-- SupplierTest1 --&gt;
  &lt;test name=&quot;SupplierTest2&quot;&gt;
    &lt;parameter name=&quot;browsername&quot; value=&quot;CH&quot;/&gt;
    &lt;classes&gt;
      &lt;class name=&quot;Accomodation.Accommodation_Book_Direct_Multi_Room_Outside_Cancellation&quot;/&gt;
    &lt;/classes&gt;
  &lt;/test&gt; &lt;!-- SupplierTest2 --&gt;
  &lt;test name=&quot;SupplierTest3&quot;&gt;
    &lt;parameter name=&quot;browsername&quot; value=&quot;CH&quot;/&gt;
    &lt;classes&gt;
      &lt;class name=&quot;Accomodation.Accommodation_Book_DOTW_Multi_Room_Outside_Cancellation&quot;/&gt;
    &lt;/classes&gt;
  &lt;/test&gt; &lt;!-- SupplierTest3 --&gt;
  &lt;test name=&quot;SupplierTest4&quot;&gt;
    &lt;parameter name=&quot;browsername&quot; value=&quot;CH&quot;/&gt;
    &lt;classes&gt;
      &lt;class name=&quot;Accomodation.Accommodation_Book_DOTW_Room_Outside_Cancellation&quot;/&gt;
    &lt;/classes&gt;
  &lt;/test&gt; &lt;!-- SupplierTest4 --&gt;
  &lt;test name=&quot;SupplierTest5&quot;&gt;
    &lt;parameter name=&quot;browsername&quot; value=&quot;CH&quot;/&gt;
    &lt;classes&gt;
      &lt;class name=&quot;Accomodation.Accommodation_Book_Extra_Meal&quot;/&gt;
    &lt;/classes&gt;
  &lt;/test&gt; &lt;!-- SupplierTest5 --&gt;
  &lt;test name=&quot;SupplierTest6&quot;&gt;
    &lt;parameter name=&quot;browsername&quot; value=&quot;CH&quot;/&gt;
    &lt;classes&gt;
      &lt;class name=&quot;Accomodation.Accommodation_Book_Third_Party_Multi_Room_Outside_Cancellation&quot;/&gt;
    &lt;/classes&gt;
  &lt;/test&gt; &lt;!-- SupplierTest6 --&gt;
  &lt;test name=&quot;SupplierTest7&quot;&gt;
    &lt;parameter name=&quot;browsername&quot; value=&quot;CH&quot;/&gt;
    &lt;classes&gt;
      &lt;class name=&quot;Accomodation.Accommodation_Book_Third_Party_Room_Outside_Cancellation&quot;/&gt;
    &lt;/classes&gt;
  &lt;/test&gt; &lt;!-- SupplierTest7 --&gt;
  &lt;test name=&quot;SupplierTest8&quot;&gt;
    &lt;parameter name=&quot;browsername&quot; value=&quot;CH&quot;/&gt;
    &lt;classes&gt;
      &lt;class name=&quot;Accomodation.Accomodation_Book_Adult_With_Children&quot;/&gt;
    &lt;/classes&gt;
  &lt;/test&gt; &lt;!-- SupplierTest8 --&gt;
  &lt;test name=&quot;SupplierTest9&quot;&gt;
    &lt;parameter name=&quot;browsername&quot; value=&quot;CH&quot;/&gt;
    &lt;classes&gt;
      &lt;class name=&quot;Accomodation.Accomodation_Booking_Documents&quot;/&gt;
    &lt;/classes&gt;
  &lt;/test&gt; &lt;!-- SupplierTest9 --&gt;
  &lt;test name=&quot;SupplierTest10&quot;&gt;
    &lt;parameter name=&quot;browsername&quot; value=&quot;CH&quot;/&gt;
    &lt;classes&gt;
      &lt;class name=&quot;Accomodation.Accomodation_Search_With_Filters&quot;/&gt;
    &lt;/classes&gt;
  &lt;/test&gt; &lt;!-- SupplierTest10 --&gt;
  &lt;test name=&quot;SupplierTest11&quot;&gt;
    &lt;parameter name=&quot;browsername&quot; value=&quot;CH&quot;/&gt;
    &lt;classes&gt;
      &lt;class name=&quot;Accomodation.Amend_Booking&quot;/&gt;
    &lt;/classes&gt;
  &lt;/test&gt; &lt;!-- SupplierTest11 --&gt;
  &lt;test name=&quot;SupplierTest12&quot;&gt;
    &lt;parameter name=&quot;browsername&quot; value=&quot;CH&quot;/&gt;
    &lt;classes&gt;
      &lt;class name=&quot;Accomodation.Cancel_Booking&quot;/&gt;
    &lt;/classes&gt;
  &lt;/test&gt; &lt;!-- SupplierTest12 --&gt;
  &lt;test name=&quot;SupplierTest13&quot;&gt;
    &lt;parameter name=&quot;browsername&quot; value=&quot;CH&quot;/&gt;
    &lt;classes&gt;
      &lt;class name=&quot;Accomodation.Find_Booking_With_Passenger_Name&quot;/&gt;
    &lt;/classes&gt;
  &lt;/test&gt; &lt;!-- SupplierTest13 --&gt;
  &lt;test name=&quot;SupplierTest14&quot;&gt;
    &lt;parameter name=&quot;browsername&quot; value=&quot;CH&quot;/&gt;
    &lt;classes&gt;
      &lt;class name=&quot;Accomodation.Find_Booking&quot;/&gt;
    &lt;/classes&gt;
  &lt;/test&gt; &lt;!-- SupplierTest14 --&gt;
  &lt;test name=&quot;SupplierTest15&quot;&gt;
    &lt;parameter name=&quot;browsername&quot; value=&quot;CH&quot;/&gt;
    &lt;classes&gt;
      &lt;class name=&quot;Others.Add_Edit_Sub_Customer&quot;/&gt;
    &lt;/classes&gt;
  &lt;/test&gt; &lt;!-- SupplierTest15 --&gt;
  &lt;test name=&quot;SupplierTest16&quot;&gt;
    &lt;parameter name=&quot;browsername&quot; value=&quot;CH&quot;/&gt;
    &lt;classes&gt;
      &lt;class name=&quot;Others.Credit_Card_Customer_Login&quot;/&gt;
    &lt;/classes&gt;
  &lt;/test&gt; &lt;!-- SupplierTest16 --&gt;
  &lt;test name=&quot;SupplierTest17&quot;&gt;
    &lt;parameter name=&quot;browsername&quot; value=&quot;CH&quot;/&gt;
    &lt;classes&gt;
      &lt;class name=&quot;Others.Credit_Customer_Login&quot;/&gt;
    &lt;/classes&gt;
  &lt;/test&gt; &lt;!-- SupplierTest17 --&gt;
  &lt;test name=&quot;SupplierTest18&quot;&gt;
    &lt;parameter name=&quot;browsername&quot; value=&quot;CH&quot;/&gt;
    &lt;classes&gt;
      &lt;class name=&quot;Others.Edit_Profile&quot;/&gt;
    &lt;/classes&gt;
  &lt;/test&gt; &lt;!-- SupplierTest18 --&gt;
  &lt;test name=&quot;SupplierTest20&quot;&gt;
    &lt;parameter name=&quot;browsername&quot; value=&quot;CH&quot;/&gt;
    &lt;classes&gt;
      &lt;class name=&quot;Others.Inactive_Customer_LogIn&quot;/&gt;
    &lt;/classes&gt;
  &lt;/test&gt; &lt;!-- SupplierTest20 --&gt;
  &lt;test name=&quot;SupplierTest22&quot;&gt;
    &lt;parameter name=&quot;browsername&quot; value=&quot;CH&quot;/&gt;
    &lt;classes&gt;
      &lt;class name=&quot;Others.Prepay_Customer_Login&quot;/&gt;
    &lt;/classes&gt;
  &lt;/test&gt; &lt;!-- SupplierTest22 --&gt;
  &lt;test name=&quot;SupplierTest23&quot;&gt;
    &lt;parameter name=&quot;browsername&quot; value=&quot;CH&quot;/&gt;
    &lt;classes&gt;
      &lt;class name=&quot;Others.Register_Credit_Card_Customer&quot;/&gt;
    &lt;/classes&gt;
  &lt;/test&gt; &lt;!-- SupplierTest23 --&gt;
  &lt;test name=&quot;SupplierTest26&quot;&gt;
    &lt;parameter name=&quot;browsername&quot; value=&quot;CH&quot;/&gt;
    &lt;classes&gt;
      &lt;class name=&quot;Others.Supplier_Login&quot;/&gt;
    &lt;/classes&gt;
  &lt;/test&gt; &lt;!-- SupplierTest26 --&gt;
  &lt;test name=&quot;SupplierTest27&quot;&gt;
    &lt;parameter name=&quot;browsername&quot; value=&quot;CH&quot;/&gt;
    &lt;classes&gt;
      &lt;class name=&quot;Tour.Book_Tour&quot;/&gt;
    &lt;/classes&gt;
  &lt;/test&gt; &lt;!-- SupplierTest27 --&gt;
  &lt;test name=&quot;SupplierTest28&quot;&gt;
    &lt;parameter name=&quot;browsername&quot; value=&quot;CH&quot;/&gt;
    &lt;classes&gt;
      &lt;class name=&quot;Tour.Find_Tour_Booking&quot;/&gt;
    &lt;/classes&gt;
  &lt;/test&gt; &lt;!-- SupplierTest28 --&gt;
  &lt;test name=&quot;SupplierTest29&quot;&gt;
    &lt;parameter name=&quot;browsername&quot; value=&quot;CH&quot;/&gt;
    &lt;classes&gt;
      &lt;class name=&quot;Tour.Search_Tour&quot;/&gt;
    &lt;/classes&gt;
  &lt;/test&gt; &lt;!-- SupplierTest29 --&gt;
&lt;/suite&gt; &lt;!-- SupplierSuite --&gt;
            </pre>
          </div> <!-- main-panel-content rounded-window-bottom -->
        </div> <!-- panel -->
        <div panel-name="testlist-SupplierSuite" class="panel">
          <div class="main-panel-header rounded-window-top">
            <span class="header-content">Tests for SupplierSuite</span>
          </div> <!-- main-panel-header rounded-window-top -->
          <div class="main-panel-content rounded-window-bottom">
            <ul>
              <li>
                <span class="test-name">SupplierTest1 (1 class)</span>
              </li>
              <li>
                <span class="test-name">SupplierTest2 (1 class)</span>
              </li>
              <li>
                <span class="test-name">SupplierTest3 (1 class)</span>
              </li>
              <li>
                <span class="test-name">SupplierTest4 (1 class)</span>
              </li>
              <li>
                <span class="test-name">SupplierTest5 (1 class)</span>
              </li>
              <li>
                <span class="test-name">SupplierTest6 (1 class)</span>
              </li>
              <li>
                <span class="test-name">SupplierTest7 (1 class)</span>
              </li>
              <li>
                <span class="test-name">SupplierTest8 (1 class)</span>
              </li>
              <li>
                <span class="test-name">SupplierTest9 (1 class)</span>
              </li>
              <li>
                <span class="test-name">SupplierTest10 (1 class)</span>
              </li>
              <li>
                <span class="test-name">SupplierTest11 (1 class)</span>
              </li>
              <li>
                <span class="test-name">SupplierTest12 (1 class)</span>
              </li>
              <li>
                <span class="test-name">SupplierTest13 (1 class)</span>
              </li>
              <li>
                <span class="test-name">SupplierTest14 (1 class)</span>
              </li>
              <li>
                <span class="test-name">SupplierTest15 (1 class)</span>
              </li>
              <li>
                <span class="test-name">SupplierTest16 (1 class)</span>
              </li>
              <li>
                <span class="test-name">SupplierTest17 (1 class)</span>
              </li>
              <li>
                <span class="test-name">SupplierTest18 (1 class)</span>
              </li>
              <li>
                <span class="test-name">SupplierTest20 (1 class)</span>
              </li>
              <li>
                <span class="test-name">SupplierTest22 (1 class)</span>
              </li>
              <li>
                <span class="test-name">SupplierTest23 (1 class)</span>
              </li>
              <li>
                <span class="test-name">SupplierTest26 (1 class)</span>
              </li>
              <li>
                <span class="test-name">SupplierTest27 (1 class)</span>
              </li>
              <li>
                <span class="test-name">SupplierTest28 (1 class)</span>
              </li>
              <li>
                <span class="test-name">SupplierTest29 (1 class)</span>
              </li>
            </ul>
          </div> <!-- main-panel-content rounded-window-bottom -->
        </div> <!-- panel -->
        <div panel-name="group-SupplierSuite" class="panel">
          <div class="main-panel-header rounded-window-top">
            <span class="header-content">Groups for SupplierSuite</span>
          </div> <!-- main-panel-header rounded-window-top -->
          <div class="main-panel-content rounded-window-bottom">
          </div> <!-- main-panel-content rounded-window-bottom -->
        </div> <!-- panel -->
        <div panel-name="times-SupplierSuite" class="panel">
          <div class="main-panel-header rounded-window-top">
            <span class="header-content">Times for SupplierSuite</span>
          </div> <!-- main-panel-header rounded-window-top -->
          <div class="main-panel-content rounded-window-bottom">
            <div class="times-div">
              <script type="text/javascript">
suiteTableInitFunctions.push('tableData_SupplierSuite');
function tableData_SupplierSuite() {
var data = new google.visualization.DataTable();
data.addColumn('number', 'Number');
data.addColumn('string', 'Method');
data.addColumn('string', 'Class');
data.addColumn('number', 'Time (ms)');
data.addRows(25);
data.setCell(0, 0, 0)
data.setCell(0, 1, 'CancelBooking')
data.setCell(0, 2, 'Accomodation.Cancel_Booking')
data.setCell(0, 3, 179925);
data.setCell(1, 0, 1)
data.setCell(1, 1, 'AmendBooking')
data.setCell(1, 2, 'Accomodation.Amend_Booking')
data.setCell(1, 3, 131388);
data.setCell(2, 0, 2)
data.setCell(2, 1, 'AccommodationBookDirectRoomOutsideCancellation')
data.setCell(2, 2, 'Accomodation.Accommodation_Book_Direct_Room_Outside_Cancellation')
data.setCell(2, 3, 123169);
data.setCell(3, 0, 3)
data.setCell(3, 1, 'AddEditSubCustomer')
data.setCell(3, 2, 'Others.Add_Edit_Sub_Customer')
data.setCell(3, 3, 119099);
data.setCell(4, 0, 4)
data.setCell(4, 1, 'AccommodationBookExtraMeal')
data.setCell(4, 2, 'Accomodation.Accommodation_Book_Extra_Meal')
data.setCell(4, 3, 118277);
data.setCell(5, 0, 5)
data.setCell(5, 1, 'AccommodationBookDirectMultiRoomOutsideCancellation')
data.setCell(5, 2, 'Accomodation.Accommodation_Book_Direct_Multi_Room_Outside_Cancellation')
data.setCell(5, 3, 115189);
data.setCell(6, 0, 6)
data.setCell(6, 1, 'AccommodationBookThirdPartyMultiRoomOutsideCancellation')
data.setCell(6, 2, 'Accomodation.Accommodation_Book_Third_Party_Multi_Room_Outside_Cancellation')
data.setCell(6, 3, 106300);
data.setCell(7, 0, 7)
data.setCell(7, 1, 'AccomodationBookAdultWithChildren')
data.setCell(7, 2, 'Accomodation.Accomodation_Book_Adult_With_Children')
data.setCell(7, 3, 104533);
data.setCell(8, 0, 8)
data.setCell(8, 1, 'BookTour')
data.setCell(8, 2, 'Tour.Book_Tour')
data.setCell(8, 3, 95682);
data.setCell(9, 0, 9)
data.setCell(9, 1, 'FindBookingWithPassengerName')
data.setCell(9, 2, 'Accomodation.Find_Booking_With_Passenger_Name')
data.setCell(9, 3, 90241);
data.setCell(10, 0, 10)
data.setCell(10, 1, 'FindBooking')
data.setCell(10, 2, 'Accomodation.Find_Booking')
data.setCell(10, 3, 86621);
data.setCell(11, 0, 11)
data.setCell(11, 1, 'AccommodationBookDOTWMultiRoomOutsideCancellation')
data.setCell(11, 2, 'Accomodation.Accommodation_Book_DOTW_Multi_Room_Outside_Cancellation')
data.setCell(11, 3, 85583);
data.setCell(12, 0, 12)
data.setCell(12, 1, 'AccomodationBookingDocuments')
data.setCell(12, 2, 'Accomodation.Accomodation_Booking_Documents')
data.setCell(12, 3, 79420);
data.setCell(13, 0, 13)
data.setCell(13, 1, 'AccommodationBookDOTWRoomOutsideCancellation')
data.setCell(13, 2, 'Accomodation.Accommodation_Book_DOTW_Room_Outside_Cancellation')
data.setCell(13, 3, 74155);
data.setCell(14, 0, 14)
data.setCell(14, 1, 'AccommodationBookThirdPartyRoomOutsideCancellation')
data.setCell(14, 2, 'Accomodation.Accommodation_Book_Third_Party_Room_Outside_Cancellation')
data.setCell(14, 3, 72713);
data.setCell(15, 0, 15)
data.setCell(15, 1, 'FindTourBooking')
data.setCell(15, 2, 'Tour.Find_Tour_Booking')
data.setCell(15, 3, 70876);
data.setCell(16, 0, 16)
data.setCell(16, 1, 'EditProfile')
data.setCell(16, 2, 'Others.Edit_Profile')
data.setCell(16, 3, 50304);
data.setCell(17, 0, 17)
data.setCell(17, 1, 'SearchTour')
data.setCell(17, 2, 'Tour.Search_Tour')
data.setCell(17, 3, 47925);
data.setCell(18, 0, 18)
data.setCell(18, 1, 'AccomodationSearchWithFilters')
data.setCell(18, 2, 'Accomodation.Accomodation_Search_With_Filters')
data.setCell(18, 3, 39293);
data.setCell(19, 0, 19)
data.setCell(19, 1, 'RegisterCreditCardCustomer')
data.setCell(19, 2, 'Others.Register_Credit_Card_Customer')
data.setCell(19, 3, 37470);
data.setCell(20, 0, 20)
data.setCell(20, 1, 'PrepayCustomerLogin')
data.setCell(20, 2, 'Others.Prepay_Customer_Login')
data.setCell(20, 3, 25198);
data.setCell(21, 0, 21)
data.setCell(21, 1, 'CreditCardCustomerLogin')
data.setCell(21, 2, 'Others.Credit_Card_Customer_Login')
data.setCell(21, 3, 23824);
data.setCell(22, 0, 22)
data.setCell(22, 1, 'CreditCustomerLogin')
data.setCell(22, 2, 'Others.Credit_Customer_Login')
data.setCell(22, 3, 23676);
data.setCell(23, 0, 23)
data.setCell(23, 1, 'SupplierLogin')
data.setCell(23, 2, 'Others.Supplier_Login')
data.setCell(23, 3, 20856);
data.setCell(24, 0, 24)
data.setCell(24, 1, 'InactiveCustomerCustomerLogin')
data.setCell(24, 2, 'Others.Inactive_Customer_LogIn')
data.setCell(24, 3, 16675);
window.suiteTableData['SupplierSuite']= { tableData: data, tableDiv: 'times-div-SupplierSuite'}
return data;
}
              </script>
              <span class="suite-total-time">Total running time: 32 minutes</span>
              <div id="times-div-SupplierSuite">
              </div> <!-- times-div-SupplierSuite -->
            </div> <!-- times-div -->
          </div> <!-- main-panel-content rounded-window-bottom -->
        </div> <!-- panel -->
        <div panel-name="reporter-SupplierSuite" class="panel">
          <div class="main-panel-header rounded-window-top">
            <span class="header-content">Reporter output for SupplierSuite</span>
          </div> <!-- main-panel-header rounded-window-top -->
          <div class="main-panel-content rounded-window-bottom">
          </div> <!-- main-panel-content rounded-window-bottom -->
        </div> <!-- panel -->
        <div panel-name="ignored-methods-SupplierSuite" class="panel">
          <div class="main-panel-header rounded-window-top">
            <span class="header-content">0 ignored methods</span>
          </div> <!-- main-panel-header rounded-window-top -->
          <div class="main-panel-content rounded-window-bottom">
          </div> <!-- main-panel-content rounded-window-bottom -->
        </div> <!-- panel -->
        <div panel-name="chronological-SupplierSuite" class="panel">
          <div class="main-panel-header rounded-window-top">
            <span class="header-content">Methods in chronological order</span>
          </div> <!-- main-panel-header rounded-window-top -->
          <div class="main-panel-content rounded-window-bottom">
            <div class="chronological-class">
              <div class="chronological-class-name">Accomodation.Accommodation_Book_Direct_Room_Outside_Cancellation</div> <!-- chronological-class-name -->
              <div class="test-method">
                <span class="method-name">AccommodationBookDirectRoomOutsideCancellation(CH)</span>
                <span class="method-start">0 ms</span>
              </div> <!-- test-method -->
              <div class="configuration-method after">
                <span class="method-name">getResult([TestResult name=AccommodationBookDirectRoomOutsideCancellation status=SUCCESS method=Accommodation_...)</span>
                <span class="method-start">123170 ms</span>
              </div> <!-- configuration-method after -->
              <div class="configuration-test after">
                <span class="method-name">afterTest</span>
                <span class="method-start">123173 ms</span>
              </div> <!-- configuration-test after -->
            </div> <!-- chronological-class -->
            <div class="chronological-class">
              <div class="chronological-class-name">Accomodation.Accommodation_Book_Direct_Multi_Room_Outside_Cancellation</div> <!-- chronological-class-name -->
              <div class="test-method">
                <img src="failed.png">
                </img>
                <span class="method-name">AccommodationBookDirectMultiRoomOutsideCancellation(CH)</span>
                <span class="method-start">125742 ms</span>
              </div> <!-- test-method -->
              <div class="configuration-method after">
                <span class="method-name">getResult([TestResult name=AccommodationBookDirectMultiRoomOutsideCancellation status=FAILURE method=Accommoda...)</span>
                <span class="method-start">240933 ms</span>
              </div> <!-- configuration-method after -->
              <div class="configuration-test after">
                <img src="failed.png">
                </img>
                <span class="method-name">afterTest</span>
                <span class="method-start">240935 ms</span>
              </div> <!-- configuration-test after -->
            </div> <!-- chronological-class -->
            <div class="chronological-class">
              <div class="chronological-class-name">Accomodation.Accommodation_Book_DOTW_Multi_Room_Outside_Cancellation</div> <!-- chronological-class-name -->
              <div class="test-method">
                <span class="method-name">AccommodationBookDOTWMultiRoomOutsideCancellation(CH)</span>
                <span class="method-start">241228 ms</span>
              </div> <!-- test-method -->
              <div class="configuration-test after">
                <span class="method-name">afterTest</span>
                <span class="method-start">326812 ms</span>
              </div> <!-- configuration-test after -->
              <div class="configuration-method after">
                <span class="method-name">getResult([TestResult name=AccommodationBookDOTWMultiRoomOutsideCancellation status=SUCCESS method=Accommodati...)</span>
                <span class="method-start">326812 ms</span>
              </div> <!-- configuration-method after -->
            </div> <!-- chronological-class -->
            <div class="chronological-class">
              <div class="chronological-class-name">Accomodation.Accommodation_Book_DOTW_Room_Outside_Cancellation</div> <!-- chronological-class-name -->
              <div class="test-method">
                <span class="method-name">AccommodationBookDOTWRoomOutsideCancellation(CH)</span>
                <span class="method-start">326860 ms</span>
              </div> <!-- test-method -->
              <div class="configuration-test after">
                <span class="method-name">afterTest</span>
                <span class="method-start">401016 ms</span>
              </div> <!-- configuration-test after -->
              <div class="configuration-method after">
                <span class="method-name">getResult([TestResult name=AccommodationBookDOTWRoomOutsideCancellation status=SUCCESS method=Accommodation_Bo...)</span>
                <span class="method-start">401016 ms</span>
              </div> <!-- configuration-method after -->
            </div> <!-- chronological-class -->
            <div class="chronological-class">
              <div class="chronological-class-name">Accomodation.Accommodation_Book_Extra_Meal</div> <!-- chronological-class-name -->
              <div class="test-method">
                <span class="method-name">AccommodationBookExtraMeal(CH)</span>
                <span class="method-start">401071 ms</span>
              </div> <!-- test-method -->
              <div class="configuration-test after">
                <span class="method-name">afterTest</span>
                <span class="method-start">519349 ms</span>
              </div> <!-- configuration-test after -->
              <div class="configuration-method after">
                <span class="method-name">getResult([TestResult name=AccommodationBookExtraMeal status=SUCCESS method=Accommodation_Book_Extra_Meal.Acco...)</span>
                <span class="method-start">519349 ms</span>
              </div> <!-- configuration-method after -->
            </div> <!-- chronological-class -->
            <div class="chronological-class">
              <div class="chronological-class-name">Accomodation.Accommodation_Book_Third_Party_Multi_Room_Outside_Cancellation</div> <!-- chronological-class-name -->
              <div class="test-method">
                <img src="failed.png">
                </img>
                <span class="method-name">AccommodationBookThirdPartyMultiRoomOutsideCancellation(CH)</span>
                <span class="method-start">519439 ms</span>
              </div> <!-- test-method -->
              <div class="configuration-test after">
                <span class="method-name">afterTest</span>
                <span class="method-start">625740 ms</span>
              </div> <!-- configuration-test after -->
              <div class="configuration-method after">
                <span class="method-name">getResult([TestResult name=AccommodationBookThirdPartyMultiRoomOutsideCancellation status=FAILURE method=Accom...)</span>
                <span class="method-start">625740 ms</span>
              </div> <!-- configuration-method after -->
            </div> <!-- chronological-class -->
            <div class="chronological-class">
              <div class="chronological-class-name">Accomodation.Accommodation_Book_Third_Party_Room_Outside_Cancellation</div> <!-- chronological-class-name -->
              <div class="test-method">
                <img src="failed.png">
                </img>
                <span class="method-name">AccommodationBookThirdPartyRoomOutsideCancellation(CH)</span>
                <span class="method-start">625790 ms</span>
              </div> <!-- test-method -->
              <div class="configuration-method after">
                <span class="method-name">getResult([TestResult name=AccommodationBookThirdPartyRoomOutsideCancellation status=FAILURE method=Accommodat...)</span>
                <span class="method-start">698504 ms</span>
              </div> <!-- configuration-method after -->
              <div class="configuration-test after">
                <span class="method-name">afterTest</span>
                <span class="method-start">698506 ms</span>
              </div> <!-- configuration-test after -->
            </div> <!-- chronological-class -->
            <div class="chronological-class">
              <div class="chronological-class-name">Accomodation.Accomodation_Book_Adult_With_Children</div> <!-- chronological-class-name -->
              <div class="test-method">
                <span class="method-name">AccomodationBookAdultWithChildren(CH)</span>
                <span class="method-start">698554 ms</span>
              </div> <!-- test-method -->
              <div class="configuration-test after">
                <span class="method-name">afterTest</span>
                <span class="method-start">803087 ms</span>
              </div> <!-- configuration-test after -->
              <div class="configuration-method after">
                <span class="method-name">getResult([TestResult name=AccomodationBookAdultWithChildren status=SUCCESS method=Accomodation_Book_Adult_Wit...)</span>
                <span class="method-start">803087 ms</span>
              </div> <!-- configuration-method after -->
            </div> <!-- chronological-class -->
            <div class="chronological-class">
              <div class="chronological-class-name">Accomodation.Accomodation_Booking_Documents</div> <!-- chronological-class-name -->
              <div class="test-method">
                <span class="method-name">AccomodationBookingDocuments(CH)</span>
                <span class="method-start">803131 ms</span>
              </div> <!-- test-method -->
              <div class="configuration-test after">
                <span class="method-name">afterTest</span>
                <span class="method-start">882552 ms</span>
              </div> <!-- configuration-test after -->
              <div class="configuration-method after">
                <span class="method-name">getResult([TestResult name=AccomodationBookingDocuments status=SUCCESS method=Accomodation_Booking_Documents.A...)</span>
                <span class="method-start">882552 ms</span>
              </div> <!-- configuration-method after -->
            </div> <!-- chronological-class -->
            <div class="chronological-class">
              <div class="chronological-class-name">Accomodation.Accomodation_Search_With_Filters</div> <!-- chronological-class-name -->
              <div class="test-method">
                <span class="method-name">AccomodationSearchWithFilters(CH)</span>
                <span class="method-start">882614 ms</span>
              </div> <!-- test-method -->
              <div class="configuration-test after">
                <span class="method-name">afterTest</span>
                <span class="method-start">921908 ms</span>
              </div> <!-- configuration-test after -->
              <div class="configuration-method after">
                <span class="method-name">getResult([TestResult name=AccomodationSearchWithFilters status=SUCCESS method=Accomodation_Search_With_Filter...)</span>
                <span class="method-start">921908 ms</span>
              </div> <!-- configuration-method after -->
            </div> <!-- chronological-class -->
            <div class="chronological-class">
              <div class="chronological-class-name">Accomodation.Amend_Booking</div> <!-- chronological-class-name -->
              <div class="test-method">
                <span class="method-name">AmendBooking(CH)</span>
                <span class="method-start">924032 ms</span>
              </div> <!-- test-method -->
              <div class="configuration-test after">
                <span class="method-name">afterTest</span>
                <span class="method-start">1055420 ms</span>
              </div> <!-- configuration-test after -->
              <div class="configuration-method after">
                <span class="method-name">getResult([TestResult name=AmendBooking status=SUCCESS method=Amend_Booking.AmendBooking(java.lang.String)[pri...)</span>
                <span class="method-start">1055420 ms</span>
              </div> <!-- configuration-method after -->
            </div> <!-- chronological-class -->
            <div class="chronological-class">
              <div class="chronological-class-name">Accomodation.Cancel_Booking</div> <!-- chronological-class-name -->
              <div class="test-method">
                <img src="failed.png">
                </img>
                <span class="method-name">CancelBooking(CH)</span>
                <span class="method-start">1055473 ms</span>
              </div> <!-- test-method -->
              <div class="configuration-method after">
                <span class="method-name">getResult([TestResult name=CancelBooking status=FAILURE method=Cancel_Booking.CancelBooking(java.lang.String)[...)</span>
                <span class="method-start">1235399 ms</span>
              </div> <!-- configuration-method after -->
              <div class="configuration-test after">
                <span class="method-name">afterTest</span>
                <span class="method-start">1235400 ms</span>
              </div> <!-- configuration-test after -->
            </div> <!-- chronological-class -->
            <div class="chronological-class">
              <div class="chronological-class-name">Accomodation.Find_Booking_With_Passenger_Name</div> <!-- chronological-class-name -->
              <div class="test-method">
                <span class="method-name">FindBookingWithPassengerName(CH)</span>
                <span class="method-start">1237524 ms</span>
              </div> <!-- test-method -->
              <div class="configuration-test after">
                <span class="method-name">afterTest</span>
                <span class="method-start">1327766 ms</span>
              </div> <!-- configuration-test after -->
              <div class="configuration-method after">
                <span class="method-name">getResult([TestResult name=FindBookingWithPassengerName status=SUCCESS method=Find_Booking_With_Passenger_Name...)</span>
                <span class="method-start">1327766 ms</span>
              </div> <!-- configuration-method after -->
            </div> <!-- chronological-class -->
            <div class="chronological-class">
              <div class="chronological-class-name">Accomodation.Find_Booking</div> <!-- chronological-class-name -->
              <div class="test-method">
                <span class="method-name">FindBooking(CH)</span>
                <span class="method-start">1327803 ms</span>
              </div> <!-- test-method -->
              <div class="configuration-test after">
                <span class="method-name">afterTest</span>
                <span class="method-start">1414425 ms</span>
              </div> <!-- configuration-test after -->
              <div class="configuration-method after">
                <span class="method-name">getResult([TestResult name=FindBooking status=SUCCESS method=Find_Booking.FindBooking(java.lang.String)[pri:0,...)</span>
                <span class="method-start">1414425 ms</span>
              </div> <!-- configuration-method after -->
            </div> <!-- chronological-class -->
            <div class="chronological-class">
              <div class="chronological-class-name">Others.Add_Edit_Sub_Customer</div> <!-- chronological-class-name -->
              <div class="test-method">
                <img src="failed.png">
                </img>
                <span class="method-name">AddEditSubCustomer(CH)</span>
                <span class="method-start">1414462 ms</span>
              </div> <!-- test-method -->
              <div class="configuration-test after">
                <span class="method-name">afterTest</span>
                <span class="method-start">1533562 ms</span>
              </div> <!-- configuration-test after -->
              <div class="configuration-method after">
                <span class="method-name">getResult([TestResult name=AddEditSubCustomer status=FAILURE method=Add_Edit_Sub_Customer.AddEditSubCustomer(j...)</span>
                <span class="method-start">1533562 ms</span>
              </div> <!-- configuration-method after -->
            </div> <!-- chronological-class -->
            <div class="chronological-class">
              <div class="chronological-class-name">Others.Credit_Card_Customer_Login</div> <!-- chronological-class-name -->
              <div class="test-method">
                <span class="method-name">CreditCardCustomerLogin(CH)</span>
                <span class="method-start">1533612 ms</span>
              </div> <!-- test-method -->
              <div class="configuration-test after">
                <span class="method-name">afterTest</span>
                <span class="method-start">1557436 ms</span>
              </div> <!-- configuration-test after -->
              <div class="configuration-method after">
                <span class="method-name">getResult([TestResult name=CreditCardCustomerLogin status=SUCCESS method=Credit_Card_Customer_Login.CreditCard...)</span>
                <span class="method-start">1557436 ms</span>
              </div> <!-- configuration-method after -->
            </div> <!-- chronological-class -->
            <div class="chronological-class">
              <div class="chronological-class-name">Others.Credit_Customer_Login</div> <!-- chronological-class-name -->
              <div class="test-method">
                <span class="method-name">CreditCustomerLogin(CH)</span>
                <span class="method-start">1559792 ms</span>
              </div> <!-- test-method -->
              <div class="configuration-test after">
                <span class="method-name">afterTest</span>
                <span class="method-start">1583468 ms</span>
              </div> <!-- configuration-test after -->
              <div class="configuration-method after">
                <span class="method-name">getResult([TestResult name=CreditCustomerLogin status=SUCCESS method=Credit_Customer_Login.CreditCustomerLogin...)</span>
                <span class="method-start">1583468 ms</span>
              </div> <!-- configuration-method after -->
            </div> <!-- chronological-class -->
            <div class="chronological-class">
              <div class="chronological-class-name">Others.Edit_Profile</div> <!-- chronological-class-name -->
              <div class="test-method">
                <span class="method-name">EditProfile(CH)</span>
                <span class="method-start">1585827 ms</span>
              </div> <!-- test-method -->
              <div class="configuration-test after">
                <span class="method-name">afterTest</span>
                <span class="method-start">1636131 ms</span>
              </div> <!-- configuration-test after -->
              <div class="configuration-method after">
                <span class="method-name">getResult([TestResult name=EditProfile status=SUCCESS method=Edit_Profile.EditProfile(java.lang.String)[pri:0,...)</span>
                <span class="method-start">1636131 ms</span>
              </div> <!-- configuration-method after -->
            </div> <!-- chronological-class -->
            <div class="chronological-class">
              <div class="chronological-class-name">Others.Inactive_Customer_LogIn</div> <!-- chronological-class-name -->
              <div class="test-method">
                <span class="method-name">InactiveCustomerCustomerLogin(CH)</span>
                <span class="method-start">1638245 ms</span>
              </div> <!-- test-method -->
              <div class="configuration-test after">
                <span class="method-name">afterTest</span>
                <span class="method-start">1654920 ms</span>
              </div> <!-- configuration-test after -->
              <div class="configuration-method after">
                <span class="method-name">getResult([TestResult name=InactiveCustomerCustomerLogin status=SUCCESS method=Inactive_Customer_LogIn.Inactiv...)</span>
                <span class="method-start">1654920 ms</span>
              </div> <!-- configuration-method after -->
            </div> <!-- chronological-class -->
            <div class="chronological-class">
              <div class="chronological-class-name">Others.Prepay_Customer_Login</div> <!-- chronological-class-name -->
              <div class="test-method">
                <span class="method-name">PrepayCustomerLogin(CH)</span>
                <span class="method-start">1655036 ms</span>
              </div> <!-- test-method -->
              <div class="configuration-test after">
                <span class="method-name">afterTest</span>
                <span class="method-start">1680235 ms</span>
              </div> <!-- configuration-test after -->
              <div class="configuration-method after">
                <span class="method-name">getResult([TestResult name=PrepayCustomerLogin status=SUCCESS method=Prepay_Customer_Login.PrepayCustomerLogin...)</span>
                <span class="method-start">1680235 ms</span>
              </div> <!-- configuration-method after -->
            </div> <!-- chronological-class -->
            <div class="chronological-class">
              <div class="chronological-class-name">Others.Register_Credit_Card_Customer</div> <!-- chronological-class-name -->
              <div class="test-method">
                <img src="failed.png">
                </img>
                <span class="method-name">RegisterCreditCardCustomer(CH)</span>
                <span class="method-start">1682610 ms</span>
              </div> <!-- test-method -->
              <div class="configuration-test after">
                <span class="method-name">afterTest</span>
                <span class="method-start">1720081 ms</span>
              </div> <!-- configuration-test after -->
              <div class="configuration-method after">
                <span class="method-name">getResult([TestResult name=RegisterCreditCardCustomer status=FAILURE method=Register_Credit_Card_Customer.Regi...)</span>
                <span class="method-start">1720081 ms</span>
              </div> <!-- configuration-method after -->
            </div> <!-- chronological-class -->
            <div class="chronological-class">
              <div class="chronological-class-name">Others.Supplier_Login</div> <!-- chronological-class-name -->
              <div class="test-method">
                <span class="method-name">SupplierLogin(CH)</span>
                <span class="method-start">1720206 ms</span>
              </div> <!-- test-method -->
              <div class="configuration-test after">
                <span class="method-name">afterTest</span>
                <span class="method-start">1741062 ms</span>
              </div> <!-- configuration-test after -->
              <div class="configuration-method after">
                <span class="method-name">getResult([TestResult name=SupplierLogin status=SUCCESS method=Supplier_Login.SupplierLogin(java.lang.String)[...)</span>
                <span class="method-start">1741062 ms</span>
              </div> <!-- configuration-method after -->
            </div> <!-- chronological-class -->
            <div class="chronological-class">
              <div class="chronological-class-name">Tour.Book_Tour</div> <!-- chronological-class-name -->
              <div class="test-method">
                <img src="failed.png">
                </img>
                <span class="method-name">BookTour(CH)</span>
                <span class="method-start">1741165 ms</span>
              </div> <!-- test-method -->
              <div class="configuration-test after">
                <span class="method-name">afterTest</span>
                <span class="method-start">1836848 ms</span>
              </div> <!-- configuration-test after -->
              <div class="configuration-method after">
                <span class="method-name">getResult([TestResult name=BookTour status=FAILURE method=Book_Tour.BookTour(java.lang.String)[pri:0, instance...)</span>
                <span class="method-start">1836848 ms</span>
              </div> <!-- configuration-method after -->
            </div> <!-- chronological-class -->
            <div class="chronological-class">
              <div class="chronological-class-name">Tour.Find_Tour_Booking</div> <!-- chronological-class-name -->
              <div class="test-method">
                <img src="failed.png">
                </img>
                <span class="method-name">FindTourBooking(CH)</span>
                <span class="method-start">1836984 ms</span>
              </div> <!-- test-method -->
              <div class="configuration-method after">
                <span class="method-name">getResult([TestResult name=FindTourBooking status=FAILURE method=Find_Tour_Booking.FindTourBooking(java.lang.S...)</span>
                <span class="method-start">1907860 ms</span>
              </div> <!-- configuration-method after -->
              <div class="configuration-test after">
                <span class="method-name">afterTest</span>
                <span class="method-start">1907861 ms</span>
              </div> <!-- configuration-test after -->
            </div> <!-- chronological-class -->
            <div class="chronological-class">
              <div class="chronological-class-name">Tour.Search_Tour</div> <!-- chronological-class-name -->
              <div class="test-method">
                <span class="method-name">SearchTour(CH)</span>
                <span class="method-start">1910237 ms</span>
              </div> <!-- test-method -->
              <div class="configuration-test after">
                <span class="method-name">afterTest</span>
                <span class="method-start">1958162 ms</span>
              </div> <!-- configuration-test after -->
              <div class="configuration-method after">
                <span class="method-name">getResult([TestResult name=SearchTour status=SUCCESS method=Search_Tour.SearchTour(java.lang.String)[pri:0, in...)</span>
                <span class="method-start">1958162 ms</span>
              </div> <!-- configuration-method after -->
          </div> <!-- main-panel-content rounded-window-bottom -->
        </div> <!-- panel -->
      </div> <!-- main-panel-root -->
    </div> <!-- wrapper -->
  </body>
</html>
