<?xml version="1.0" encoding="UTF-8"?>
<testng-results skipped="0" failed="8" total="25" passed="17">
  <reporter-output>
  </reporter-output>
  <suite name="SupplierSuite" duration-ms="1960370" started-at="2018-09-17T12:45:41Z" finished-at="2018-09-17T13:18:21Z">
    <groups>
    </groups>
    <test name="SupplierTest1" duration-ms="125670" started-at="2018-09-17T12:45:41Z" finished-at="2018-09-17T12:47:47Z">
      <class name="Accomodation.Accommodation_Book_Direct_Room_Outside_Cancellation">
        <test-method status="PASS" signature="AccommodationBookDirectRoomOutsideCancellation(java.lang.String)[pri:0, instance:Accomodation.Accommodation_Book_Direct_Room_Outside_Cancellation@3d921e20]" name="AccommodationBookDirectRoomOutsideCancellation" duration-ms="123169" started-at="2018-09-17T18:15:41Z" finished-at="2018-09-17T18:17:44Z">
          <params>
            <param index="0">
              <value>
                <![CDATA[CH]]>
              </value>
            </param>
          </params>
          <reporter-output>
          </reporter-output>
        </test-method> <!-- AccommodationBookDirectRoomOutsideCancellation -->
        <test-method status="PASS" signature="getResult(org.testng.ITestResult)[pri:0, instance:Accomodation.Accommodation_Book_Direct_Room_Outside_Cancellation@3d921e20]" name="getResult" is-config="true" duration-ms="2" started-at="2018-09-17T18:17:44Z" finished-at="2018-09-17T18:17:44Z">
          <params>
            <param index="0">
              <value>
                <![CDATA[[TestResult name=AccommodationBookDirectRoomOutsideCancellation status=SUCCESS method=Accommodation_Book_Direct_Room_Outside_Cancellation.AccommodationBookDirectRoomOutsideCancellation(java.lang.String)[pri:0, instance:Accomodation.Accommodation_Book_Direct_Room_Outside_Cancellation@3d921e20] output={null}]]]>
              </value>
            </param>
          </params>
          <reporter-output>
          </reporter-output>
        </test-method> <!-- getResult -->
        <test-method status="PASS" signature="afterTest()[pri:0, instance:Accomodation.Accommodation_Book_Direct_Room_Outside_Cancellation@3d921e20]" name="afterTest" is-config="true" duration-ms="2483" started-at="2018-09-17T18:17:44Z" finished-at="2018-09-17T18:17:47Z">
          <reporter-output>
          </reporter-output>
        </test-method> <!-- afterTest -->
      </class> <!-- Accomodation.Accommodation_Book_Direct_Room_Outside_Cancellation -->
    </test> <!-- SupplierTest1 -->
    <test name="SupplierTest2" duration-ms="115376" started-at="2018-09-17T12:47:47Z" finished-at="2018-09-17T12:49:42Z">
      <class name="Accomodation.Accommodation_Book_Direct_Multi_Room_Outside_Cancellation">
        <test-method status="FAIL" signature="AccommodationBookDirectMultiRoomOutsideCancellation(java.lang.String)[pri:0, instance:Accomodation.Accommodation_Book_Direct_Multi_Room_Outside_Cancellation@46daef40]" name="AccommodationBookDirectMultiRoomOutsideCancellation" duration-ms="115189" started-at="2018-09-17T18:17:47Z" finished-at="2018-09-17T18:19:42Z">
          <params>
            <param index="0">
              <value>
                <![CDATA[CH]]>
              </value>
            </param>
          </params>
          <exception class="java.lang.AssertionError">
            <message>
              <![CDATA[chrome not reachable
  (Session info: chrome=67.0.3396.79)
  (Driver info: chromedriver=2.35.528161 (5b82f2d2aae0ca24b877009200ced9065a772e73),platform=Windows NT 10.0.15063 x86_64) (WARNING: The server did not provide any stacktrace information)
Command duration or timeout: 4.01 seconds
Build info: version: '2.53.0', revision: '35ae25b1534ae328c771e0856c93e187490ca824', time: '2016-03-15 10:43:46'
System info: host: 'PC350015', ip: '172.18.21.21', os.name: 'Windows 10', os.arch: 'amd64', os.version: '10.0', java.version: '1.8.0_131'
Driver info: org.openqa.selenium.chrome.ChromeDriver
Capabilities [{applicationCacheEnabled=false, rotatable=false, mobileEmulationEnabled=false, networkConnectionEnabled=false, chrome={chromedriverVersion=2.35.528161 (5b82f2d2aae0ca24b877009200ced9065a772e73), userDataDir=C:\Users\479739\AppData\Local\Temp\scoped_dir22436_26214}, takesHeapSnapshot=true, pageLoadStrategy=normal, databaseEnabled=false, handlesAlerts=true, hasTouchScreen=false, version=67.0.3396.79, platform=XP, browserConnectionEnabled=false, nativeEvents=true, acceptSslCerts=false, acceptInsecureCerts=false, locationContextEnabled=true, webStorageEnabled=true, browserName=chrome, takesScreenshot=true, javascriptEnabled=true, cssSelectorsEnabled=true, setWindowRect=true, unexpectedAlertBehaviour=}]
Session ID: 64b39f68d125262109a4468092a979ab
*** Element info: {Using=xpath, value=//*[@id='pbcpFirstName1_0']} expected [true] but found [false]]]>
            </message>
            <full-stacktrace>
              <![CDATA[java.lang.AssertionError: chrome not reachable
  (Session info: chrome=67.0.3396.79)
  (Driver info: chromedriver=2.35.528161 (5b82f2d2aae0ca24b877009200ced9065a772e73),platform=Windows NT 10.0.15063 x86_64) (WARNING: The server did not provide any stacktrace information)
Command duration or timeout: 4.01 seconds
Build info: version: '2.53.0', revision: '35ae25b1534ae328c771e0856c93e187490ca824', time: '2016-03-15 10:43:46'
System info: host: 'PC350015', ip: '172.18.21.21', os.name: 'Windows 10', os.arch: 'amd64', os.version: '10.0', java.version: '1.8.0_131'
Driver info: org.openqa.selenium.chrome.ChromeDriver
Capabilities [{applicationCacheEnabled=false, rotatable=false, mobileEmulationEnabled=false, networkConnectionEnabled=false, chrome={chromedriverVersion=2.35.528161 (5b82f2d2aae0ca24b877009200ced9065a772e73), userDataDir=C:\Users\479739\AppData\Local\Temp\scoped_dir22436_26214}, takesHeapSnapshot=true, pageLoadStrategy=normal, databaseEnabled=false, handlesAlerts=true, hasTouchScreen=false, version=67.0.3396.79, platform=XP, browserConnectionEnabled=false, nativeEvents=true, acceptSslCerts=false, acceptInsecureCerts=false, locationContextEnabled=true, webStorageEnabled=true, browserName=chrome, takesScreenshot=true, javascriptEnabled=true, cssSelectorsEnabled=true, setWindowRect=true, unexpectedAlertBehaviour=}]
Session ID: 64b39f68d125262109a4468092a979ab
*** Element info: {Using=xpath, value=//*[@id='pbcpFirstName1_0']} expected [true] but found [false]
	at org.testng.Assert.fail(Assert.java:94)
	at org.testng.Assert.failNotEquals(Assert.java:494)
	at org.testng.Assert.assertTrue(Assert.java:42)
	at Accomodation.Accommodation_Book_Direct_Multi_Room_Outside_Cancellation.AccommodationBookDirectMultiRoomOutsideCancellation(Accommodation_Book_Direct_Multi_Room_Outside_Cancellation.java:370)
	at sun.reflect.NativeMethodAccessorImpl.invoke0(Native Method)
	at sun.reflect.NativeMethodAccessorImpl.invoke(NativeMethodAccessorImpl.java:62)
	at sun.reflect.DelegatingMethodAccessorImpl.invoke(DelegatingMethodAccessorImpl.java:43)
	at java.lang.reflect.Method.invoke(Method.java:498)
	at org.testng.internal.MethodInvocationHelper.invokeMethod(MethodInvocationHelper.java:80)
	at org.testng.internal.Invoker.invokeMethod(Invoker.java:714)
	at org.testng.internal.Invoker.invokeTestMethod(Invoker.java:901)
	at org.testng.internal.Invoker.invokeTestMethods(Invoker.java:1231)
	at org.testng.internal.TestMethodWorker.invokeTestMethods(TestMethodWorker.java:127)
	at org.testng.internal.TestMethodWorker.run(TestMethodWorker.java:111)
	at org.testng.TestRunner.privateRun(TestRunner.java:767)
	at org.testng.TestRunner.run(TestRunner.java:617)
	at org.testng.SuiteRunner.runTest(SuiteRunner.java:334)
	at org.testng.SuiteRunner.runSequentially(SuiteRunner.java:329)
	at org.testng.SuiteRunner.privateRun(SuiteRunner.java:291)
	at org.testng.SuiteRunner.run(SuiteRunner.java:240)
	at org.testng.SuiteRunnerWorker.runSuite(SuiteRunnerWorker.java:52)
	at org.testng.SuiteRunnerWorker.run(SuiteRunnerWorker.java:86)
	at org.testng.TestNG.runSuitesSequentially(TestNG.java:1198)
	at org.testng.TestNG.runSuitesLocally(TestNG.java:1123)
	at org.testng.TestNG.run(TestNG.java:1031)
	at org.testng.remote.AbstractRemoteTestNG.run(AbstractRemoteTestNG.java:132)
	at org.testng.remote.RemoteTestNG.initAndRun(RemoteTestNG.java:230)
	at org.testng.remote.RemoteTestNG.main(RemoteTestNG.java:76)
]]>
            </full-stacktrace>
          </exception> <!-- java.lang.AssertionError -->
          <reporter-output>
          </reporter-output>
        </test-method> <!-- AccommodationBookDirectMultiRoomOutsideCancellation -->
        <test-method status="PASS" signature="getResult(org.testng.ITestResult)[pri:0, instance:Accomodation.Accommodation_Book_Direct_Multi_Room_Outside_Cancellation@46daef40]" name="getResult" is-config="true" duration-ms="2" started-at="2018-09-17T18:19:42Z" finished-at="2018-09-17T18:19:42Z">
          <params>
            <param index="0">
              <value>
                <![CDATA[[TestResult name=AccommodationBookDirectMultiRoomOutsideCancellation status=FAILURE method=Accommodation_Book_Direct_Multi_Room_Outside_Cancellation.AccommodationBookDirectMultiRoomOutsideCancellation(java.lang.String)[pri:0, instance:Accomodation.Accommodation_Book_Direct_Multi_Room_Outside_Cancellation@46daef40] output={null}]]]>
              </value>
            </param>
          </params>
          <reporter-output>
          </reporter-output>
        </test-method> <!-- getResult -->
        <test-method status="FAIL" signature="afterTest()[pri:0, instance:Accomodation.Accommodation_Book_Direct_Multi_Room_Outside_Cancellation@46daef40]" name="afterTest" is-config="true" duration-ms="0" started-at="2018-09-17T18:19:42Z" finished-at="2018-09-17T18:19:42Z">
          <exception class="org.openqa.selenium.WebDriverException">
            <message>
              <![CDATA[chrome not reachable
  (Session info: chrome=67.0.3396.79)
  (Driver info: chromedriver=2.35.528161 (5b82f2d2aae0ca24b877009200ced9065a772e73),platform=Windows NT 10.0.15063 x86_64) (WARNING: The server did not provide any stacktrace information)
Command duration or timeout: 95 milliseconds
Build info: version: '2.53.0', revision: '35ae25b1534ae328c771e0856c93e187490ca824', time: '2016-03-15 10:43:46'
System info: host: 'PC350015', ip: '172.18.21.21', os.name: 'Windows 10', os.arch: 'amd64', os.version: '10.0', java.version: '1.8.0_131'
Driver info: org.openqa.selenium.chrome.ChromeDriver
Capabilities [{applicationCacheEnabled=false, rotatable=false, mobileEmulationEnabled=false, networkConnectionEnabled=false, chrome={chromedriverVersion=2.35.528161 (5b82f2d2aae0ca24b877009200ced9065a772e73), userDataDir=C:\Users\479739\AppData\Local\Temp\scoped_dir22436_26214}, takesHeapSnapshot=true, pageLoadStrategy=normal, databaseEnabled=false, handlesAlerts=true, hasTouchScreen=false, version=67.0.3396.79, platform=XP, browserConnectionEnabled=false, nativeEvents=true, acceptSslCerts=false, acceptInsecureCerts=false, locationContextEnabled=true, webStorageEnabled=true, browserName=chrome, takesScreenshot=true, javascriptEnabled=true, cssSelectorsEnabled=true, setWindowRect=true, unexpectedAlertBehaviour=}]
Session ID: 64b39f68d125262109a4468092a979ab]]>
            </message>
            <full-stacktrace>
              <![CDATA[org.openqa.selenium.WebDriverException: chrome not reachable
  (Session info: chrome=67.0.3396.79)
  (Driver info: chromedriver=2.35.528161 (5b82f2d2aae0ca24b877009200ced9065a772e73),platform=Windows NT 10.0.15063 x86_64) (WARNING: The server did not provide any stacktrace information)
Command duration or timeout: 95 milliseconds
Build info: version: '2.53.0', revision: '35ae25b1534ae328c771e0856c93e187490ca824', time: '2016-03-15 10:43:46'
System info: host: 'PC350015', ip: '172.18.21.21', os.name: 'Windows 10', os.arch: 'amd64', os.version: '10.0', java.version: '1.8.0_131'
Driver info: org.openqa.selenium.chrome.ChromeDriver
Capabilities [{applicationCacheEnabled=false, rotatable=false, mobileEmulationEnabled=false, networkConnectionEnabled=false, chrome={chromedriverVersion=2.35.528161 (5b82f2d2aae0ca24b877009200ced9065a772e73), userDataDir=C:\Users\479739\AppData\Local\Temp\scoped_dir22436_26214}, takesHeapSnapshot=true, pageLoadStrategy=normal, databaseEnabled=false, handlesAlerts=true, hasTouchScreen=false, version=67.0.3396.79, platform=XP, browserConnectionEnabled=false, nativeEvents=true, acceptSslCerts=false, acceptInsecureCerts=false, locationContextEnabled=true, webStorageEnabled=true, browserName=chrome, takesScreenshot=true, javascriptEnabled=true, cssSelectorsEnabled=true, setWindowRect=true, unexpectedAlertBehaviour=}]
Session ID: 64b39f68d125262109a4468092a979ab
	at sun.reflect.NativeConstructorAccessorImpl.newInstance0(Native Method)
	at sun.reflect.NativeConstructorAccessorImpl.newInstance(NativeConstructorAccessorImpl.java:62)
	at sun.reflect.DelegatingConstructorAccessorImpl.newInstance(DelegatingConstructorAccessorImpl.java:45)
	at java.lang.reflect.Constructor.newInstance(Constructor.java:423)
	at org.openqa.selenium.remote.ErrorHandler.createThrowable(ErrorHandler.java:206)
	at org.openqa.selenium.remote.ErrorHandler.throwIfResponseFailed(ErrorHandler.java:158)
	at org.openqa.selenium.remote.RemoteWebDriver.execute(RemoteWebDriver.java:678)
	at org.openqa.selenium.remote.RemoteWebDriver.execute(RemoteWebDriver.java:701)
	at org.openqa.selenium.remote.RemoteWebDriver.close(RemoteWebDriver.java:521)
	at Accomodation.Accommodation_Book_Direct_Multi_Room_Outside_Cancellation.afterTest(Accommodation_Book_Direct_Multi_Room_Outside_Cancellation.java:393)
	at sun.reflect.NativeMethodAccessorImpl.invoke0(Native Method)
	at sun.reflect.NativeMethodAccessorImpl.invoke(NativeMethodAccessorImpl.java:62)
	at sun.reflect.DelegatingMethodAccessorImpl.invoke(DelegatingMethodAccessorImpl.java:43)
	at java.lang.reflect.Method.invoke(Method.java:498)
	at org.testng.internal.MethodInvocationHelper.invokeMethod(MethodInvocationHelper.java:80)
	at org.testng.internal.Invoker.invokeConfigurationMethod(Invoker.java:564)
	at org.testng.internal.Invoker.invokeConfigurations(Invoker.java:213)
	at org.testng.internal.Invoker.invokeConfigurations(Invoker.java:138)
	at org.testng.TestRunner.afterRun(TestRunner.java:1021)
	at org.testng.TestRunner.run(TestRunner.java:621)
	at org.testng.SuiteRunner.runTest(SuiteRunner.java:334)
	at org.testng.SuiteRunner.runSequentially(SuiteRunner.java:329)
	at org.testng.SuiteRunner.privateRun(SuiteRunner.java:291)
	at org.testng.SuiteRunner.run(SuiteRunner.java:240)
	at org.testng.SuiteRunnerWorker.runSuite(SuiteRunnerWorker.java:52)
	at org.testng.SuiteRunnerWorker.run(SuiteRunnerWorker.java:86)
	at org.testng.TestNG.runSuitesSequentially(TestNG.java:1198)
	at org.testng.TestNG.runSuitesLocally(TestNG.java:1123)
	at org.testng.TestNG.run(TestNG.java:1031)
	at org.testng.remote.AbstractRemoteTestNG.run(AbstractRemoteTestNG.java:132)
	at org.testng.remote.RemoteTestNG.initAndRun(RemoteTestNG.java:230)
	at org.testng.remote.RemoteTestNG.main(RemoteTestNG.java:76)
]]>
            </full-stacktrace>
          </exception> <!-- org.openqa.selenium.WebDriverException -->
          <reporter-output>
          </reporter-output>
        </test-method> <!-- afterTest -->
      </class> <!-- Accomodation.Accommodation_Book_Direct_Multi_Room_Outside_Cancellation -->
    </test> <!-- SupplierTest2 -->
    <test name="SupplierTest3" duration-ms="85609" started-at="2018-09-17T12:49:42Z" finished-at="2018-09-17T12:51:08Z">
      <class name="Accomodation.Accommodation_Book_DOTW_Multi_Room_Outside_Cancellation">
        <test-method status="PASS" signature="AccommodationBookDOTWMultiRoomOutsideCancellation(java.lang.String)[pri:0, instance:Accomodation.Accommodation_Book_DOTW_Multi_Room_Outside_Cancellation@1e7c7811]" name="AccommodationBookDOTWMultiRoomOutsideCancellation" duration-ms="85583" started-at="2018-09-17T18:19:42Z" finished-at="2018-09-17T18:21:08Z">
          <params>
            <param index="0">
              <value>
                <![CDATA[CH]]>
              </value>
            </param>
          </params>
          <reporter-output>
          </reporter-output>
        </test-method> <!-- AccommodationBookDOTWMultiRoomOutsideCancellation -->
        <test-method status="PASS" signature="getResult(org.testng.ITestResult)[pri:0, instance:Accomodation.Accommodation_Book_DOTW_Multi_Room_Outside_Cancellation@1e7c7811]" name="getResult" is-config="true" duration-ms="0" started-at="2018-09-17T18:21:08Z" finished-at="2018-09-17T18:21:08Z">
          <params>
            <param index="0">
              <value>
                <![CDATA[[TestResult name=AccommodationBookDOTWMultiRoomOutsideCancellation status=SUCCESS method=Accommodation_Book_DOTW_Multi_Room_Outside_Cancellation.AccommodationBookDOTWMultiRoomOutsideCancellation(java.lang.String)[pri:0, instance:Accomodation.Accommodation_Book_DOTW_Multi_Room_Outside_Cancellation@1e7c7811] output={null}]]]>
              </value>
            </param>
          </params>
          <reporter-output>
          </reporter-output>
        </test-method> <!-- getResult -->
        <test-method status="PASS" signature="afterTest()[pri:0, instance:Accomodation.Accommodation_Book_DOTW_Multi_Room_Outside_Cancellation@1e7c7811]" name="afterTest" is-config="true" duration-ms="24" started-at="2018-09-17T18:21:08Z" finished-at="2018-09-17T18:21:08Z">
          <reporter-output>
          </reporter-output>
        </test-method> <!-- afterTest -->
      </class> <!-- Accomodation.Accommodation_Book_DOTW_Multi_Room_Outside_Cancellation -->
    </test> <!-- SupplierTest3 -->
    <test name="SupplierTest4" duration-ms="74185" started-at="2018-09-17T12:51:08Z" finished-at="2018-09-17T12:52:22Z">
      <class name="Accomodation.Accommodation_Book_DOTW_Room_Outside_Cancellation">
        <test-method status="PASS" signature="AccommodationBookDOTWRoomOutsideCancellation(java.lang.String)[pri:0, instance:Accomodation.Accommodation_Book_DOTW_Room_Outside_Cancellation@4d3167f4]" name="AccommodationBookDOTWRoomOutsideCancellation" duration-ms="74155" started-at="2018-09-17T18:21:08Z" finished-at="2018-09-17T18:22:22Z">
          <params>
            <param index="0">
              <value>
                <![CDATA[CH]]>
              </value>
            </param>
          </params>
          <reporter-output>
          </reporter-output>
        </test-method> <!-- AccommodationBookDOTWRoomOutsideCancellation -->
        <test-method status="PASS" signature="afterTest()[pri:0, instance:Accomodation.Accommodation_Book_DOTW_Room_Outside_Cancellation@4d3167f4]" name="afterTest" is-config="true" duration-ms="28" started-at="2018-09-17T18:22:22Z" finished-at="2018-09-17T18:22:22Z">
          <reporter-output>
          </reporter-output>
        </test-method> <!-- afterTest -->
        <test-method status="PASS" signature="getResult(org.testng.ITestResult)[pri:0, instance:Accomodation.Accommodation_Book_DOTW_Room_Outside_Cancellation@4d3167f4]" name="getResult" is-config="true" duration-ms="0" started-at="2018-09-17T18:22:22Z" finished-at="2018-09-17T18:22:22Z">
          <params>
            <param index="0">
              <value>
                <![CDATA[[TestResult name=AccommodationBookDOTWRoomOutsideCancellation status=SUCCESS method=Accommodation_Book_DOTW_Room_Outside_Cancellation.AccommodationBookDOTWRoomOutsideCancellation(java.lang.String)[pri:0, instance:Accomodation.Accommodation_Book_DOTW_Room_Outside_Cancellation@4d3167f4] output={null}]]]>
              </value>
            </param>
          </params>
          <reporter-output>
          </reporter-output>
        </test-method> <!-- getResult -->
      </class> <!-- Accomodation.Accommodation_Book_DOTW_Room_Outside_Cancellation -->
    </test> <!-- SupplierTest4 -->
    <test name="SupplierTest5" duration-ms="118307" started-at="2018-09-17T12:52:22Z" finished-at="2018-09-17T12:54:20Z">
      <class name="Accomodation.Accommodation_Book_Extra_Meal">
        <test-method status="PASS" signature="AccommodationBookExtraMeal(java.lang.String)[pri:0, instance:Accomodation.Accommodation_Book_Extra_Meal@612679d6]" name="AccommodationBookExtraMeal" duration-ms="118277" started-at="2018-09-17T18:22:22Z" finished-at="2018-09-17T18:24:20Z">
          <params>
            <param index="0">
              <value>
                <![CDATA[CH]]>
              </value>
            </param>
          </params>
          <reporter-output>
          </reporter-output>
        </test-method> <!-- AccommodationBookExtraMeal -->
        <test-method status="PASS" signature="getResult(org.testng.ITestResult)[pri:0, instance:Accomodation.Accommodation_Book_Extra_Meal@612679d6]" name="getResult" is-config="true" duration-ms="0" started-at="2018-09-17T18:24:20Z" finished-at="2018-09-17T18:24:20Z">
          <params>
            <param index="0">
              <value>
                <![CDATA[[TestResult name=AccommodationBookExtraMeal status=SUCCESS method=Accommodation_Book_Extra_Meal.AccommodationBookExtraMeal(java.lang.String)[pri:0, instance:Accomodation.Accommodation_Book_Extra_Meal@612679d6] output={null}]]]>
              </value>
            </param>
          </params>
          <reporter-output>
          </reporter-output>
        </test-method> <!-- getResult -->
        <test-method status="PASS" signature="afterTest()[pri:0, instance:Accomodation.Accommodation_Book_Extra_Meal@612679d6]" name="afterTest" is-config="true" duration-ms="27" started-at="2018-09-17T18:24:20Z" finished-at="2018-09-17T18:24:20Z">
          <reporter-output>
          </reporter-output>
        </test-method> <!-- afterTest -->
      </class> <!-- Accomodation.Accommodation_Book_Extra_Meal -->
    </test> <!-- SupplierTest5 -->
    <test name="SupplierTest6" duration-ms="106324" started-at="2018-09-17T12:54:20Z" finished-at="2018-09-17T12:56:07Z">
      <class name="Accomodation.Accommodation_Book_Third_Party_Multi_Room_Outside_Cancellation">
        <test-method status="FAIL" signature="AccommodationBookThirdPartyMultiRoomOutsideCancellation(java.lang.String)[pri:0, instance:Accomodation.Accommodation_Book_Third_Party_Multi_Room_Outside_Cancellation@69b0fd6f]" name="AccommodationBookThirdPartyMultiRoomOutsideCancellation" duration-ms="106300" started-at="2018-09-17T18:24:20Z" finished-at="2018-09-17T18:26:07Z">
          <params>
            <param index="0">
              <value>
                <![CDATA[CH]]>
              </value>
            </param>
          </params>
          <exception class="java.lang.AssertionError">
            <message>
              <![CDATA[unknown error: Element <input type="button" value="Book Now" class="search_btn mrBookButton"> is not clickable at point (1183, 603). Other element would receive the click: <a href="javascript:void(0);" class="shoppingcart_btn shoppingCartBtn" style="display: block;">...</a>
  (Session info: chrome=67.0.3396.79)
  (Driver info: chromedriver=2.35.528161 (5b82f2d2aae0ca24b877009200ced9065a772e73),platform=Windows NT 10.0.15063 x86_64) (WARNING: The server did not provide any stacktrace information)
Command duration or timeout: 40 milliseconds
Build info: version: '2.53.0', revision: '35ae25b1534ae328c771e0856c93e187490ca824', time: '2016-03-15 10:43:46'
System info: host: 'PC350015', ip: '172.18.21.21', os.name: 'Windows 10', os.arch: 'amd64', os.version: '10.0', java.version: '1.8.0_131'
Driver info: org.openqa.selenium.chrome.ChromeDriver
Capabilities [{applicationCacheEnabled=false, rotatable=false, mobileEmulationEnabled=false, networkConnectionEnabled=false, chrome={chromedriverVersion=2.35.528161 (5b82f2d2aae0ca24b877009200ced9065a772e73), userDataDir=C:\Users\479739\AppData\Local\Temp\scoped_dir58136_16818}, takesHeapSnapshot=true, pageLoadStrategy=normal, databaseEnabled=false, handlesAlerts=true, hasTouchScreen=false, version=67.0.3396.79, platform=XP, browserConnectionEnabled=false, nativeEvents=true, acceptSslCerts=false, acceptInsecureCerts=false, locationContextEnabled=true, webStorageEnabled=true, browserName=chrome, takesScreenshot=true, javascriptEnabled=true, cssSelectorsEnabled=true, setWindowRect=true, unexpectedAlertBehaviour=}]
Session ID: c07affd636ee52b1db08cad1d75f89dc expected [true] but found [false]]]>
            </message>
            <full-stacktrace>
              <![CDATA[java.lang.AssertionError: unknown error: Element <input type="button" value="Book Now" class="search_btn mrBookButton"> is not clickable at point (1183, 603). Other element would receive the click: <a href="javascript:void(0);" class="shoppingcart_btn shoppingCartBtn" style="display: block;">...</a>
  (Session info: chrome=67.0.3396.79)
  (Driver info: chromedriver=2.35.528161 (5b82f2d2aae0ca24b877009200ced9065a772e73),platform=Windows NT 10.0.15063 x86_64) (WARNING: The server did not provide any stacktrace information)
Command duration or timeout: 40 milliseconds
Build info: version: '2.53.0', revision: '35ae25b1534ae328c771e0856c93e187490ca824', time: '2016-03-15 10:43:46'
System info: host: 'PC350015', ip: '172.18.21.21', os.name: 'Windows 10', os.arch: 'amd64', os.version: '10.0', java.version: '1.8.0_131'
Driver info: org.openqa.selenium.chrome.ChromeDriver
Capabilities [{applicationCacheEnabled=false, rotatable=false, mobileEmulationEnabled=false, networkConnectionEnabled=false, chrome={chromedriverVersion=2.35.528161 (5b82f2d2aae0ca24b877009200ced9065a772e73), userDataDir=C:\Users\479739\AppData\Local\Temp\scoped_dir58136_16818}, takesHeapSnapshot=true, pageLoadStrategy=normal, databaseEnabled=false, handlesAlerts=true, hasTouchScreen=false, version=67.0.3396.79, platform=XP, browserConnectionEnabled=false, nativeEvents=true, acceptSslCerts=false, acceptInsecureCerts=false, locationContextEnabled=true, webStorageEnabled=true, browserName=chrome, takesScreenshot=true, javascriptEnabled=true, cssSelectorsEnabled=true, setWindowRect=true, unexpectedAlertBehaviour=}]
Session ID: c07affd636ee52b1db08cad1d75f89dc expected [true] but found [false]
	at org.testng.Assert.fail(Assert.java:94)
	at org.testng.Assert.failNotEquals(Assert.java:494)
	at org.testng.Assert.assertTrue(Assert.java:42)
	at Accomodation.Accommodation_Book_Third_Party_Multi_Room_Outside_Cancellation.AccommodationBookThirdPartyMultiRoomOutsideCancellation(Accommodation_Book_Third_Party_Multi_Room_Outside_Cancellation.java:331)
	at sun.reflect.NativeMethodAccessorImpl.invoke0(Native Method)
	at sun.reflect.NativeMethodAccessorImpl.invoke(NativeMethodAccessorImpl.java:62)
	at sun.reflect.DelegatingMethodAccessorImpl.invoke(DelegatingMethodAccessorImpl.java:43)
	at java.lang.reflect.Method.invoke(Method.java:498)
	at org.testng.internal.MethodInvocationHelper.invokeMethod(MethodInvocationHelper.java:80)
	at org.testng.internal.Invoker.invokeMethod(Invoker.java:714)
	at org.testng.internal.Invoker.invokeTestMethod(Invoker.java:901)
	at org.testng.internal.Invoker.invokeTestMethods(Invoker.java:1231)
	at org.testng.internal.TestMethodWorker.invokeTestMethods(TestMethodWorker.java:127)
	at org.testng.internal.TestMethodWorker.run(TestMethodWorker.java:111)
	at org.testng.TestRunner.privateRun(TestRunner.java:767)
	at org.testng.TestRunner.run(TestRunner.java:617)
	at org.testng.SuiteRunner.runTest(SuiteRunner.java:334)
	at org.testng.SuiteRunner.runSequentially(SuiteRunner.java:329)
	at org.testng.SuiteRunner.privateRun(SuiteRunner.java:291)
	at org.testng.SuiteRunner.run(SuiteRunner.java:240)
	at org.testng.SuiteRunnerWorker.runSuite(SuiteRunnerWorker.java:52)
	at org.testng.SuiteRunnerWorker.run(SuiteRunnerWorker.java:86)
	at org.testng.TestNG.runSuitesSequentially(TestNG.java:1198)
	at org.testng.TestNG.runSuitesLocally(TestNG.java:1123)
	at org.testng.TestNG.run(TestNG.java:1031)
	at org.testng.remote.AbstractRemoteTestNG.run(AbstractRemoteTestNG.java:132)
	at org.testng.remote.RemoteTestNG.initAndRun(RemoteTestNG.java:230)
	at org.testng.remote.RemoteTestNG.main(RemoteTestNG.java:76)
]]>
            </full-stacktrace>
          </exception> <!-- java.lang.AssertionError -->
          <reporter-output>
          </reporter-output>
        </test-method> <!-- AccommodationBookThirdPartyMultiRoomOutsideCancellation -->
        <test-method status="PASS" signature="getResult(org.testng.ITestResult)[pri:0, instance:Accomodation.Accommodation_Book_Third_Party_Multi_Room_Outside_Cancellation@69b0fd6f]" name="getResult" is-config="true" duration-ms="0" started-at="2018-09-17T18:26:07Z" finished-at="2018-09-17T18:26:07Z">
          <params>
            <param index="0">
              <value>
                <![CDATA[[TestResult name=AccommodationBookThirdPartyMultiRoomOutsideCancellation status=FAILURE method=Accommodation_Book_Third_Party_Multi_Room_Outside_Cancellation.AccommodationBookThirdPartyMultiRoomOutsideCancellation(java.lang.String)[pri:0, instance:Accomodation.Accommodation_Book_Third_Party_Multi_Room_Outside_Cancellation@69b0fd6f] output={null}]]]>
              </value>
            </param>
          </params>
          <reporter-output>
          </reporter-output>
        </test-method> <!-- getResult -->
        <test-method status="PASS" signature="afterTest()[pri:0, instance:Accomodation.Accommodation_Book_Third_Party_Multi_Room_Outside_Cancellation@69b0fd6f]" name="afterTest" is-config="true" duration-ms="22" started-at="2018-09-17T18:26:07Z" finished-at="2018-09-17T18:26:07Z">
          <reporter-output>
          </reporter-output>
        </test-method> <!-- afterTest -->
      </class> <!-- Accomodation.Accommodation_Book_Third_Party_Multi_Room_Outside_Cancellation -->
    </test> <!-- SupplierTest6 -->
    <test name="SupplierTest7" duration-ms="72745" started-at="2018-09-17T12:56:07Z" finished-at="2018-09-17T12:57:20Z">
      <class name="Accomodation.Accommodation_Book_Third_Party_Room_Outside_Cancellation">
        <test-method status="FAIL" signature="AccommodationBookThirdPartyRoomOutsideCancellation(java.lang.String)[pri:0, instance:Accomodation.Accommodation_Book_Third_Party_Room_Outside_Cancellation@6950e31]" name="AccommodationBookThirdPartyRoomOutsideCancellation" duration-ms="72713" started-at="2018-09-17T18:26:07Z" finished-at="2018-09-17T18:27:19Z">
          <params>
            <param index="0">
              <value>
                <![CDATA[CH]]>
              </value>
            </param>
          </params>
          <exception class="java.lang.AssertionError">
            <message>
              <![CDATA[Timed out after 30 seconds waiting for visibility of element located by By.xpath: //*[@id='pbcpFirstName1_0']
Build info: version: '2.53.0', revision: '35ae25b1534ae328c771e0856c93e187490ca824', time: '2016-03-15 10:43:46'
System info: host: 'PC350015', ip: '172.18.21.21', os.name: 'Windows 10', os.arch: 'amd64', os.version: '10.0', java.version: '1.8.0_131'
Driver info: org.openqa.selenium.chrome.ChromeDriver
Capabilities [{applicationCacheEnabled=false, rotatable=false, mobileEmulationEnabled=false, networkConnectionEnabled=false, chrome={chromedriverVersion=2.35.528161 (5b82f2d2aae0ca24b877009200ced9065a772e73), userDataDir=C:\Users\479739\AppData\Local\Temp\scoped_dir54192_27973}, takesHeapSnapshot=true, pageLoadStrategy=normal, databaseEnabled=false, handlesAlerts=true, hasTouchScreen=false, version=67.0.3396.79, platform=XP, browserConnectionEnabled=false, nativeEvents=true, acceptSslCerts=false, acceptInsecureCerts=false, locationContextEnabled=true, webStorageEnabled=true, browserName=chrome, takesScreenshot=true, javascriptEnabled=true, cssSelectorsEnabled=true, setWindowRect=true, unexpectedAlertBehaviour=}]
Session ID: a213fe3b815d0f0392a5f0e217b2f9e4 expected [true] but found [false]]]>
            </message>
            <full-stacktrace>
              <![CDATA[java.lang.AssertionError: Timed out after 30 seconds waiting for visibility of element located by By.xpath: //*[@id='pbcpFirstName1_0']
Build info: version: '2.53.0', revision: '35ae25b1534ae328c771e0856c93e187490ca824', time: '2016-03-15 10:43:46'
System info: host: 'PC350015', ip: '172.18.21.21', os.name: 'Windows 10', os.arch: 'amd64', os.version: '10.0', java.version: '1.8.0_131'
Driver info: org.openqa.selenium.chrome.ChromeDriver
Capabilities [{applicationCacheEnabled=false, rotatable=false, mobileEmulationEnabled=false, networkConnectionEnabled=false, chrome={chromedriverVersion=2.35.528161 (5b82f2d2aae0ca24b877009200ced9065a772e73), userDataDir=C:\Users\479739\AppData\Local\Temp\scoped_dir54192_27973}, takesHeapSnapshot=true, pageLoadStrategy=normal, databaseEnabled=false, handlesAlerts=true, hasTouchScreen=false, version=67.0.3396.79, platform=XP, browserConnectionEnabled=false, nativeEvents=true, acceptSslCerts=false, acceptInsecureCerts=false, locationContextEnabled=true, webStorageEnabled=true, browserName=chrome, takesScreenshot=true, javascriptEnabled=true, cssSelectorsEnabled=true, setWindowRect=true, unexpectedAlertBehaviour=}]
Session ID: a213fe3b815d0f0392a5f0e217b2f9e4 expected [true] but found [false]
	at org.testng.Assert.fail(Assert.java:94)
	at org.testng.Assert.failNotEquals(Assert.java:494)
	at org.testng.Assert.assertTrue(Assert.java:42)
	at Accomodation.Accommodation_Book_Third_Party_Room_Outside_Cancellation.AccommodationBookThirdPartyRoomOutsideCancellation(Accommodation_Book_Third_Party_Room_Outside_Cancellation.java:265)
	at sun.reflect.NativeMethodAccessorImpl.invoke0(Native Method)
	at sun.reflect.NativeMethodAccessorImpl.invoke(NativeMethodAccessorImpl.java:62)
	at sun.reflect.DelegatingMethodAccessorImpl.invoke(DelegatingMethodAccessorImpl.java:43)
	at java.lang.reflect.Method.invoke(Method.java:498)
	at org.testng.internal.MethodInvocationHelper.invokeMethod(MethodInvocationHelper.java:80)
	at org.testng.internal.Invoker.invokeMethod(Invoker.java:714)
	at org.testng.internal.Invoker.invokeTestMethod(Invoker.java:901)
	at org.testng.internal.Invoker.invokeTestMethods(Invoker.java:1231)
	at org.testng.internal.TestMethodWorker.invokeTestMethods(TestMethodWorker.java:127)
	at org.testng.internal.TestMethodWorker.run(TestMethodWorker.java:111)
	at org.testng.TestRunner.privateRun(TestRunner.java:767)
	at org.testng.TestRunner.run(TestRunner.java:617)
	at org.testng.SuiteRunner.runTest(SuiteRunner.java:334)
	at org.testng.SuiteRunner.runSequentially(SuiteRunner.java:329)
	at org.testng.SuiteRunner.privateRun(SuiteRunner.java:291)
	at org.testng.SuiteRunner.run(SuiteRunner.java:240)
	at org.testng.SuiteRunnerWorker.runSuite(SuiteRunnerWorker.java:52)
	at org.testng.SuiteRunnerWorker.run(SuiteRunnerWorker.java:86)
	at org.testng.TestNG.runSuitesSequentially(TestNG.java:1198)
	at org.testng.TestNG.runSuitesLocally(TestNG.java:1123)
	at org.testng.TestNG.run(TestNG.java:1031)
	at org.testng.remote.AbstractRemoteTestNG.run(AbstractRemoteTestNG.java:132)
	at org.testng.remote.RemoteTestNG.initAndRun(RemoteTestNG.java:230)
	at org.testng.remote.RemoteTestNG.main(RemoteTestNG.java:76)
]]>
            </full-stacktrace>
          </exception> <!-- java.lang.AssertionError -->
          <reporter-output>
          </reporter-output>
        </test-method> <!-- AccommodationBookThirdPartyRoomOutsideCancellation -->
        <test-method status="PASS" signature="getResult(org.testng.ITestResult)[pri:0, instance:Accomodation.Accommodation_Book_Third_Party_Room_Outside_Cancellation@6950e31]" name="getResult" is-config="true" duration-ms="2" started-at="2018-09-17T18:27:19Z" finished-at="2018-09-17T18:27:19Z">
          <params>
            <param index="0">
              <value>
                <![CDATA[[TestResult name=AccommodationBookThirdPartyRoomOutsideCancellation status=FAILURE method=Accommodation_Book_Third_Party_Room_Outside_Cancellation.AccommodationBookThirdPartyRoomOutsideCancellation(java.lang.String)[pri:0, instance:Accomodation.Accommodation_Book_Third_Party_Room_Outside_Cancellation@6950e31] output={null}]]]>
              </value>
            </param>
          </params>
          <reporter-output>
          </reporter-output>
        </test-method> <!-- getResult -->
        <test-method status="PASS" signature="afterTest()[pri:0, instance:Accomodation.Accommodation_Book_Third_Party_Room_Outside_Cancellation@6950e31]" name="afterTest" is-config="true" duration-ms="28" started-at="2018-09-17T18:27:19Z" finished-at="2018-09-17T18:27:20Z">
          <reporter-output>
          </reporter-output>
        </test-method> <!-- afterTest -->
      </class> <!-- Accomodation.Accommodation_Book_Third_Party_Room_Outside_Cancellation -->
    </test> <!-- SupplierTest7 -->
    <test name="SupplierTest8" duration-ms="104554" started-at="2018-09-17T12:57:20Z" finished-at="2018-09-17T12:59:04Z">
      <class name="Accomodation.Accomodation_Book_Adult_With_Children">
        <test-method status="PASS" signature="AccomodationBookAdultWithChildren(java.lang.String)[pri:0, instance:Accomodation.Accomodation_Book_Adult_With_Children@7a30d1e6]" name="AccomodationBookAdultWithChildren" duration-ms="104533" started-at="2018-09-17T18:27:20Z" finished-at="2018-09-17T18:29:04Z">
          <params>
            <param index="0">
              <value>
                <![CDATA[CH]]>
              </value>
            </param>
          </params>
          <reporter-output>
          </reporter-output>
        </test-method> <!-- AccomodationBookAdultWithChildren -->
        <test-method status="PASS" signature="getResult(org.testng.ITestResult)[pri:0, instance:Accomodation.Accomodation_Book_Adult_With_Children@7a30d1e6]" name="getResult" is-config="true" duration-ms="0" started-at="2018-09-17T18:29:04Z" finished-at="2018-09-17T18:29:04Z">
          <params>
            <param index="0">
              <value>
                <![CDATA[[TestResult name=AccomodationBookAdultWithChildren status=SUCCESS method=Accomodation_Book_Adult_With_Children.AccomodationBookAdultWithChildren(java.lang.String)[pri:0, instance:Accomodation.Accomodation_Book_Adult_With_Children@7a30d1e6] output={null}]]]>
              </value>
            </param>
          </params>
          <reporter-output>
          </reporter-output>
        </test-method> <!-- getResult -->
        <test-method status="PASS" signature="afterTest()[pri:0, instance:Accomodation.Accomodation_Book_Adult_With_Children@7a30d1e6]" name="afterTest" is-config="true" duration-ms="20" started-at="2018-09-17T18:29:04Z" finished-at="2018-09-17T18:29:04Z">
          <reporter-output>
          </reporter-output>
        </test-method> <!-- afterTest -->
      </class> <!-- Accomodation.Accomodation_Book_Adult_With_Children -->
    </test> <!-- SupplierTest8 -->
    <test name="SupplierTest9" duration-ms="79446" started-at="2018-09-17T12:59:04Z" finished-at="2018-09-17T13:00:24Z">
      <class name="Accomodation.Accomodation_Booking_Documents">
        <test-method status="PASS" signature="AccomodationBookingDocuments(java.lang.String)[pri:0, instance:Accomodation.Accomodation_Booking_Documents@4e718207]" name="AccomodationBookingDocuments" duration-ms="79420" started-at="2018-09-17T18:29:04Z" finished-at="2018-09-17T18:30:24Z">
          <params>
            <param index="0">
              <value>
                <![CDATA[CH]]>
              </value>
            </param>
          </params>
          <reporter-output>
          </reporter-output>
        </test-method> <!-- AccomodationBookingDocuments -->
        <test-method status="PASS" signature="getResult(org.testng.ITestResult)[pri:0, instance:Accomodation.Accomodation_Booking_Documents@4e718207]" name="getResult" is-config="true" duration-ms="0" started-at="2018-09-17T18:30:24Z" finished-at="2018-09-17T18:30:24Z">
          <params>
            <param index="0">
              <value>
                <![CDATA[[TestResult name=AccomodationBookingDocuments status=SUCCESS method=Accomodation_Booking_Documents.AccomodationBookingDocuments(java.lang.String)[pri:0, instance:Accomodation.Accomodation_Booking_Documents@4e718207] output={null}]]]>
              </value>
            </param>
          </params>
          <reporter-output>
          </reporter-output>
        </test-method> <!-- getResult -->
        <test-method status="PASS" signature="afterTest()[pri:0, instance:Accomodation.Accomodation_Booking_Documents@4e718207]" name="afterTest" is-config="true" duration-ms="25" started-at="2018-09-17T18:30:24Z" finished-at="2018-09-17T18:30:24Z">
          <reporter-output>
          </reporter-output>
        </test-method> <!-- afterTest -->
      </class> <!-- Accomodation.Accomodation_Booking_Documents -->
    </test> <!-- SupplierTest9 -->
    <test name="SupplierTest10" duration-ms="41395" started-at="2018-09-17T13:00:24Z" finished-at="2018-09-17T13:01:05Z">
      <class name="Accomodation.Accomodation_Search_With_Filters">
        <test-method status="PASS" signature="AccomodationSearchWithFilters(java.lang.String)[pri:0, instance:Accomodation.Accomodation_Search_With_Filters@1fc2b765]" name="AccomodationSearchWithFilters" duration-ms="39293" started-at="2018-09-17T18:30:24Z" finished-at="2018-09-17T18:31:03Z">
          <params>
            <param index="0">
              <value>
                <![CDATA[CH]]>
              </value>
            </param>
          </params>
          <reporter-output>
          </reporter-output>
        </test-method> <!-- AccomodationSearchWithFilters -->
        <test-method status="PASS" signature="getResult(org.testng.ITestResult)[pri:0, instance:Accomodation.Accomodation_Search_With_Filters@1fc2b765]" name="getResult" is-config="true" duration-ms="0" started-at="2018-09-17T18:31:03Z" finished-at="2018-09-17T18:31:03Z">
          <params>
            <param index="0">
              <value>
                <![CDATA[[TestResult name=AccomodationSearchWithFilters status=SUCCESS method=Accomodation_Search_With_Filters.AccomodationSearchWithFilters(java.lang.String)[pri:0, instance:Accomodation.Accomodation_Search_With_Filters@1fc2b765] output={null}]]]>
              </value>
            </param>
          </params>
          <reporter-output>
          </reporter-output>
        </test-method> <!-- getResult -->
        <test-method status="PASS" signature="afterTest()[pri:0, instance:Accomodation.Accomodation_Search_With_Filters@1fc2b765]" name="afterTest" is-config="true" duration-ms="2099" started-at="2018-09-17T18:31:03Z" finished-at="2018-09-17T18:31:05Z">
          <reporter-output>
          </reporter-output>
        </test-method> <!-- afterTest -->
      </class> <!-- Accomodation.Accomodation_Search_With_Filters -->
    </test> <!-- SupplierTest10 -->
    <test name="SupplierTest11" duration-ms="131413" started-at="2018-09-17T13:01:05Z" finished-at="2018-09-17T13:03:16Z">
      <class name="Accomodation.Amend_Booking">
        <test-method status="PASS" signature="AmendBooking(java.lang.String)[pri:0, instance:Accomodation.Amend_Booking@2de8284b]" name="AmendBooking" duration-ms="131388" started-at="2018-09-17T18:31:05Z" finished-at="2018-09-17T18:33:16Z">
          <params>
            <param index="0">
              <value>
                <![CDATA[CH]]>
              </value>
            </param>
          </params>
          <reporter-output>
          </reporter-output>
        </test-method> <!-- AmendBooking -->
        <test-method status="PASS" signature="getResult(org.testng.ITestResult)[pri:0, instance:Accomodation.Amend_Booking@2de8284b]" name="getResult" is-config="true" duration-ms="0" started-at="2018-09-17T18:33:16Z" finished-at="2018-09-17T18:33:16Z">
          <params>
            <param index="0">
              <value>
                <![CDATA[[TestResult name=AmendBooking status=SUCCESS method=Amend_Booking.AmendBooking(java.lang.String)[pri:0, instance:Accomodation.Amend_Booking@2de8284b] output={null}]]]>
              </value>
            </param>
          </params>
          <reporter-output>
          </reporter-output>
        </test-method> <!-- getResult -->
        <test-method status="PASS" signature="afterTest()[pri:0, instance:Accomodation.Amend_Booking@2de8284b]" name="afterTest" is-config="true" duration-ms="25" started-at="2018-09-17T18:33:16Z" finished-at="2018-09-17T18:33:16Z">
          <reporter-output>
          </reporter-output>
        </test-method> <!-- afterTest -->
      </class> <!-- Accomodation.Amend_Booking -->
    </test> <!-- SupplierTest11 -->
    <test name="SupplierTest12" duration-ms="182032" started-at="2018-09-17T13:03:16Z" finished-at="2018-09-17T13:06:18Z">
      <class name="Accomodation.Cancel_Booking">
        <test-method status="FAIL" signature="CancelBooking(java.lang.String)[pri:0, instance:Accomodation.Cancel_Booking@42607a4f]" name="CancelBooking" duration-ms="179925" started-at="2018-09-17T18:33:16Z" finished-at="2018-09-17T18:36:16Z">
          <params>
            <param index="0">
              <value>
                <![CDATA[CH]]>
              </value>
            </param>
          </params>
          <exception class="java.lang.AssertionError">
            <message>
              <![CDATA[Timed out after 80 seconds waiting for visibility of element located by By.xpath: //*[contains(text(),'Cancelled')]
Build info: version: '2.53.0', revision: '35ae25b1534ae328c771e0856c93e187490ca824', time: '2016-03-15 10:43:46'
System info: host: 'PC350015', ip: '172.18.21.21', os.name: 'Windows 10', os.arch: 'amd64', os.version: '10.0', java.version: '1.8.0_131'
Driver info: org.openqa.selenium.chrome.ChromeDriver
Capabilities [{applicationCacheEnabled=false, rotatable=false, mobileEmulationEnabled=false, networkConnectionEnabled=false, chrome={chromedriverVersion=2.35.528161 (5b82f2d2aae0ca24b877009200ced9065a772e73), userDataDir=C:\Users\479739\AppData\Local\Temp\scoped_dir61348_2190}, takesHeapSnapshot=true, pageLoadStrategy=normal, databaseEnabled=false, handlesAlerts=true, hasTouchScreen=false, version=67.0.3396.79, platform=XP, browserConnectionEnabled=false, nativeEvents=true, acceptSslCerts=false, acceptInsecureCerts=false, locationContextEnabled=true, webStorageEnabled=true, browserName=chrome, takesScreenshot=true, javascriptEnabled=true, cssSelectorsEnabled=true, setWindowRect=true, unexpectedAlertBehaviour=}]
Session ID: 1d015f30b3bb15c21176103d48427903 expected [true] but found [false]]]>
            </message>
            <full-stacktrace>
              <![CDATA[java.lang.AssertionError: Timed out after 80 seconds waiting for visibility of element located by By.xpath: //*[contains(text(),'Cancelled')]
Build info: version: '2.53.0', revision: '35ae25b1534ae328c771e0856c93e187490ca824', time: '2016-03-15 10:43:46'
System info: host: 'PC350015', ip: '172.18.21.21', os.name: 'Windows 10', os.arch: 'amd64', os.version: '10.0', java.version: '1.8.0_131'
Driver info: org.openqa.selenium.chrome.ChromeDriver
Capabilities [{applicationCacheEnabled=false, rotatable=false, mobileEmulationEnabled=false, networkConnectionEnabled=false, chrome={chromedriverVersion=2.35.528161 (5b82f2d2aae0ca24b877009200ced9065a772e73), userDataDir=C:\Users\479739\AppData\Local\Temp\scoped_dir61348_2190}, takesHeapSnapshot=true, pageLoadStrategy=normal, databaseEnabled=false, handlesAlerts=true, hasTouchScreen=false, version=67.0.3396.79, platform=XP, browserConnectionEnabled=false, nativeEvents=true, acceptSslCerts=false, acceptInsecureCerts=false, locationContextEnabled=true, webStorageEnabled=true, browserName=chrome, takesScreenshot=true, javascriptEnabled=true, cssSelectorsEnabled=true, setWindowRect=true, unexpectedAlertBehaviour=}]
Session ID: 1d015f30b3bb15c21176103d48427903 expected [true] but found [false]
	at org.testng.Assert.fail(Assert.java:94)
	at org.testng.Assert.failNotEquals(Assert.java:494)
	at org.testng.Assert.assertTrue(Assert.java:42)
	at Accomodation.Cancel_Booking.CancelBooking(Cancel_Booking.java:361)
	at sun.reflect.NativeMethodAccessorImpl.invoke0(Native Method)
	at sun.reflect.NativeMethodAccessorImpl.invoke(NativeMethodAccessorImpl.java:62)
	at sun.reflect.DelegatingMethodAccessorImpl.invoke(DelegatingMethodAccessorImpl.java:43)
	at java.lang.reflect.Method.invoke(Method.java:498)
	at org.testng.internal.MethodInvocationHelper.invokeMethod(MethodInvocationHelper.java:80)
	at org.testng.internal.Invoker.invokeMethod(Invoker.java:714)
	at org.testng.internal.Invoker.invokeTestMethod(Invoker.java:901)
	at org.testng.internal.Invoker.invokeTestMethods(Invoker.java:1231)
	at org.testng.internal.TestMethodWorker.invokeTestMethods(TestMethodWorker.java:127)
	at org.testng.internal.TestMethodWorker.run(TestMethodWorker.java:111)
	at org.testng.TestRunner.privateRun(TestRunner.java:767)
	at org.testng.TestRunner.run(TestRunner.java:617)
	at org.testng.SuiteRunner.runTest(SuiteRunner.java:334)
	at org.testng.SuiteRunner.runSequentially(SuiteRunner.java:329)
	at org.testng.SuiteRunner.privateRun(SuiteRunner.java:291)
	at org.testng.SuiteRunner.run(SuiteRunner.java:240)
	at org.testng.SuiteRunnerWorker.runSuite(SuiteRunnerWorker.java:52)
	at org.testng.SuiteRunnerWorker.run(SuiteRunnerWorker.java:86)
	at org.testng.TestNG.runSuitesSequentially(TestNG.java:1198)
	at org.testng.TestNG.runSuitesLocally(TestNG.java:1123)
	at org.testng.TestNG.run(TestNG.java:1031)
	at org.testng.remote.AbstractRemoteTestNG.run(AbstractRemoteTestNG.java:132)
	at org.testng.remote.RemoteTestNG.initAndRun(RemoteTestNG.java:230)
	at org.testng.remote.RemoteTestNG.main(RemoteTestNG.java:76)
]]>
            </full-stacktrace>
          </exception> <!-- java.lang.AssertionError -->
          <reporter-output>
          </reporter-output>
        </test-method> <!-- CancelBooking -->
        <test-method status="PASS" signature="getResult(org.testng.ITestResult)[pri:0, instance:Accomodation.Cancel_Booking@42607a4f]" name="getResult" is-config="true" duration-ms="0" started-at="2018-09-17T18:36:16Z" finished-at="2018-09-17T18:36:16Z">
          <params>
            <param index="0">
              <value>
                <![CDATA[[TestResult name=CancelBooking status=FAILURE method=Cancel_Booking.CancelBooking(java.lang.String)[pri:0, instance:Accomodation.Cancel_Booking@42607a4f] output={null}]]]>
              </value>
            </param>
          </params>
          <reporter-output>
          </reporter-output>
        </test-method> <!-- getResult -->
        <test-method status="PASS" signature="afterTest()[pri:0, instance:Accomodation.Cancel_Booking@42607a4f]" name="afterTest" is-config="true" duration-ms="2103" started-at="2018-09-17T18:36:16Z" finished-at="2018-09-17T18:36:18Z">
          <reporter-output>
          </reporter-output>
        </test-method> <!-- afterTest -->
      </class> <!-- Accomodation.Cancel_Booking -->
    </test> <!-- SupplierTest12 -->
    <test name="SupplierTest13" duration-ms="90264" started-at="2018-09-17T13:06:19Z" finished-at="2018-09-17T13:07:49Z">
      <class name="Accomodation.Find_Booking_With_Passenger_Name">
        <test-method status="PASS" signature="FindBookingWithPassengerName(java.lang.String)[pri:0, instance:Accomodation.Find_Booking_With_Passenger_Name@2e3fc542]" name="FindBookingWithPassengerName" duration-ms="90241" started-at="2018-09-17T18:36:19Z" finished-at="2018-09-17T18:37:49Z">
          <params>
            <param index="0">
              <value>
                <![CDATA[CH]]>
              </value>
            </param>
          </params>
          <reporter-output>
          </reporter-output>
        </test-method> <!-- FindBookingWithPassengerName -->
        <test-method status="PASS" signature="getResult(org.testng.ITestResult)[pri:0, instance:Accomodation.Find_Booking_With_Passenger_Name@2e3fc542]" name="getResult" is-config="true" duration-ms="0" started-at="2018-09-17T18:37:49Z" finished-at="2018-09-17T18:37:49Z">
          <params>
            <param index="0">
              <value>
                <![CDATA[[TestResult name=FindBookingWithPassengerName status=SUCCESS method=Find_Booking_With_Passenger_Name.FindBookingWithPassengerName(java.lang.String)[pri:0, instance:Accomodation.Find_Booking_With_Passenger_Name@2e3fc542] output={null}]]]>
              </value>
            </param>
          </params>
          <reporter-output>
          </reporter-output>
        </test-method> <!-- getResult -->
        <test-method status="PASS" signature="afterTest()[pri:0, instance:Accomodation.Find_Booking_With_Passenger_Name@2e3fc542]" name="afterTest" is-config="true" duration-ms="21" started-at="2018-09-17T18:37:49Z" finished-at="2018-09-17T18:37:49Z">
          <reporter-output>
          </reporter-output>
        </test-method> <!-- afterTest -->
      </class> <!-- Accomodation.Find_Booking_With_Passenger_Name -->
    </test> <!-- SupplierTest13 -->
    <test name="SupplierTest14" duration-ms="86648" started-at="2018-09-17T13:07:49Z" finished-at="2018-09-17T13:09:15Z">
      <class name="Accomodation.Find_Booking">
        <test-method status="PASS" signature="FindBooking(java.lang.String)[pri:0, instance:Accomodation.Find_Booking@eb21112]" name="FindBooking" duration-ms="86621" started-at="2018-09-17T18:37:49Z" finished-at="2018-09-17T18:39:15Z">
          <params>
            <param index="0">
              <value>
                <![CDATA[CH]]>
              </value>
            </param>
          </params>
          <reporter-output>
          </reporter-output>
        </test-method> <!-- FindBooking -->
        <test-method status="PASS" signature="getResult(org.testng.ITestResult)[pri:0, instance:Accomodation.Find_Booking@eb21112]" name="getResult" is-config="true" duration-ms="0" started-at="2018-09-17T18:39:15Z" finished-at="2018-09-17T18:39:15Z">
          <params>
            <param index="0">
              <value>
                <![CDATA[[TestResult name=FindBooking status=SUCCESS method=Find_Booking.FindBooking(java.lang.String)[pri:0, instance:Accomodation.Find_Booking@eb21112] output={null}]]]>
              </value>
            </param>
          </params>
          <reporter-output>
          </reporter-output>
        </test-method> <!-- getResult -->
        <test-method status="PASS" signature="afterTest()[pri:0, instance:Accomodation.Find_Booking@eb21112]" name="afterTest" is-config="true" duration-ms="25" started-at="2018-09-17T18:39:15Z" finished-at="2018-09-17T18:39:15Z">
          <reporter-output>
          </reporter-output>
        </test-method> <!-- afterTest -->
      </class> <!-- Accomodation.Find_Booking -->
    </test> <!-- SupplierTest14 -->
    <test name="SupplierTest15" duration-ms="119128" started-at="2018-09-17T13:09:15Z" finished-at="2018-09-17T13:11:15Z">
      <class name="Others.Add_Edit_Sub_Customer">
        <test-method status="FAIL" signature="AddEditSubCustomer(java.lang.String)[pri:0, instance:Others.Add_Edit_Sub_Customer@5c072e3f]" name="AddEditSubCustomer" duration-ms="119099" started-at="2018-09-17T18:39:15Z" finished-at="2018-09-17T18:41:15Z">
          <params>
            <param index="0">
              <value>
                <![CDATA[CH]]>
              </value>
            </param>
          </params>
          <exception class="java.lang.AssertionError">
            <message>
              <![CDATA[Timed out after 80 seconds waiting for visibility of element located by By.xpath: //*[contains(text(),'User created successfully.')]
Build info: version: '2.53.0', revision: '35ae25b1534ae328c771e0856c93e187490ca824', time: '2016-03-15 10:43:46'
System info: host: 'PC350015', ip: '172.18.21.21', os.name: 'Windows 10', os.arch: 'amd64', os.version: '10.0', java.version: '1.8.0_131'
Driver info: org.openqa.selenium.chrome.ChromeDriver
Capabilities [{applicationCacheEnabled=false, rotatable=false, mobileEmulationEnabled=false, networkConnectionEnabled=false, chrome={chromedriverVersion=2.35.528161 (5b82f2d2aae0ca24b877009200ced9065a772e73), userDataDir=C:\Users\479739\AppData\Local\Temp\scoped_dir13828_22974}, takesHeapSnapshot=true, pageLoadStrategy=normal, databaseEnabled=false, handlesAlerts=true, hasTouchScreen=false, version=67.0.3396.79, platform=XP, browserConnectionEnabled=false, nativeEvents=true, acceptSslCerts=false, acceptInsecureCerts=false, locationContextEnabled=true, webStorageEnabled=true, browserName=chrome, takesScreenshot=true, javascriptEnabled=true, cssSelectorsEnabled=true, setWindowRect=true, unexpectedAlertBehaviour=}]
Session ID: 76eed3f72654c3c3f3143676f45c8149 expected [true] but found [false]]]>
            </message>
            <full-stacktrace>
              <![CDATA[java.lang.AssertionError: Timed out after 80 seconds waiting for visibility of element located by By.xpath: //*[contains(text(),'User created successfully.')]
Build info: version: '2.53.0', revision: '35ae25b1534ae328c771e0856c93e187490ca824', time: '2016-03-15 10:43:46'
System info: host: 'PC350015', ip: '172.18.21.21', os.name: 'Windows 10', os.arch: 'amd64', os.version: '10.0', java.version: '1.8.0_131'
Driver info: org.openqa.selenium.chrome.ChromeDriver
Capabilities [{applicationCacheEnabled=false, rotatable=false, mobileEmulationEnabled=false, networkConnectionEnabled=false, chrome={chromedriverVersion=2.35.528161 (5b82f2d2aae0ca24b877009200ced9065a772e73), userDataDir=C:\Users\479739\AppData\Local\Temp\scoped_dir13828_22974}, takesHeapSnapshot=true, pageLoadStrategy=normal, databaseEnabled=false, handlesAlerts=true, hasTouchScreen=false, version=67.0.3396.79, platform=XP, browserConnectionEnabled=false, nativeEvents=true, acceptSslCerts=false, acceptInsecureCerts=false, locationContextEnabled=true, webStorageEnabled=true, browserName=chrome, takesScreenshot=true, javascriptEnabled=true, cssSelectorsEnabled=true, setWindowRect=true, unexpectedAlertBehaviour=}]
Session ID: 76eed3f72654c3c3f3143676f45c8149 expected [true] but found [false]
	at org.testng.Assert.fail(Assert.java:94)
	at org.testng.Assert.failNotEquals(Assert.java:494)
	at org.testng.Assert.assertTrue(Assert.java:42)
	at Others.Add_Edit_Sub_Customer.AddEditSubCustomer(Add_Edit_Sub_Customer.java:195)
	at sun.reflect.NativeMethodAccessorImpl.invoke0(Native Method)
	at sun.reflect.NativeMethodAccessorImpl.invoke(NativeMethodAccessorImpl.java:62)
	at sun.reflect.DelegatingMethodAccessorImpl.invoke(DelegatingMethodAccessorImpl.java:43)
	at java.lang.reflect.Method.invoke(Method.java:498)
	at org.testng.internal.MethodInvocationHelper.invokeMethod(MethodInvocationHelper.java:80)
	at org.testng.internal.Invoker.invokeMethod(Invoker.java:714)
	at org.testng.internal.Invoker.invokeTestMethod(Invoker.java:901)
	at org.testng.internal.Invoker.invokeTestMethods(Invoker.java:1231)
	at org.testng.internal.TestMethodWorker.invokeTestMethods(TestMethodWorker.java:127)
	at org.testng.internal.TestMethodWorker.run(TestMethodWorker.java:111)
	at org.testng.TestRunner.privateRun(TestRunner.java:767)
	at org.testng.TestRunner.run(TestRunner.java:617)
	at org.testng.SuiteRunner.runTest(SuiteRunner.java:334)
	at org.testng.SuiteRunner.runSequentially(SuiteRunner.java:329)
	at org.testng.SuiteRunner.privateRun(SuiteRunner.java:291)
	at org.testng.SuiteRunner.run(SuiteRunner.java:240)
	at org.testng.SuiteRunnerWorker.runSuite(SuiteRunnerWorker.java:52)
	at org.testng.SuiteRunnerWorker.run(SuiteRunnerWorker.java:86)
	at org.testng.TestNG.runSuitesSequentially(TestNG.java:1198)
	at org.testng.TestNG.runSuitesLocally(TestNG.java:1123)
	at org.testng.TestNG.run(TestNG.java:1031)
	at org.testng.remote.AbstractRemoteTestNG.run(AbstractRemoteTestNG.java:132)
	at org.testng.remote.RemoteTestNG.initAndRun(RemoteTestNG.java:230)
	at org.testng.remote.RemoteTestNG.main(RemoteTestNG.java:76)
]]>
            </full-stacktrace>
          </exception> <!-- java.lang.AssertionError -->
          <reporter-output>
          </reporter-output>
        </test-method> <!-- AddEditSubCustomer -->
        <test-method status="PASS" signature="getResult(org.testng.ITestResult)[pri:0, instance:Others.Add_Edit_Sub_Customer@5c072e3f]" name="getResult" is-config="true" duration-ms="0" started-at="2018-09-17T18:41:15Z" finished-at="2018-09-17T18:41:15Z">
          <params>
            <param index="0">
              <value>
                <![CDATA[[TestResult name=AddEditSubCustomer status=FAILURE method=Add_Edit_Sub_Customer.AddEditSubCustomer(java.lang.String)[pri:0, instance:Others.Add_Edit_Sub_Customer@5c072e3f] output={null}]]]>
              </value>
            </param>
          </params>
          <reporter-output>
          </reporter-output>
        </test-method> <!-- getResult -->
        <test-method status="PASS" signature="afterTest()[pri:0, instance:Others.Add_Edit_Sub_Customer@5c072e3f]" name="afterTest" is-config="true" duration-ms="27" started-at="2018-09-17T18:41:15Z" finished-at="2018-09-17T18:41:15Z">
          <reporter-output>
          </reporter-output>
        </test-method> <!-- afterTest -->
      </class> <!-- Others.Add_Edit_Sub_Customer -->
    </test> <!-- SupplierTest15 -->
    <test name="SupplierTest16" duration-ms="26169" started-at="2018-09-17T13:11:15Z" finished-at="2018-09-17T13:11:41Z">
      <class name="Others.Credit_Card_Customer_Login">
        <test-method status="PASS" signature="CreditCardCustomerLogin(java.lang.String)[pri:0, instance:Others.Credit_Card_Customer_Login@306279ee]" name="CreditCardCustomerLogin" duration-ms="23824" started-at="2018-09-17T18:41:15Z" finished-at="2018-09-17T18:41:38Z">
          <params>
            <param index="0">
              <value>
                <![CDATA[CH]]>
              </value>
            </param>
          </params>
          <reporter-output>
          </reporter-output>
        </test-method> <!-- CreditCardCustomerLogin -->
        <test-method status="PASS" signature="getResult(org.testng.ITestResult)[pri:0, instance:Others.Credit_Card_Customer_Login@306279ee]" name="getResult" is-config="true" duration-ms="0" started-at="2018-09-17T18:41:38Z" finished-at="2018-09-17T18:41:38Z">
          <params>
            <param index="0">
              <value>
                <![CDATA[[TestResult name=CreditCardCustomerLogin status=SUCCESS method=Credit_Card_Customer_Login.CreditCardCustomerLogin(java.lang.String)[pri:0, instance:Others.Credit_Card_Customer_Login@306279ee] output={null}]]]>
              </value>
            </param>
          </params>
          <reporter-output>
          </reporter-output>
        </test-method> <!-- getResult -->
        <test-method status="PASS" signature="afterTest()[pri:0, instance:Others.Credit_Card_Customer_Login@306279ee]" name="afterTest" is-config="true" duration-ms="2345" started-at="2018-09-17T18:41:38Z" finished-at="2018-09-17T18:41:41Z">
          <reporter-output>
          </reporter-output>
        </test-method> <!-- afterTest -->
      </class> <!-- Others.Credit_Card_Customer_Login -->
    </test> <!-- SupplierTest16 -->
    <test name="SupplierTest17" duration-ms="26006" started-at="2018-09-17T13:11:41Z" finished-at="2018-09-17T13:12:07Z">
      <class name="Others.Credit_Customer_Login">
        <test-method status="PASS" signature="CreditCustomerLogin(java.lang.String)[pri:0, instance:Others.Credit_Customer_Login@704921a5]" name="CreditCustomerLogin" duration-ms="23676" started-at="2018-09-17T18:41:41Z" finished-at="2018-09-17T18:42:04Z">
          <params>
            <param index="0">
              <value>
                <![CDATA[CH]]>
              </value>
            </param>
          </params>
          <reporter-output>
          </reporter-output>
        </test-method> <!-- CreditCustomerLogin -->
        <test-method status="PASS" signature="getResult(org.testng.ITestResult)[pri:0, instance:Others.Credit_Customer_Login@704921a5]" name="getResult" is-config="true" duration-ms="0" started-at="2018-09-17T18:42:04Z" finished-at="2018-09-17T18:42:04Z">
          <params>
            <param index="0">
              <value>
                <![CDATA[[TestResult name=CreditCustomerLogin status=SUCCESS method=Credit_Customer_Login.CreditCustomerLogin(java.lang.String)[pri:0, instance:Others.Credit_Customer_Login@704921a5] output={null}]]]>
              </value>
            </param>
          </params>
          <reporter-output>
          </reporter-output>
        </test-method> <!-- getResult -->
        <test-method status="PASS" signature="afterTest()[pri:0, instance:Others.Credit_Customer_Login@704921a5]" name="afterTest" is-config="true" duration-ms="2329" started-at="2018-09-17T18:42:04Z" finished-at="2018-09-17T18:42:07Z">
          <reporter-output>
          </reporter-output>
        </test-method> <!-- afterTest -->
      </class> <!-- Others.Credit_Customer_Login -->
    </test> <!-- SupplierTest17 -->
    <test name="SupplierTest18" duration-ms="52387" started-at="2018-09-17T13:12:07Z" finished-at="2018-09-17T13:12:59Z">
      <class name="Others.Edit_Profile">
        <test-method status="PASS" signature="EditProfile(java.lang.String)[pri:0, instance:Others.Edit_Profile@5c18298f]" name="EditProfile" duration-ms="50304" started-at="2018-09-17T18:42:07Z" finished-at="2018-09-17T18:42:57Z">
          <params>
            <param index="0">
              <value>
                <![CDATA[CH]]>
              </value>
            </param>
          </params>
          <reporter-output>
          </reporter-output>
        </test-method> <!-- EditProfile -->
        <test-method status="PASS" signature="afterTest()[pri:0, instance:Others.Edit_Profile@5c18298f]" name="afterTest" is-config="true" duration-ms="2082" started-at="2018-09-17T18:42:57Z" finished-at="2018-09-17T18:42:59Z">
          <reporter-output>
          </reporter-output>
        </test-method> <!-- afterTest -->
        <test-method status="PASS" signature="getResult(org.testng.ITestResult)[pri:0, instance:Others.Edit_Profile@5c18298f]" name="getResult" is-config="true" duration-ms="0" started-at="2018-09-17T18:42:57Z" finished-at="2018-09-17T18:42:57Z">
          <params>
            <param index="0">
              <value>
                <![CDATA[[TestResult name=EditProfile status=SUCCESS method=Edit_Profile.EditProfile(java.lang.String)[pri:0, instance:Others.Edit_Profile@5c18298f] output={null}]]]>
              </value>
            </param>
          </params>
          <reporter-output>
          </reporter-output>
        </test-method> <!-- getResult -->
      </class> <!-- Others.Edit_Profile -->
    </test> <!-- SupplierTest18 -->
    <test name="SupplierTest20" duration-ms="16759" started-at="2018-09-17T13:12:59Z" finished-at="2018-09-17T13:13:16Z">
      <class name="Others.Inactive_Customer_LogIn">
        <test-method status="PASS" signature="InactiveCustomerCustomerLogin(java.lang.String)[pri:0, instance:Others.Inactive_Customer_LogIn@7a36aefa]" name="InactiveCustomerCustomerLogin" duration-ms="16675" started-at="2018-09-17T18:42:59Z" finished-at="2018-09-17T18:43:16Z">
          <params>
            <param index="0">
              <value>
                <![CDATA[CH]]>
              </value>
            </param>
          </params>
          <reporter-output>
          </reporter-output>
        </test-method> <!-- InactiveCustomerCustomerLogin -->
        <test-method status="PASS" signature="afterTest()[pri:0, instance:Others.Inactive_Customer_LogIn@7a36aefa]" name="afterTest" is-config="true" duration-ms="83" started-at="2018-09-17T18:43:16Z" finished-at="2018-09-17T18:43:16Z">
          <reporter-output>
          </reporter-output>
        </test-method> <!-- afterTest -->
        <test-method status="PASS" signature="getResult(org.testng.ITestResult)[pri:0, instance:Others.Inactive_Customer_LogIn@7a36aefa]" name="getResult" is-config="true" duration-ms="0" started-at="2018-09-17T18:43:16Z" finished-at="2018-09-17T18:43:16Z">
          <params>
            <param index="0">
              <value>
                <![CDATA[[TestResult name=InactiveCustomerCustomerLogin status=SUCCESS method=Inactive_Customer_LogIn.InactiveCustomerCustomerLogin(java.lang.String)[pri:0, instance:Others.Inactive_Customer_LogIn@7a36aefa] output={null}]]]>
              </value>
            </param>
          </params>
          <reporter-output>
          </reporter-output>
        </test-method> <!-- getResult -->
      </class> <!-- Others.Inactive_Customer_LogIn -->
    </test> <!-- SupplierTest20 -->
    <test name="SupplierTest22" duration-ms="27540" started-at="2018-09-17T13:13:16Z" finished-at="2018-09-17T13:13:44Z">
      <class name="Others.Prepay_Customer_Login">
        <test-method status="PASS" signature="PrepayCustomerLogin(java.lang.String)[pri:0, instance:Others.Prepay_Customer_Login@5123a213]" name="PrepayCustomerLogin" duration-ms="25198" started-at="2018-09-17T18:43:16Z" finished-at="2018-09-17T18:43:41Z">
          <params>
            <param index="0">
              <value>
                <![CDATA[CH]]>
              </value>
            </param>
          </params>
          <reporter-output>
          </reporter-output>
        </test-method> <!-- PrepayCustomerLogin -->
        <test-method status="PASS" signature="afterTest()[pri:0, instance:Others.Prepay_Customer_Login@5123a213]" name="afterTest" is-config="true" duration-ms="2340" started-at="2018-09-17T18:43:41Z" finished-at="2018-09-17T18:43:44Z">
          <reporter-output>
          </reporter-output>
        </test-method> <!-- afterTest -->
        <test-method status="PASS" signature="getResult(org.testng.ITestResult)[pri:0, instance:Others.Prepay_Customer_Login@5123a213]" name="getResult" is-config="true" duration-ms="0" started-at="2018-09-17T18:43:41Z" finished-at="2018-09-17T18:43:41Z">
          <params>
            <param index="0">
              <value>
                <![CDATA[[TestResult name=PrepayCustomerLogin status=SUCCESS method=Prepay_Customer_Login.PrepayCustomerLogin(java.lang.String)[pri:0, instance:Others.Prepay_Customer_Login@5123a213] output={null}]]]>
              </value>
            </param>
          </params>
          <reporter-output>
          </reporter-output>
        </test-method> <!-- getResult -->
      </class> <!-- Others.Prepay_Customer_Login -->
    </test> <!-- SupplierTest22 -->
    <test name="SupplierTest23" duration-ms="37573" started-at="2018-09-17T13:13:44Z" finished-at="2018-09-17T13:14:21Z">
      <class name="Others.Register_Credit_Card_Customer">
        <test-method status="FAIL" signature="RegisterCreditCardCustomer(java.lang.String)[pri:0, instance:Others.Register_Credit_Card_Customer@103f852]" name="RegisterCreditCardCustomer" duration-ms="37470" started-at="2018-09-17T18:43:44Z" finished-at="2018-09-17T18:44:21Z">
          <params>
            <param index="0">
              <value>
                <![CDATA[CH]]>
              </value>
            </param>
          </params>
          <exception class="java.lang.AssertionError">
            <message>
              <![CDATA[expected [DOTWconnect.com::DOTWconnect.com: My Admin] but found [DOTWconnect.com :: Admin :: Login] expected [true] but found [false]]]>
            </message>
            <full-stacktrace>
              <![CDATA[java.lang.AssertionError: expected [DOTWconnect.com::DOTWconnect.com: My Admin] but found [DOTWconnect.com :: Admin :: Login] expected [true] but found [false]
	at org.testng.Assert.fail(Assert.java:94)
	at org.testng.Assert.failNotEquals(Assert.java:494)
	at org.testng.Assert.assertTrue(Assert.java:42)
	at Others.Register_Credit_Card_Customer.RegisterCreditCardCustomer(Register_Credit_Card_Customer.java:208)
	at sun.reflect.NativeMethodAccessorImpl.invoke0(Native Method)
	at sun.reflect.NativeMethodAccessorImpl.invoke(NativeMethodAccessorImpl.java:62)
	at sun.reflect.DelegatingMethodAccessorImpl.invoke(DelegatingMethodAccessorImpl.java:43)
	at java.lang.reflect.Method.invoke(Method.java:498)
	at org.testng.internal.MethodInvocationHelper.invokeMethod(MethodInvocationHelper.java:80)
	at org.testng.internal.Invoker.invokeMethod(Invoker.java:714)
	at org.testng.internal.Invoker.invokeTestMethod(Invoker.java:901)
	at org.testng.internal.Invoker.invokeTestMethods(Invoker.java:1231)
	at org.testng.internal.TestMethodWorker.invokeTestMethods(TestMethodWorker.java:127)
	at org.testng.internal.TestMethodWorker.run(TestMethodWorker.java:111)
	at org.testng.TestRunner.privateRun(TestRunner.java:767)
	at org.testng.TestRunner.run(TestRunner.java:617)
	at org.testng.SuiteRunner.runTest(SuiteRunner.java:334)
	at org.testng.SuiteRunner.runSequentially(SuiteRunner.java:329)
	at org.testng.SuiteRunner.privateRun(SuiteRunner.java:291)
	at org.testng.SuiteRunner.run(SuiteRunner.java:240)
	at org.testng.SuiteRunnerWorker.runSuite(SuiteRunnerWorker.java:52)
	at org.testng.SuiteRunnerWorker.run(SuiteRunnerWorker.java:86)
	at org.testng.TestNG.runSuitesSequentially(TestNG.java:1198)
	at org.testng.TestNG.runSuitesLocally(TestNG.java:1123)
	at org.testng.TestNG.run(TestNG.java:1031)
	at org.testng.remote.AbstractRemoteTestNG.run(AbstractRemoteTestNG.java:132)
	at org.testng.remote.RemoteTestNG.initAndRun(RemoteTestNG.java:230)
	at org.testng.remote.RemoteTestNG.main(RemoteTestNG.java:76)
]]>
            </full-stacktrace>
          </exception> <!-- java.lang.AssertionError -->
          <reporter-output>
          </reporter-output>
        </test-method> <!-- RegisterCreditCardCustomer -->
        <test-method status="PASS" signature="getResult(org.testng.ITestResult)[pri:0, instance:Others.Register_Credit_Card_Customer@103f852]" name="getResult" is-config="true" duration-ms="0" started-at="2018-09-17T18:44:21Z" finished-at="2018-09-17T18:44:21Z">
          <params>
            <param index="0">
              <value>
                <![CDATA[[TestResult name=RegisterCreditCardCustomer status=FAILURE method=Register_Credit_Card_Customer.RegisterCreditCardCustomer(java.lang.String)[pri:0, instance:Others.Register_Credit_Card_Customer@103f852] output={null}]]]>
              </value>
            </param>
          </params>
          <reporter-output>
          </reporter-output>
        </test-method> <!-- getResult -->
        <test-method status="PASS" signature="afterTest()[pri:0, instance:Others.Register_Credit_Card_Customer@103f852]" name="afterTest" is-config="true" duration-ms="102" started-at="2018-09-17T18:44:21Z" finished-at="2018-09-17T18:44:21Z">
          <reporter-output>
          </reporter-output>
        </test-method> <!-- afterTest -->
      </class> <!-- Others.Register_Credit_Card_Customer -->
    </test> <!-- SupplierTest23 -->
    <test name="SupplierTest26" duration-ms="20937" started-at="2018-09-17T13:14:21Z" finished-at="2018-09-17T13:14:42Z">
      <class name="Others.Supplier_Login">
        <test-method status="PASS" signature="SupplierLogin(java.lang.String)[pri:0, instance:Others.Supplier_Login@7e9a5fbe]" name="SupplierLogin" duration-ms="20856" started-at="2018-09-17T18:44:21Z" finished-at="2018-09-17T18:44:42Z">
          <params>
            <param index="0">
              <value>
                <![CDATA[CH]]>
              </value>
            </param>
          </params>
          <reporter-output>
          </reporter-output>
        </test-method> <!-- SupplierLogin -->
        <test-method status="PASS" signature="getResult(org.testng.ITestResult)[pri:0, instance:Others.Supplier_Login@7e9a5fbe]" name="getResult" is-config="true" duration-ms="0" started-at="2018-09-17T18:44:42Z" finished-at="2018-09-17T18:44:42Z">
          <params>
            <param index="0">
              <value>
                <![CDATA[[TestResult name=SupplierLogin status=SUCCESS method=Supplier_Login.SupplierLogin(java.lang.String)[pri:0, instance:Others.Supplier_Login@7e9a5fbe] output={null}]]]>
              </value>
            </param>
          </params>
          <reporter-output>
          </reporter-output>
        </test-method> <!-- getResult -->
        <test-method status="PASS" signature="afterTest()[pri:0, instance:Others.Supplier_Login@7e9a5fbe]" name="afterTest" is-config="true" duration-ms="81" started-at="2018-09-17T18:44:42Z" finished-at="2018-09-17T18:44:42Z">
          <reporter-output>
          </reporter-output>
        </test-method> <!-- afterTest -->
      </class> <!-- Others.Supplier_Login -->
    </test> <!-- SupplierTest26 -->
    <test name="SupplierTest27" duration-ms="95709" started-at="2018-09-17T13:14:42Z" finished-at="2018-09-17T13:16:18Z">
      <class name="Tour.Book_Tour">
        <test-method status="FAIL" signature="BookTour(java.lang.String)[pri:0, instance:Tour.Book_Tour@134593bf]" name="BookTour" duration-ms="95682" started-at="2018-09-17T18:44:42Z" finished-at="2018-09-17T18:46:18Z">
          <params>
            <param index="0">
              <value>
                <![CDATA[CH]]>
              </value>
            </param>
          </params>
          <exception class="java.lang.AssertionError">
            <message>
              <![CDATA[expected [true] but found [false] expected [true] but found [false]]]>
            </message>
            <full-stacktrace>
              <![CDATA[java.lang.AssertionError: expected [true] but found [false] expected [true] but found [false]
	at org.testng.Assert.fail(Assert.java:94)
	at org.testng.Assert.failNotEquals(Assert.java:494)
	at org.testng.Assert.assertTrue(Assert.java:42)
	at Tour.Book_Tour.BookTour(Book_Tour.java:322)
	at sun.reflect.NativeMethodAccessorImpl.invoke0(Native Method)
	at sun.reflect.NativeMethodAccessorImpl.invoke(NativeMethodAccessorImpl.java:62)
	at sun.reflect.DelegatingMethodAccessorImpl.invoke(DelegatingMethodAccessorImpl.java:43)
	at java.lang.reflect.Method.invoke(Method.java:498)
	at org.testng.internal.MethodInvocationHelper.invokeMethod(MethodInvocationHelper.java:80)
	at org.testng.internal.Invoker.invokeMethod(Invoker.java:714)
	at org.testng.internal.Invoker.invokeTestMethod(Invoker.java:901)
	at org.testng.internal.Invoker.invokeTestMethods(Invoker.java:1231)
	at org.testng.internal.TestMethodWorker.invokeTestMethods(TestMethodWorker.java:127)
	at org.testng.internal.TestMethodWorker.run(TestMethodWorker.java:111)
	at org.testng.TestRunner.privateRun(TestRunner.java:767)
	at org.testng.TestRunner.run(TestRunner.java:617)
	at org.testng.SuiteRunner.runTest(SuiteRunner.java:334)
	at org.testng.SuiteRunner.runSequentially(SuiteRunner.java:329)
	at org.testng.SuiteRunner.privateRun(SuiteRunner.java:291)
	at org.testng.SuiteRunner.run(SuiteRunner.java:240)
	at org.testng.SuiteRunnerWorker.runSuite(SuiteRunnerWorker.java:52)
	at org.testng.SuiteRunnerWorker.run(SuiteRunnerWorker.java:86)
	at org.testng.TestNG.runSuitesSequentially(TestNG.java:1198)
	at org.testng.TestNG.runSuitesLocally(TestNG.java:1123)
	at org.testng.TestNG.run(TestNG.java:1031)
	at org.testng.remote.AbstractRemoteTestNG.run(AbstractRemoteTestNG.java:132)
	at org.testng.remote.RemoteTestNG.initAndRun(RemoteTestNG.java:230)
	at org.testng.remote.RemoteTestNG.main(RemoteTestNG.java:76)
]]>
            </full-stacktrace>
          </exception> <!-- java.lang.AssertionError -->
          <reporter-output>
          </reporter-output>
        </test-method> <!-- BookTour -->
        <test-method status="PASS" signature="afterTest()[pri:0, instance:Tour.Book_Tour@134593bf]" name="afterTest" is-config="true" duration-ms="26" started-at="2018-09-17T18:46:18Z" finished-at="2018-09-17T18:46:18Z">
          <reporter-output>
          </reporter-output>
        </test-method> <!-- afterTest -->
        <test-method status="PASS" signature="getResult(org.testng.ITestResult)[pri:0, instance:Tour.Book_Tour@134593bf]" name="getResult" is-config="true" duration-ms="0" started-at="2018-09-17T18:46:18Z" finished-at="2018-09-17T18:46:18Z">
          <params>
            <param index="0">
              <value>
                <![CDATA[[TestResult name=BookTour status=FAILURE method=Book_Tour.BookTour(java.lang.String)[pri:0, instance:Tour.Book_Tour@134593bf] output={null}]]]>
              </value>
            </param>
          </params>
          <reporter-output>
          </reporter-output>
        </test-method> <!-- getResult -->
      </class> <!-- Tour.Book_Tour -->
    </test> <!-- SupplierTest27 -->
    <test name="SupplierTest28" duration-ms="73217" started-at="2018-09-17T13:16:18Z" finished-at="2018-09-17T13:17:31Z">
      <class name="Tour.Find_Tour_Booking">
        <test-method status="FAIL" signature="FindTourBooking(java.lang.String)[pri:0, instance:Tour.Find_Tour_Booking@8b87145]" name="FindTourBooking" duration-ms="70876" started-at="2018-09-17T18:46:18Z" finished-at="2018-09-17T18:47:29Z">
          <params>
            <param index="0">
              <value>
                <![CDATA[CH]]>
              </value>
            </param>
          </params>
          <exception class="java.lang.AssertionError">
            <message>
              <![CDATA[expected [true] but found [false] expected [true] but found [false]]]>
            </message>
            <full-stacktrace>
              <![CDATA[java.lang.AssertionError: expected [true] but found [false] expected [true] but found [false]
	at org.testng.Assert.fail(Assert.java:94)
	at org.testng.Assert.failNotEquals(Assert.java:494)
	at org.testng.Assert.assertTrue(Assert.java:42)
	at Tour.Find_Tour_Booking.FindTourBooking(Find_Tour_Booking.java:310)
	at sun.reflect.NativeMethodAccessorImpl.invoke0(Native Method)
	at sun.reflect.NativeMethodAccessorImpl.invoke(NativeMethodAccessorImpl.java:62)
	at sun.reflect.DelegatingMethodAccessorImpl.invoke(DelegatingMethodAccessorImpl.java:43)
	at java.lang.reflect.Method.invoke(Method.java:498)
	at org.testng.internal.MethodInvocationHelper.invokeMethod(MethodInvocationHelper.java:80)
	at org.testng.internal.Invoker.invokeMethod(Invoker.java:714)
	at org.testng.internal.Invoker.invokeTestMethod(Invoker.java:901)
	at org.testng.internal.Invoker.invokeTestMethods(Invoker.java:1231)
	at org.testng.internal.TestMethodWorker.invokeTestMethods(TestMethodWorker.java:127)
	at org.testng.internal.TestMethodWorker.run(TestMethodWorker.java:111)
	at org.testng.TestRunner.privateRun(TestRunner.java:767)
	at org.testng.TestRunner.run(TestRunner.java:617)
	at org.testng.SuiteRunner.runTest(SuiteRunner.java:334)
	at org.testng.SuiteRunner.runSequentially(SuiteRunner.java:329)
	at org.testng.SuiteRunner.privateRun(SuiteRunner.java:291)
	at org.testng.SuiteRunner.run(SuiteRunner.java:240)
	at org.testng.SuiteRunnerWorker.runSuite(SuiteRunnerWorker.java:52)
	at org.testng.SuiteRunnerWorker.run(SuiteRunnerWorker.java:86)
	at org.testng.TestNG.runSuitesSequentially(TestNG.java:1198)
	at org.testng.TestNG.runSuitesLocally(TestNG.java:1123)
	at org.testng.TestNG.run(TestNG.java:1031)
	at org.testng.remote.AbstractRemoteTestNG.run(AbstractRemoteTestNG.java:132)
	at org.testng.remote.RemoteTestNG.initAndRun(RemoteTestNG.java:230)
	at org.testng.remote.RemoteTestNG.main(RemoteTestNG.java:76)
]]>
            </full-stacktrace>
          </exception> <!-- java.lang.AssertionError -->
          <reporter-output>
          </reporter-output>
        </test-method> <!-- FindTourBooking -->
        <test-method status="PASS" signature="getResult(org.testng.ITestResult)[pri:0, instance:Tour.Find_Tour_Booking@8b87145]" name="getResult" is-config="true" duration-ms="1" started-at="2018-09-17T18:47:29Z" finished-at="2018-09-17T18:47:29Z">
          <params>
            <param index="0">
              <value>
                <![CDATA[[TestResult name=FindTourBooking status=FAILURE method=Find_Tour_Booking.FindTourBooking(java.lang.String)[pri:0, instance:Tour.Find_Tour_Booking@8b87145] output={null}]]]>
              </value>
            </param>
          </params>
          <reporter-output>
          </reporter-output>
        </test-method> <!-- getResult -->
        <test-method status="PASS" signature="afterTest()[pri:0, instance:Tour.Find_Tour_Booking@8b87145]" name="afterTest" is-config="true" duration-ms="2340" started-at="2018-09-17T18:47:29Z" finished-at="2018-09-17T18:47:31Z">
          <reporter-output>
          </reporter-output>
        </test-method> <!-- afterTest -->
      </class> <!-- Tour.Find_Tour_Booking -->
    </test> <!-- SupplierTest28 -->
    <test name="SupplierTest29" duration-ms="50120" started-at="2018-09-17T13:17:31Z" finished-at="2018-09-17T13:18:21Z">
      <class name="Tour.Search_Tour">
        <test-method status="PASS" signature="SearchTour(java.lang.String)[pri:0, instance:Tour.Search_Tour@543e710e]" name="SearchTour" duration-ms="47925" started-at="2018-09-17T18:47:31Z" finished-at="2018-09-17T18:48:19Z">
          <params>
            <param index="0">
              <value>
                <![CDATA[CH]]>
              </value>
            </param>
          </params>
          <reporter-output>
          </reporter-output>
        </test-method> <!-- SearchTour -->
        <test-method status="PASS" signature="getResult(org.testng.ITestResult)[pri:0, instance:Tour.Search_Tour@543e710e]" name="getResult" is-config="true" duration-ms="0" started-at="2018-09-17T18:48:19Z" finished-at="2018-09-17T18:48:19Z">
          <params>
            <param index="0">
              <value>
                <![CDATA[[TestResult name=SearchTour status=SUCCESS method=Search_Tour.SearchTour(java.lang.String)[pri:0, instance:Tour.Search_Tour@543e710e] output={null}]]]>
              </value>
            </param>
          </params>
          <reporter-output>
          </reporter-output>
        </test-method> <!-- getResult -->
        <test-method status="PASS" signature="afterTest()[pri:0, instance:Tour.Search_Tour@543e710e]" name="afterTest" is-config="true" duration-ms="2194" started-at="2018-09-17T18:48:19Z" finished-at="2018-09-17T18:48:21Z">
          <reporter-output>
          </reporter-output>
        </test-method> <!-- afterTest -->
      </class> <!-- Tour.Search_Tour -->
    </test> <!-- SupplierTest29 -->
  </suite> <!-- SupplierSuite -->
</testng-results>
